<?xml version="1.0" encoding="UTF-8"?>
<testsuite name="JUnit Vintage" tests="16" skipped="0" failures="0" errors="0" time="0.036" hostname="johcue-VirtualBox" timestamp="2024-11-30T13:29:55">
<properties>
[...]
</properties>
<testcase name="test07" classname="RegressionTest0" time="0">
<system-out><![CDATA[
unique-id: [engine:junit-vintage]/[runner:RegressionTest]/[test:RegressionTest0]/[test:test07(RegressionTest0)]
display-name: test07
]]></system-out>
</testcase>
<testcase name="test13" classname="RegressionTest0" time="0">
<system-out><![CDATA[
unique-id: [engine:junit-vintage]/[runner:RegressionTest]/[test:RegressionTest0]/[test:test13(RegressionTest0)]
display-name: test13
]]></system-out>
</testcase>
<testcase name="test15" classname="RegressionTest0" time="0">
<system-out><![CDATA[
unique-id: [engine:junit-vintage]/[runner:RegressionTest]/[test:RegressionTest0]/[test:test15(RegressionTest0)]
display-name: test15
]]></system-out>
</testcase>
<testcase name="test02" classname="RegressionTest0" time="0.006">
<system-out><![CDATA[
unique-id: [engine:junit-vintage]/[runner:RegressionTest]/[test:RegressionTest0]/[test:test02(RegressionTest0)]
display-name: test02
]]></system-out>
</testcase>
<testcase name="test05" classname="RegressionTest0" time="0">
<system-out><![CDATA[
unique-id: [engine:junit-vintage]/[runner:RegressionTest]/[test:RegressionTest0]/[test:test05(RegressionTest0)]
display-name: test05
]]></system-out>
</testcase>
<testcase name="test04" classname="RegressionTest0" time="0">
<system-out><![CDATA[
unique-id: [engine:junit-vintage]/[runner:RegressionTest]/[test:RegressionTest0]/[test:test04(RegressionTest0)]
display-name: test04
]]></system-out>
</testcase>
<testcase name="test16" classname="RegressionTest0" time="0">
<system-out><![CDATA[
unique-id: [engine:junit-vintage]/[runner:RegressionTest]/[test:RegressionTest0]/[test:test16(RegressionTest0)]
display-name: test16
]]></system-out>
</testcase>
<testcase name="test12" classname="RegressionTest0" time="0">
<system-out><![CDATA[
unique-id: [engine:junit-vintage]/[runner:RegressionTest]/[test:RegressionTest0]/[test:test12(RegressionTest0)]
display-name: test12
]]></system-out>
</testcase>
<testcase name="test10" classname="RegressionTest0" time="0">
<system-out><![CDATA[
unique-id: [engine:junit-vintage]/[runner:RegressionTest]/[test:RegressionTest0]/[test:test10(RegressionTest0)]
display-name: test10
]]></system-out>
</testcase>
<testcase name="test01" classname="RegressionTest0" time="0.001">
<system-out><![CDATA[
unique-id: [engine:junit-vintage]/[runner:RegressionTest]/[test:RegressionTest0]/[test:test01(RegressionTest0)]
display-name: test01
]]></system-out>
</testcase>
<testcase name="test08" classname="RegressionTest0" time="0">
<system-out><![CDATA[
unique-id: [engine:junit-vintage]/[runner:RegressionTest]/[test:RegressionTest0]/[test:test08(RegressionTest0)]
display-name: test08
]]></system-out>
</testcase>
<testcase name="test14" classname="RegressionTest0" time="0">
<system-out><![CDATA[
unique-id: [engine:junit-vintage]/[runner:RegressionTest]/[test:RegressionTest0]/[test:test14(RegressionTest0)]
display-name: test14
]]></system-out>
</testcase>
<testcase name="test06" classname="RegressionTest0" time="0.006">
<system-out><![CDATA[
unique-id: [engine:junit-vintage]/[runner:RegressionTest]/[test:RegressionTest0]/[test:test06(RegressionTest0)]
display-name: test06
]]></system-out>
</testcase>
<testcase name="test03" classname="RegressionTest0" time="0">
<system-out><![CDATA[
unique-id: [engine:junit-vintage]/[runner:RegressionTest]/[test:RegressionTest0]/[test:test03(RegressionTest0)]
display-name: test03
]]></system-out>
</testcase>
<testcase name="test11" classname="RegressionTest0" time="0">
<system-out><![CDATA[
unique-id: [engine:junit-vintage]/[runner:RegressionTest]/[test:RegressionTest0]/[test:test11(RegressionTest0)]
display-name: test11
]]></system-out>
</testcase>
<testcase name="test09" classname="RegressionTest0" time="0">
<system-out><![CDATA[
unique-id: [engine:junit-vintage]/[runner:RegressionTest]/[test:RegressionTest0]/[test:test09(RegressionTest0)]
display-name: test09
]]></system-out>
</testcase>
<system-out><![CDATA[
unique-id: [engine:junit-vintage]
display-name: JUnit Vintage
]]></system-out>
</testsuite>
