<?xml version="1.0" encoding="UTF-8"?>
<testsuite name="JUnit Vintage" tests="1080" skipped="0" failures="0" errors="0" time="0.424" hostname="johcue-VirtualBox" timestamp="2024-11-30T14:34:42">
<properties>
[...]
</properties>
<testcase name="test0717" classname="RegressionTest1" time="0">
<system-out><![CDATA[
unique-id: [engine:junit-vintage]/[runner:RegressionTest]/[test:RegressionTest1]/[test:test0717(RegressionTest1)]
display-name: test0717
]]></system-out>
</testcase>
<testcase name="test0091" classname="RegressionTest0" time="0">
<system-out><![CDATA[
unique-id: [engine:junit-vintage]/[runner:RegressionTest]/[test:RegressionTest0]/[test:test0091(RegressionTest0)]
display-name: test0091
]]></system-out>
</testcase>
<testcase name="test0162" classname="RegressionTest0" time="0">
<system-out><![CDATA[
unique-id: [engine:junit-vintage]/[runner:RegressionTest]/[test:RegressionTest0]/[test:test0162(RegressionTest0)]
display-name: test0162
]]></system-out>
</testcase>
<testcase name="test0646" classname="RegressionTest1" time="0">
<system-out><![CDATA[
unique-id: [engine:junit-vintage]/[runner:RegressionTest]/[test:RegressionTest1]/[test:test0646(RegressionTest1)]
display-name: test0646
]]></system-out>
</testcase>
<testcase name="test0396" classname="RegressionTest0" time="0">
<system-out><![CDATA[
unique-id: [engine:junit-vintage]/[runner:RegressionTest]/[test:RegressionTest0]/[test:test0396(RegressionTest0)]
display-name: test0396
]]></system-out>
</testcase>
<testcase name="test0432" classname="RegressionTest0" time="0">
<system-out><![CDATA[
unique-id: [engine:junit-vintage]/[runner:RegressionTest]/[test:RegressionTest0]/[test:test0432(RegressionTest0)]
display-name: test0432
]]></system-out>
</testcase>
<testcase name="test0014" classname="RegressionTest0" time="0">
<system-out><![CDATA[
unique-id: [engine:junit-vintage]/[runner:RegressionTest]/[test:RegressionTest0]/[test:test0014(RegressionTest0)]
display-name: test0014
]]></system-out>
</testcase>
<testcase name="test0830" classname="RegressionTest1" time="0">
<system-out><![CDATA[
unique-id: [engine:junit-vintage]/[runner:RegressionTest]/[test:RegressionTest1]/[test:test0830(RegressionTest1)]
display-name: test0830
]]></system-out>
</testcase>
<testcase name="test0304" classname="RegressionTest0" time="0">
<system-out><![CDATA[
unique-id: [engine:junit-vintage]/[runner:RegressionTest]/[test:RegressionTest0]/[test:test0304(RegressionTest0)]
display-name: test0304
]]></system-out>
</testcase>
<testcase name="test0361" classname="RegressionTest0" time="0">
<system-out><![CDATA[
unique-id: [engine:junit-vintage]/[runner:RegressionTest]/[test:RegressionTest0]/[test:test0361(RegressionTest0)]
display-name: test0361
]]></system-out>
</testcase>
<testcase name="test0540" classname="RegressionTest1" time="0">
<system-out><![CDATA[
unique-id: [engine:junit-vintage]/[runner:RegressionTest]/[test:RegressionTest1]/[test:test0540(RegressionTest1)]
display-name: test0540
]]></system-out>
</testcase>
<testcase name="test0518" classname="RegressionTest1" time="0">
<system-out><![CDATA[
unique-id: [engine:junit-vintage]/[runner:RegressionTest]/[test:RegressionTest1]/[test:test0518(RegressionTest1)]
display-name: test0518
]]></system-out>
</testcase>
<testcase name="test0901" classname="RegressionTest1" time="0">
<system-out><![CDATA[
unique-id: [engine:junit-vintage]/[runner:RegressionTest]/[test:RegressionTest1]/[test:test0901(RegressionTest1)]
display-name: test0901
]]></system-out>
</testcase>
<testcase name="test0865" classname="RegressionTest1" time="0">
<system-out><![CDATA[
unique-id: [engine:junit-vintage]/[runner:RegressionTest]/[test:RegressionTest1]/[test:test0865(RegressionTest1)]
display-name: test0865
]]></system-out>
</testcase>
<testcase name="test0339" classname="RegressionTest0" time="0.001">
<system-out><![CDATA[
unique-id: [engine:junit-vintage]/[runner:RegressionTest]/[test:RegressionTest0]/[test:test0339(RegressionTest0)]
display-name: test0339
]]></system-out>
</testcase>
<testcase name="test0774" classname="RegressionTest1" time="0">
<system-out><![CDATA[
unique-id: [engine:junit-vintage]/[runner:RegressionTest]/[test:RegressionTest1]/[test:test0774(RegressionTest1)]
display-name: test0774
]]></system-out>
</testcase>
<testcase name="test0177" classname="RegressionTest0" time="0">
<system-out><![CDATA[
unique-id: [engine:junit-vintage]/[runner:RegressionTest]/[test:RegressionTest0]/[test:test0177(RegressionTest0)]
display-name: test0177
]]></system-out>
</testcase>
<testcase name="test0560" classname="RegressionTest1" time="0">
<system-out><![CDATA[
unique-id: [engine:junit-vintage]/[runner:RegressionTest]/[test:RegressionTest1]/[test:test0560(RegressionTest1)]
display-name: test0560
]]></system-out>
</testcase>
<testcase name="test0105" classname="RegressionTest0" time="0">
<system-out><![CDATA[
unique-id: [engine:junit-vintage]/[runner:RegressionTest]/[test:RegressionTest0]/[test:test0105(RegressionTest0)]
display-name: test0105
]]></system-out>
</testcase>
<testcase name="test0666" classname="RegressionTest1" time="0">
<system-out><![CDATA[
unique-id: [engine:junit-vintage]/[runner:RegressionTest]/[test:RegressionTest1]/[test:test0666(RegressionTest1)]
display-name: test0666
]]></system-out>
</testcase>
<testcase name="test0845" classname="RegressionTest1" time="0">
<system-out><![CDATA[
unique-id: [engine:junit-vintage]/[runner:RegressionTest]/[test:RegressionTest1]/[test:test0845(RegressionTest1)]
display-name: test0845
]]></system-out>
</testcase>
<testcase name="test0290" classname="RegressionTest0" time="0.001">
<system-out><![CDATA[
unique-id: [engine:junit-vintage]/[runner:RegressionTest]/[test:RegressionTest0]/[test:test0290(RegressionTest0)]
display-name: test0290
]]></system-out>
</testcase>
<testcase name="test0794" classname="RegressionTest1" time="0">
<system-out><![CDATA[
unique-id: [engine:junit-vintage]/[runner:RegressionTest]/[test:RegressionTest1]/[test:test0794(RegressionTest1)]
display-name: test0794
]]></system-out>
</testcase>
<testcase name="test0916" classname="RegressionTest1" time="0">
<system-out><![CDATA[
unique-id: [engine:junit-vintage]/[runner:RegressionTest]/[test:RegressionTest1]/[test:test0916(RegressionTest1)]
display-name: test0916
]]></system-out>
</testcase>
<testcase name="test0049" classname="RegressionTest0" time="0">
<system-out><![CDATA[
unique-id: [engine:junit-vintage]/[runner:RegressionTest]/[test:RegressionTest0]/[test:test0049(RegressionTest0)]
display-name: test0049
]]></system-out>
</testcase>
<testcase name="test0233" classname="RegressionTest0" time="0">
<system-out><![CDATA[
unique-id: [engine:junit-vintage]/[runner:RegressionTest]/[test:RegressionTest0]/[test:test0233(RegressionTest0)]
display-name: test0233
]]></system-out>
</testcase>
<testcase name="test1043" classname="RegressionTest2" time="0">
<system-out><![CDATA[
unique-id: [engine:junit-vintage]/[runner:RegressionTest]/[test:RegressionTest2]/[test:test1043(RegressionTest2)]
display-name: test1043
]]></system-out>
</testcase>
<testcase name="test0611" classname="RegressionTest1" time="0">
<system-out><![CDATA[
unique-id: [engine:junit-vintage]/[runner:RegressionTest]/[test:RegressionTest1]/[test:test0611(RegressionTest1)]
display-name: test0611
]]></system-out>
</testcase>
<testcase name="test0467" classname="RegressionTest0" time="0">
<system-out><![CDATA[
unique-id: [engine:junit-vintage]/[runner:RegressionTest]/[test:RegressionTest0]/[test:test0467(RegressionTest0)]
display-name: test0467
]]></system-out>
</testcase>
<testcase name="test0850" classname="RegressionTest1" time="0">
<system-out><![CDATA[
unique-id: [engine:junit-vintage]/[runner:RegressionTest]/[test:RegressionTest1]/[test:test0850(RegressionTest1)]
display-name: test0850
]]></system-out>
</testcase>
<testcase name="test0737" classname="RegressionTest1" time="0">
<system-out><![CDATA[
unique-id: [engine:junit-vintage]/[runner:RegressionTest]/[test:RegressionTest1]/[test:test0737(RegressionTest1)]
display-name: test0737
]]></system-out>
</testcase>
<testcase name="test0520" classname="RegressionTest1" time="0">
<system-out><![CDATA[
unique-id: [engine:junit-vintage]/[runner:RegressionTest]/[test:RegressionTest1]/[test:test0520(RegressionTest1)]
display-name: test0520
]]></system-out>
</testcase>
<testcase name="test1080" classname="RegressionTest2" time="0">
<system-out><![CDATA[
unique-id: [engine:junit-vintage]/[runner:RegressionTest]/[test:RegressionTest2]/[test:test1080(RegressionTest2)]
display-name: test1080
]]></system-out>
</testcase>
<testcase name="test0503" classname="RegressionTest1" time="0">
<system-out><![CDATA[
unique-id: [engine:junit-vintage]/[runner:RegressionTest]/[test:RegressionTest1]/[test:test0503(RegressionTest1)]
display-name: test0503
]]></system-out>
</testcase>
<testcase name="test0270" classname="RegressionTest0" time="0.002">
<system-out><![CDATA[
unique-id: [engine:junit-vintage]/[runner:RegressionTest]/[test:RegressionTest0]/[test:test0270(RegressionTest0)]
display-name: test0270
]]></system-out>
</testcase>
<testcase name="test0885" classname="RegressionTest1" time="0">
<system-out><![CDATA[
unique-id: [engine:junit-vintage]/[runner:RegressionTest]/[test:RegressionTest1]/[test:test0885(RegressionTest1)]
display-name: test0885
]]></system-out>
</testcase>
<testcase name="test0288" classname="RegressionTest0" time="0">
<system-out><![CDATA[
unique-id: [engine:junit-vintage]/[runner:RegressionTest]/[test:RegressionTest0]/[test:test0288(RegressionTest0)]
display-name: test0288
]]></system-out>
</testcase>
<testcase name="test0359" classname="RegressionTest0" time="0">
<system-out><![CDATA[
unique-id: [engine:junit-vintage]/[runner:RegressionTest]/[test:RegressionTest0]/[test:test0359(RegressionTest0)]
display-name: test0359
]]></system-out>
</testcase>
<testcase name="test0029" classname="RegressionTest0" time="0">
<system-out><![CDATA[
unique-id: [engine:junit-vintage]/[runner:RegressionTest]/[test:RegressionTest0]/[test:test0029(RegressionTest0)]
display-name: test0029
]]></system-out>
</testcase>
<testcase name="test1063" classname="RegressionTest2" time="0">
<system-out><![CDATA[
unique-id: [engine:junit-vintage]/[runner:RegressionTest]/[test:RegressionTest2]/[test:test1063(RegressionTest2)]
display-name: test1063
]]></system-out>
</testcase>
<testcase name="test0253" classname="RegressionTest0" time="0">
<system-out><![CDATA[
unique-id: [engine:junit-vintage]/[runner:RegressionTest]/[test:RegressionTest0]/[test:test0253(RegressionTest0)]
display-name: test0253
]]></system-out>
</testcase>
<testcase name="test0538" classname="RegressionTest1" time="0">
<system-out><![CDATA[
unique-id: [engine:junit-vintage]/[runner:RegressionTest]/[test:RegressionTest1]/[test:test0538(RegressionTest1)]
display-name: test0538
]]></system-out>
</testcase>
<testcase name="test0157" classname="RegressionTest0" time="0">
<system-out><![CDATA[
unique-id: [engine:junit-vintage]/[runner:RegressionTest]/[test:RegressionTest0]/[test:test0157(RegressionTest0)]
display-name: test0157
]]></system-out>
</testcase>
<testcase name="test0626" classname="RegressionTest1" time="0">
<system-out><![CDATA[
unique-id: [engine:junit-vintage]/[runner:RegressionTest]/[test:RegressionTest1]/[test:test0626(RegressionTest1)]
display-name: test0626
]]></system-out>
</testcase>
<testcase name="test0973" classname="RegressionTest1" time="0">
<system-out><![CDATA[
unique-id: [engine:junit-vintage]/[runner:RegressionTest]/[test:RegressionTest1]/[test:test0973(RegressionTest1)]
display-name: test0973
]]></system-out>
</testcase>
<testcase name="test0487" classname="RegressionTest0" time="0">
<system-out><![CDATA[
unique-id: [engine:junit-vintage]/[runner:RegressionTest]/[test:RegressionTest0]/[test:test0487(RegressionTest0)]
display-name: test0487
]]></system-out>
</testcase>
<testcase name="test0122" classname="RegressionTest0" time="0">
<system-out><![CDATA[
unique-id: [engine:junit-vintage]/[runner:RegressionTest]/[test:RegressionTest0]/[test:test0122(RegressionTest0)]
display-name: test0122
]]></system-out>
</testcase>
<testcase name="test0248" classname="RegressionTest0" time="0">
<system-out><![CDATA[
unique-id: [engine:junit-vintage]/[runner:RegressionTest]/[test:RegressionTest0]/[test:test0248(RegressionTest0)]
display-name: test0248
]]></system-out>
</testcase>
<testcase name="test0381" classname="RegressionTest0" time="0">
<system-out><![CDATA[
unique-id: [engine:junit-vintage]/[runner:RegressionTest]/[test:RegressionTest0]/[test:test0381(RegressionTest0)]
display-name: test0381
]]></system-out>
</testcase>
<testcase name="test0757" classname="RegressionTest1" time="0">
<system-out><![CDATA[
unique-id: [engine:junit-vintage]/[runner:RegressionTest]/[test:RegressionTest1]/[test:test0757(RegressionTest1)]
display-name: test0757
]]></system-out>
</testcase>
<testcase name="test0034" classname="RegressionTest0" time="0">
<system-out><![CDATA[
unique-id: [engine:junit-vintage]/[runner:RegressionTest]/[test:RegressionTest0]/[test:test0034(RegressionTest0)]
display-name: test0034
]]></system-out>
</testcase>
<testcase name="test0631" classname="RegressionTest1" time="0">
<system-out><![CDATA[
unique-id: [engine:junit-vintage]/[runner:RegressionTest]/[test:RegressionTest1]/[test:test0631(RegressionTest1)]
display-name: test0631
]]></system-out>
</testcase>
<testcase name="test0882" classname="RegressionTest1" time="0">
<system-out><![CDATA[
unique-id: [engine:junit-vintage]/[runner:RegressionTest]/[test:RegressionTest1]/[test:test0882(RegressionTest1)]
display-name: test0882
]]></system-out>
</testcase>
<testcase name="test1058" classname="RegressionTest2" time="0">
<system-out><![CDATA[
unique-id: [engine:junit-vintage]/[runner:RegressionTest]/[test:RegressionTest2]/[test:test1058(RegressionTest2)]
display-name: test1058
]]></system-out>
</testcase>
<testcase name="test0273" classname="RegressionTest0" time="0">
<system-out><![CDATA[
unique-id: [engine:junit-vintage]/[runner:RegressionTest]/[test:RegressionTest0]/[test:test0273(RegressionTest0)]
display-name: test0273
]]></system-out>
</testcase>
<testcase name="test0142" classname="RegressionTest0" time="0">
<system-out><![CDATA[
unique-id: [engine:junit-vintage]/[runner:RegressionTest]/[test:RegressionTest0]/[test:test0142(RegressionTest0)]
display-name: test0142
]]></system-out>
</testcase>
<testcase name="test0988" classname="RegressionTest1" time="0">
<system-out><![CDATA[
unique-id: [engine:junit-vintage]/[runner:RegressionTest]/[test:RegressionTest1]/[test:test0988(RegressionTest1)]
display-name: test0988
]]></system-out>
</testcase>
<testcase name="test0523" classname="RegressionTest1" time="0">
<system-out><![CDATA[
unique-id: [engine:junit-vintage]/[runner:RegressionTest]/[test:RegressionTest1]/[test:test0523(RegressionTest1)]
display-name: test0523
]]></system-out>
</testcase>
<testcase name="test0250" classname="RegressionTest0" time="0">
<system-out><![CDATA[
unique-id: [engine:junit-vintage]/[runner:RegressionTest]/[test:RegressionTest0]/[test:test0250(RegressionTest0)]
display-name: test0250
]]></system-out>
</testcase>
<testcase name="test0268" classname="RegressionTest0" time="0.003">
<system-out><![CDATA[
unique-id: [engine:junit-vintage]/[runner:RegressionTest]/[test:RegressionTest0]/[test:test0268(RegressionTest0)]
display-name: test0268
]]></system-out>
</testcase>
<testcase name="test0379" classname="RegressionTest0" time="0">
<system-out><![CDATA[
unique-id: [engine:junit-vintage]/[runner:RegressionTest]/[test:RegressionTest0]/[test:test0379(RegressionTest0)]
display-name: test0379
]]></system-out>
</testcase>
<testcase name="test0651" classname="RegressionTest1" time="0">
<system-out><![CDATA[
unique-id: [engine:junit-vintage]/[runner:RegressionTest]/[test:RegressionTest1]/[test:test0651(RegressionTest1)]
display-name: test0651
]]></system-out>
</testcase>
<testcase name="test1060" classname="RegressionTest2" time="0">
<system-out><![CDATA[
unique-id: [engine:junit-vintage]/[runner:RegressionTest]/[test:RegressionTest2]/[test:test1060(RegressionTest2)]
display-name: test1060
]]></system-out>
</testcase>
<testcase name="test1078" classname="RegressionTest2" time="0">
<system-out><![CDATA[
unique-id: [engine:junit-vintage]/[runner:RegressionTest]/[test:RegressionTest2]/[test:test1078(RegressionTest2)]
display-name: test1078
]]></system-out>
</testcase>
<testcase name="test0754" classname="RegressionTest1" time="0">
<system-out><![CDATA[
unique-id: [engine:junit-vintage]/[runner:RegressionTest]/[test:RegressionTest1]/[test:test0754(RegressionTest1)]
display-name: test0754
]]></system-out>
</testcase>
<testcase name="test0376" classname="RegressionTest0" time="0">
<system-out><![CDATA[
unique-id: [engine:junit-vintage]/[runner:RegressionTest]/[test:RegressionTest0]/[test:test0376(RegressionTest0)]
display-name: test0376
]]></system-out>
</testcase>
<testcase name="test0993" classname="RegressionTest1" time="0">
<system-out><![CDATA[
unique-id: [engine:junit-vintage]/[runner:RegressionTest]/[test:RegressionTest1]/[test:test0993(RegressionTest1)]
display-name: test0993
]]></system-out>
</testcase>
<testcase name="test0102" classname="RegressionTest0" time="0">
<system-out><![CDATA[
unique-id: [engine:junit-vintage]/[runner:RegressionTest]/[test:RegressionTest0]/[test:test0102(RegressionTest0)]
display-name: test0102
]]></system-out>
</testcase>
<testcase name="test0216" classname="RegressionTest0" time="0">
<system-out><![CDATA[
unique-id: [engine:junit-vintage]/[runner:RegressionTest]/[test:RegressionTest0]/[test:test0216(RegressionTest0)]
display-name: test0216
]]></system-out>
</testcase>
<testcase name="test1026" classname="RegressionTest2" time="0">
<system-out><![CDATA[
unique-id: [engine:junit-vintage]/[runner:RegressionTest]/[test:RegressionTest2]/[test:test1026(RegressionTest2)]
display-name: test1026
]]></system-out>
</testcase>
<testcase name="test0145" classname="RegressionTest0" time="0">
<system-out><![CDATA[
unique-id: [engine:junit-vintage]/[runner:RegressionTest]/[test:RegressionTest0]/[test:test0145(RegressionTest0)]
display-name: test0145
]]></system-out>
</testcase>
<testcase name="test0742" classname="RegressionTest1" time="0">
<system-out><![CDATA[
unique-id: [engine:junit-vintage]/[runner:RegressionTest]/[test:RegressionTest1]/[test:test0742(RegressionTest1)]
display-name: test0742
]]></system-out>
</testcase>
<testcase name="test0110" classname="RegressionTest0" time="0">
<system-out><![CDATA[
unique-id: [engine:junit-vintage]/[runner:RegressionTest]/[test:RegressionTest0]/[test:test0110(RegressionTest0)]
display-name: test0110
]]></system-out>
</testcase>
<testcase name="test0208" classname="RegressionTest0" time="0">
<system-out><![CDATA[
unique-id: [engine:junit-vintage]/[runner:RegressionTest]/[test:RegressionTest0]/[test:test0208(RegressionTest0)]
display-name: test0208
]]></system-out>
</testcase>
<testcase name="test1018" classname="RegressionTest2" time="0">
<system-out><![CDATA[
unique-id: [engine:junit-vintage]/[runner:RegressionTest]/[test:RegressionTest2]/[test:test1018(RegressionTest2)]
display-name: test1018
]]></system-out>
</testcase>
<testcase name="test0734" classname="RegressionTest1" time="0.001">
<system-out><![CDATA[
unique-id: [engine:junit-vintage]/[runner:RegressionTest]/[test:RegressionTest1]/[test:test0734(RegressionTest1)]
display-name: test0734
]]></system-out>
</testcase>
<testcase name="test0848" classname="RegressionTest1" time="0">
<system-out><![CDATA[
unique-id: [engine:junit-vintage]/[runner:RegressionTest]/[test:RegressionTest1]/[test:test0848(RegressionTest1)]
display-name: test0848
]]></system-out>
</testcase>
<testcase name="test0543" classname="RegressionTest1" time="0">
<system-out><![CDATA[
unique-id: [engine:junit-vintage]/[runner:RegressionTest]/[test:RegressionTest1]/[test:test0543(RegressionTest1)]
display-name: test0543
]]></system-out>
</testcase>
<testcase name="test0813" classname="RegressionTest1" time="0">
<system-out><![CDATA[
unique-id: [engine:junit-vintage]/[runner:RegressionTest]/[test:RegressionTest1]/[test:test0813(RegressionTest1)]
display-name: test0813
]]></system-out>
</testcase>
<testcase name="test0265" classname="RegressionTest0" time="0">
<system-out><![CDATA[
unique-id: [engine:junit-vintage]/[runner:RegressionTest]/[test:RegressionTest0]/[test:test0265(RegressionTest0)]
display-name: test0265
]]></system-out>
</testcase>
<testcase name="test1075" classname="RegressionTest2" time="0">
<system-out><![CDATA[
unique-id: [engine:junit-vintage]/[runner:RegressionTest]/[test:RegressionTest2]/[test:test1075(RegressionTest2)]
display-name: test1075
]]></system-out>
</testcase>
<testcase name="test0535" classname="RegressionTest1" time="0">
<system-out><![CDATA[
unique-id: [engine:junit-vintage]/[runner:RegressionTest]/[test:RegressionTest1]/[test:test0535(RegressionTest1)]
display-name: test0535
]]></system-out>
</testcase>
<testcase name="test0578" classname="RegressionTest1" time="0">
<system-out><![CDATA[
unique-id: [engine:junit-vintage]/[runner:RegressionTest]/[test:RegressionTest1]/[test:test0578(RegressionTest1)]
display-name: test0578
]]></system-out>
</testcase>
<testcase name="test0805" classname="RegressionTest1" time="0">
<system-out><![CDATA[
unique-id: [engine:junit-vintage]/[runner:RegressionTest]/[test:RegressionTest1]/[test:test0805(RegressionTest1)]
display-name: test0805
]]></system-out>
</testcase>
<testcase name="test0961" classname="RegressionTest1" time="0">
<system-out><![CDATA[
unique-id: [engine:junit-vintage]/[runner:RegressionTest]/[test:RegressionTest1]/[test:test0961(RegressionTest1)]
display-name: test0961
]]></system-out>
</testcase>
<testcase name="test0791" classname="RegressionTest1" time="0">
<system-out><![CDATA[
unique-id: [engine:junit-vintage]/[runner:RegressionTest]/[test:RegressionTest1]/[test:test0791(RegressionTest1)]
display-name: test0791
]]></system-out>
</testcase>
<testcase name="test0953" classname="RegressionTest1" time="0">
<system-out><![CDATA[
unique-id: [engine:junit-vintage]/[runner:RegressionTest]/[test:RegressionTest1]/[test:test0953(RegressionTest1)]
display-name: test0953
]]></system-out>
</testcase>
<testcase name="test0356" classname="RegressionTest0" time="0">
<system-out><![CDATA[
unique-id: [engine:junit-vintage]/[runner:RegressionTest]/[test:RegressionTest0]/[test:test0356(RegressionTest0)]
display-name: test0356
]]></system-out>
</testcase>
<testcase name="test0364" classname="RegressionTest0" time="0">
<system-out><![CDATA[
unique-id: [engine:junit-vintage]/[runner:RegressionTest]/[test:RegressionTest0]/[test:test0364(RegressionTest0)]
display-name: test0364
]]></system-out>
</testcase>
<testcase name="test0919" classname="RegressionTest1" time="0">
<system-out><![CDATA[
unique-id: [engine:junit-vintage]/[runner:RegressionTest]/[test:RegressionTest1]/[test:test0919(RegressionTest1)]
display-name: test0919
]]></system-out>
</testcase>
<testcase name="test0051" classname="RegressionTest0" time="0">
<system-out><![CDATA[
unique-id: [engine:junit-vintage]/[runner:RegressionTest]/[test:RegressionTest0]/[test:test0051(RegressionTest0)]
display-name: test0051
]]></system-out>
</testcase>
<testcase name="test0464" classname="RegressionTest0" time="0">
<system-out><![CDATA[
unique-id: [engine:junit-vintage]/[runner:RegressionTest]/[test:RegressionTest0]/[test:test0464(RegressionTest0)]
display-name: test0464
]]></system-out>
</testcase>
<testcase name="test0629" classname="RegressionTest1" time="0">
<system-out><![CDATA[
unique-id: [engine:junit-vintage]/[runner:RegressionTest]/[test:RegressionTest1]/[test:test0629(RegressionTest1)]
display-name: test0629
]]></system-out>
</testcase>
<testcase name="test0897" classname="RegressionTest1" time="0">
<system-out><![CDATA[
unique-id: [engine:junit-vintage]/[runner:RegressionTest]/[test:RegressionTest1]/[test:test0897(RegressionTest1)]
display-name: test0897
]]></system-out>
</testcase>
<testcase name="test0046" classname="RegressionTest0" time="0">
<system-out><![CDATA[
unique-id: [engine:junit-vintage]/[runner:RegressionTest]/[test:RegressionTest0]/[test:test0046(RegressionTest0)]
display-name: test0046
]]></system-out>
</testcase>
<testcase name="test0472" classname="RegressionTest0" time="0">
<system-out><![CDATA[
unique-id: [engine:junit-vintage]/[runner:RegressionTest]/[test:RegressionTest0]/[test:test0472(RegressionTest0)]
display-name: test0472
]]></system-out>
</testcase>
<testcase name="test0789" classname="RegressionTest1" time="0">
<system-out><![CDATA[
unique-id: [engine:junit-vintage]/[runner:RegressionTest]/[test:RegressionTest1]/[test:test0789(RegressionTest1)]
display-name: test0789
]]></system-out>
</testcase>
<testcase name="test0797" classname="RegressionTest1" time="0">
<system-out><![CDATA[
unique-id: [engine:junit-vintage]/[runner:RegressionTest]/[test:RegressionTest1]/[test:test0797(RegressionTest1)]
display-name: test0797
]]></system-out>
</testcase>
<testcase name="test0054" classname="RegressionTest0" time="0">
<system-out><![CDATA[
unique-id: [engine:junit-vintage]/[runner:RegressionTest]/[test:RegressionTest0]/[test:test0054(RegressionTest0)]
display-name: test0054
]]></system-out>
</testcase>
<testcase name="test0002" classname="RegressionTest0" time="0.003">
<system-out><![CDATA[
unique-id: [engine:junit-vintage]/[runner:RegressionTest]/[test:RegressionTest0]/[test:test0002(RegressionTest0)]
display-name: test0002
]]></system-out>
</testcase>
<testcase name="test0316" classname="RegressionTest0" time="0">
<system-out><![CDATA[
unique-id: [engine:junit-vintage]/[runner:RegressionTest]/[test:RegressionTest0]/[test:test0316(RegressionTest0)]
display-name: test0316
]]></system-out>
</testcase>
<testcase name="test0913" classname="RegressionTest1" time="0">
<system-out><![CDATA[
unique-id: [engine:junit-vintage]/[runner:RegressionTest]/[test:RegressionTest1]/[test:test0913(RegressionTest1)]
display-name: test0913
]]></system-out>
</testcase>
<testcase name="test0108" classname="RegressionTest0" time="0">
<system-out><![CDATA[
unique-id: [engine:junit-vintage]/[runner:RegressionTest]/[test:RegressionTest0]/[test:test0108(RegressionTest0)]
display-name: test0108
]]></system-out>
</testcase>
<testcase name="test0921" classname="RegressionTest1" time="0">
<system-out><![CDATA[
unique-id: [engine:junit-vintage]/[runner:RegressionTest]/[test:RegressionTest1]/[test:test0921(RegressionTest1)]
display-name: test0921
]]></system-out>
</testcase>
<testcase name="test0210" classname="RegressionTest0" time="0">
<system-out><![CDATA[
unique-id: [engine:junit-vintage]/[runner:RegressionTest]/[test:RegressionTest0]/[test:test0210(RegressionTest0)]
display-name: test0210
]]></system-out>
</testcase>
<testcase name="test1020" classname="RegressionTest2" time="0">
<system-out><![CDATA[
unique-id: [engine:junit-vintage]/[runner:RegressionTest]/[test:RegressionTest2]/[test:test1020(RegressionTest2)]
display-name: test1020
]]></system-out>
</testcase>
<testcase name="test0808" classname="RegressionTest1" time="0">
<system-out><![CDATA[
unique-id: [engine:junit-vintage]/[runner:RegressionTest]/[test:RegressionTest1]/[test:test0808(RegressionTest1)]
display-name: test0808
]]></system-out>
</testcase>
<testcase name="test0705" classname="RegressionTest1" time="0">
<system-out><![CDATA[
unique-id: [engine:junit-vintage]/[runner:RegressionTest]/[test:RegressionTest1]/[test:test0705(RegressionTest1)]
display-name: test0705
]]></system-out>
</testcase>
<testcase name="test0683" classname="RegressionTest1" time="0">
<system-out><![CDATA[
unique-id: [engine:junit-vintage]/[runner:RegressionTest]/[test:RegressionTest1]/[test:test0683(RegressionTest1)]
display-name: test0683
]]></system-out>
</testcase>
<testcase name="test0686" classname="RegressionTest1" time="0">
<system-out><![CDATA[
unique-id: [engine:junit-vintage]/[runner:RegressionTest]/[test:RegressionTest1]/[test:test0686(RegressionTest1)]
display-name: test0686
]]></system-out>
</testcase>
<testcase name="test0956" classname="RegressionTest1" time="0">
<system-out><![CDATA[
unique-id: [engine:junit-vintage]/[runner:RegressionTest]/[test:RegressionTest1]/[test:test0956(RegressionTest1)]
display-name: test0956
]]></system-out>
</testcase>
<testcase name="test0086" classname="RegressionTest0" time="0">
<system-out><![CDATA[
unique-id: [engine:junit-vintage]/[runner:RegressionTest]/[test:RegressionTest0]/[test:test0086(RegressionTest0)]
display-name: test0086
]]></system-out>
</testcase>
<testcase name="test0678" classname="RegressionTest1" time="0">
<system-out><![CDATA[
unique-id: [engine:junit-vintage]/[runner:RegressionTest]/[test:RegressionTest1]/[test:test0678(RegressionTest1)]
display-name: test0678
]]></system-out>
</testcase>
<testcase name="test0948" classname="RegressionTest1" time="0">
<system-out><![CDATA[
unique-id: [engine:junit-vintage]/[runner:RegressionTest]/[test:RegressionTest1]/[test:test0948(RegressionTest1)]
display-name: test0948
]]></system-out>
</testcase>
<testcase name="test0691" classname="RegressionTest1" time="0">
<system-out><![CDATA[
unique-id: [engine:junit-vintage]/[runner:RegressionTest]/[test:RegressionTest1]/[test:test0691(RegressionTest1)]
display-name: test0691
]]></system-out>
</testcase>
<testcase name="test0435" classname="RegressionTest0" time="0">
<system-out><![CDATA[
unique-id: [engine:junit-vintage]/[runner:RegressionTest]/[test:RegressionTest0]/[test:test0435(RegressionTest0)]
display-name: test0435
]]></system-out>
</testcase>
<testcase name="test0427" classname="RegressionTest0" time="0">
<system-out><![CDATA[
unique-id: [engine:junit-vintage]/[runner:RegressionTest]/[test:RegressionTest0]/[test:test0427(RegressionTest0)]
display-name: test0427
]]></system-out>
</testcase>
<testcase name="test0810" classname="RegressionTest1" time="0">
<system-out><![CDATA[
unique-id: [engine:junit-vintage]/[runner:RegressionTest]/[test:RegressionTest1]/[test:test0810(RegressionTest1)]
display-name: test0810
]]></system-out>
</testcase>
<testcase name="test0213" classname="RegressionTest0" time="0">
<system-out><![CDATA[
unique-id: [engine:junit-vintage]/[runner:RegressionTest]/[test:RegressionTest0]/[test:test0213(RegressionTest0)]
display-name: test0213
]]></system-out>
</testcase>
<testcase name="test1023" classname="RegressionTest2" time="0">
<system-out><![CDATA[
unique-id: [engine:junit-vintage]/[runner:RegressionTest]/[test:RegressionTest2]/[test:test1023(RegressionTest2)]
display-name: test1023
]]></system-out>
</testcase>
<testcase name="test0221" classname="RegressionTest0" time="0">
<system-out><![CDATA[
unique-id: [engine:junit-vintage]/[runner:RegressionTest]/[test:RegressionTest0]/[test:test0221(RegressionTest0)]
display-name: test0221
]]></system-out>
</testcase>
<testcase name="test0319" classname="RegressionTest0" time="0">
<system-out><![CDATA[
unique-id: [engine:junit-vintage]/[runner:RegressionTest]/[test:RegressionTest0]/[test:test0319(RegressionTest0)]
display-name: test0319
]]></system-out>
</testcase>
<testcase name="test0702" classname="RegressionTest1" time="0">
<system-out><![CDATA[
unique-id: [engine:junit-vintage]/[runner:RegressionTest]/[test:RegressionTest1]/[test:test0702(RegressionTest1)]
display-name: test0702
]]></system-out>
</testcase>
<testcase name="test1031" classname="RegressionTest2" time="0">
<system-out><![CDATA[
unique-id: [engine:junit-vintage]/[runner:RegressionTest]/[test:RegressionTest2]/[test:test1031(RegressionTest2)]
display-name: test1031
]]></system-out>
</testcase>
<testcase name="test0327" classname="RegressionTest0" time="0">
<system-out><![CDATA[
unique-id: [engine:junit-vintage]/[runner:RegressionTest]/[test:RegressionTest0]/[test:test0327(RegressionTest0)]
display-name: test0327
]]></system-out>
</testcase>
<testcase name="test0094" classname="RegressionTest0" time="0">
<system-out><![CDATA[
unique-id: [engine:junit-vintage]/[runner:RegressionTest]/[test:RegressionTest0]/[test:test0094(RegressionTest0)]
display-name: test0094
]]></system-out>
</testcase>
<testcase name="test0194" classname="RegressionTest0" time="0">
<system-out><![CDATA[
unique-id: [engine:junit-vintage]/[runner:RegressionTest]/[test:RegressionTest0]/[test:test0194(RegressionTest0)]
display-name: test0194
]]></system-out>
</testcase>
<testcase name="test0321" classname="RegressionTest0" time="0">
<system-out><![CDATA[
unique-id: [engine:junit-vintage]/[runner:RegressionTest]/[test:RegressionTest0]/[test:test0321(RegressionTest0)]
display-name: test0321
]]></system-out>
</testcase>
<testcase name="test0089" classname="RegressionTest0" time="0">
<system-out><![CDATA[
unique-id: [engine:junit-vintage]/[runner:RegressionTest]/[test:RegressionTest0]/[test:test0089(RegressionTest0)]
display-name: test0089
]]></system-out>
</testcase>
<testcase name="test0959" classname="RegressionTest1" time="0">
<system-out><![CDATA[
unique-id: [engine:junit-vintage]/[runner:RegressionTest]/[test:RegressionTest1]/[test:test0959(RegressionTest1)]
display-name: test0959
]]></system-out>
</testcase>
<testcase name="test0575" classname="RegressionTest1" time="0">
<system-out><![CDATA[
unique-id: [engine:junit-vintage]/[runner:RegressionTest]/[test:RegressionTest1]/[test:test0575(RegressionTest1)]
display-name: test0575
]]></system-out>
</testcase>
<testcase name="test0189" classname="RegressionTest0" time="0">
<system-out><![CDATA[
unique-id: [engine:junit-vintage]/[runner:RegressionTest]/[test:RegressionTest0]/[test:test0189(RegressionTest0)]
display-name: test0189
]]></system-out>
</testcase>
<testcase name="test0572" classname="RegressionTest1" time="0">
<system-out><![CDATA[
unique-id: [engine:junit-vintage]/[runner:RegressionTest]/[test:RegressionTest1]/[test:test0572(RegressionTest1)]
display-name: test0572
]]></system-out>
</testcase>
<testcase name="test0197" classname="RegressionTest0" time="0">
<system-out><![CDATA[
unique-id: [engine:junit-vintage]/[runner:RegressionTest]/[test:RegressionTest0]/[test:test0197(RegressionTest0)]
display-name: test0197
]]></system-out>
</testcase>
<testcase name="test0580" classname="RegressionTest1" time="0">
<system-out><![CDATA[
unique-id: [engine:junit-vintage]/[runner:RegressionTest]/[test:RegressionTest1]/[test:test0580(RegressionTest1)]
display-name: test0580
]]></system-out>
</testcase>
<testcase name="test0680" classname="RegressionTest1" time="0">
<system-out><![CDATA[
unique-id: [engine:junit-vintage]/[runner:RegressionTest]/[test:RegressionTest1]/[test:test0680(RegressionTest1)]
display-name: test0680
]]></system-out>
</testcase>
<testcase name="test0324" classname="RegressionTest0" time="0">
<system-out><![CDATA[
unique-id: [engine:junit-vintage]/[runner:RegressionTest]/[test:RegressionTest0]/[test:test0324(RegressionTest0)]
display-name: test0324
]]></system-out>
</testcase>
<testcase name="test0459" classname="RegressionTest0" time="0">
<system-out><![CDATA[
unique-id: [engine:junit-vintage]/[runner:RegressionTest]/[test:RegressionTest0]/[test:test0459(RegressionTest0)]
display-name: test0459
]]></system-out>
</testcase>
<testcase name="test0689" classname="RegressionTest1" time="0">
<system-out><![CDATA[
unique-id: [engine:junit-vintage]/[runner:RegressionTest]/[test:RegressionTest1]/[test:test0689(RegressionTest1)]
display-name: test0689
]]></system-out>
</testcase>
<testcase name="test0475" classname="RegressionTest0" time="0">
<system-out><![CDATA[
unique-id: [engine:junit-vintage]/[runner:RegressionTest]/[test:RegressionTest0]/[test:test0475(RegressionTest0)]
display-name: test0475
]]></system-out>
</testcase>
<testcase name="test0225" classname="RegressionTest0" time="0">
<system-out><![CDATA[
unique-id: [engine:junit-vintage]/[runner:RegressionTest]/[test:RegressionTest0]/[test:test0225(RegressionTest0)]
display-name: test0225
]]></system-out>
</testcase>
<testcase name="test0638" classname="RegressionTest1" time="0">
<system-out><![CDATA[
unique-id: [engine:junit-vintage]/[runner:RegressionTest]/[test:RegressionTest1]/[test:test0638(RegressionTest1)]
display-name: test0638
]]></system-out>
</testcase>
<testcase name="test0908" classname="RegressionTest1" time="0">
<system-out><![CDATA[
unique-id: [engine:junit-vintage]/[runner:RegressionTest]/[test:RegressionTest1]/[test:test0908(RegressionTest1)]
display-name: test0908
]]></system-out>
</testcase>
<testcase name="test0526" classname="RegressionTest1" time="0">
<system-out><![CDATA[
unique-id: [engine:junit-vintage]/[runner:RegressionTest]/[test:RegressionTest1]/[test:test0526(RegressionTest1)]
display-name: test0526
]]></system-out>
</testcase>
<testcase name="test0282" classname="RegressionTest0" time="0">
<system-out><![CDATA[
unique-id: [engine:junit-vintage]/[runner:RegressionTest]/[test:RegressionTest0]/[test:test0282(RegressionTest0)]
display-name: test0282
]]></system-out>
</testcase>
<testcase name="test0873" classname="RegressionTest1" time="0">
<system-out><![CDATA[
unique-id: [engine:junit-vintage]/[runner:RegressionTest]/[test:RegressionTest1]/[test:test0873(RegressionTest1)]
display-name: test0873
]]></system-out>
</testcase>
<testcase name="test0057" classname="RegressionTest0" time="0">
<system-out><![CDATA[
unique-id: [engine:junit-vintage]/[runner:RegressionTest]/[test:RegressionTest0]/[test:test0057(RegressionTest0)]
display-name: test0057
]]></system-out>
</testcase>
<testcase name="test0418" classname="RegressionTest0" time="0">
<system-out><![CDATA[
unique-id: [engine:junit-vintage]/[runner:RegressionTest]/[test:RegressionTest0]/[test:test0418(RegressionTest0)]
display-name: test0418
]]></system-out>
</testcase>
<testcase name="test0022" classname="RegressionTest0" time="0">
<system-out><![CDATA[
unique-id: [engine:junit-vintage]/[runner:RegressionTest]/[test:RegressionTest0]/[test:test0022(RegressionTest0)]
display-name: test0022
]]></system-out>
</testcase>
<testcase name="test0822" classname="RegressionTest1" time="0">
<system-out><![CDATA[
unique-id: [engine:junit-vintage]/[runner:RegressionTest]/[test:RegressionTest1]/[test:test0822(RegressionTest1)]
display-name: test0822
]]></system-out>
</testcase>
<testcase name="test0205" classname="RegressionTest0" time="0">
<system-out><![CDATA[
unique-id: [engine:junit-vintage]/[runner:RegressionTest]/[test:RegressionTest0]/[test:test0205(RegressionTest0)]
display-name: test0205
]]></system-out>
</testcase>
<testcase name="test0552" classname="RegressionTest1" time="0">
<system-out><![CDATA[
unique-id: [engine:junit-vintage]/[runner:RegressionTest]/[test:RegressionTest1]/[test:test0552(RegressionTest1)]
display-name: test0552
]]></system-out>
</testcase>
<testcase name="test0256" classname="RegressionTest0" time="0">
<system-out><![CDATA[
unique-id: [engine:junit-vintage]/[runner:RegressionTest]/[test:RegressionTest0]/[test:test0256(RegressionTest0)]
display-name: test0256
]]></system-out>
</testcase>
<testcase name="test0853" classname="RegressionTest1" time="0">
<system-out><![CDATA[
unique-id: [engine:junit-vintage]/[runner:RegressionTest]/[test:RegressionTest1]/[test:test0853(RegressionTest1)]
display-name: test0853
]]></system-out>
</testcase>
<testcase name="test0587" classname="RegressionTest1" time="0">
<system-out><![CDATA[
unique-id: [engine:junit-vintage]/[runner:RegressionTest]/[test:RegressionTest1]/[test:test0587(RegressionTest1)]
display-name: test0587
]]></system-out>
</testcase>
<testcase name="test0098" classname="RegressionTest0" time="0">
<system-out><![CDATA[
unique-id: [engine:junit-vintage]/[runner:RegressionTest]/[test:RegressionTest0]/[test:test0098(RegressionTest0)]
display-name: test0098
]]></system-out>
</testcase>
<testcase name="test0660" classname="RegressionTest1" time="0">
<system-out><![CDATA[
unique-id: [engine:junit-vintage]/[runner:RegressionTest]/[test:RegressionTest1]/[test:test0660(RegressionTest1)]
display-name: test0660
]]></system-out>
</testcase>
<testcase name="test0816" classname="RegressionTest1" time="0">
<system-out><![CDATA[
unique-id: [engine:junit-vintage]/[runner:RegressionTest]/[test:RegressionTest1]/[test:test0816(RegressionTest1)]
display-name: test0816
]]></system-out>
</testcase>
<testcase name="test0745" classname="RegressionTest1" time="0">
<system-out><![CDATA[
unique-id: [engine:junit-vintage]/[runner:RegressionTest]/[test:RegressionTest1]/[test:test0745(RegressionTest1)]
display-name: test0745
]]></system-out>
</testcase>
<testcase name="test0981" classname="RegressionTest1" time="0">
<system-out><![CDATA[
unique-id: [engine:junit-vintage]/[runner:RegressionTest]/[test:RegressionTest1]/[test:test0981(RegressionTest1)]
display-name: test0981
]]></system-out>
</testcase>
<testcase name="test0729" classname="RegressionTest1" time="0">
<system-out><![CDATA[
unique-id: [engine:junit-vintage]/[runner:RegressionTest]/[test:RegressionTest1]/[test:test0729(RegressionTest1)]
display-name: test0729
]]></system-out>
</testcase>
<testcase name="test0511" classname="RegressionTest1" time="0">
<system-out><![CDATA[
unique-id: [engine:junit-vintage]/[runner:RegressionTest]/[test:RegressionTest1]/[test:test0511(RegressionTest1)]
display-name: test0511
]]></system-out>
</testcase>
<testcase name="test0603" classname="RegressionTest1" time="0">
<system-out><![CDATA[
unique-id: [engine:junit-vintage]/[runner:RegressionTest]/[test:RegressionTest1]/[test:test0603(RegressionTest1)]
display-name: test0603
]]></system-out>
</testcase>
<testcase name="test0241" classname="RegressionTest0" time="0">
<system-out><![CDATA[
unique-id: [engine:junit-vintage]/[runner:RegressionTest]/[test:RegressionTest0]/[test:test0241(RegressionTest0)]
display-name: test0241
]]></system-out>
</testcase>
<testcase name="test0333" classname="RegressionTest0" time="0">
<system-out><![CDATA[
unique-id: [engine:junit-vintage]/[runner:RegressionTest]/[test:RegressionTest0]/[test:test0333(RegressionTest0)]
display-name: test0333
]]></system-out>
</testcase>
<testcase name="test0924" classname="RegressionTest1" time="0">
<system-out><![CDATA[
unique-id: [engine:junit-vintage]/[runner:RegressionTest]/[test:RegressionTest1]/[test:test0924(RegressionTest1)]
display-name: test0924
]]></system-out>
</testcase>
<testcase name="test0837" classname="RegressionTest1" time="0">
<system-out><![CDATA[
unique-id: [engine:junit-vintage]/[runner:RegressionTest]/[test:RegressionTest1]/[test:test0837(RegressionTest1)]
display-name: test0837
]]></system-out>
</testcase>
<testcase name="test0403" classname="RegressionTest0" time="0">
<system-out><![CDATA[
unique-id: [engine:junit-vintage]/[runner:RegressionTest]/[test:RegressionTest0]/[test:test0403(RegressionTest0)]
display-name: test0403
]]></system-out>
</testcase>
<testcase name="test0904" classname="RegressionTest1" time="0">
<system-out><![CDATA[
unique-id: [engine:junit-vintage]/[runner:RegressionTest]/[test:RegressionTest1]/[test:test0904(RegressionTest1)]
display-name: test0904
]]></system-out>
</testcase>
<testcase name="test1072" classname="RegressionTest2" time="0">
<system-out><![CDATA[
unique-id: [engine:junit-vintage]/[runner:RegressionTest]/[test:RegressionTest2]/[test:test1072(RegressionTest2)]
display-name: test1072
]]></system-out>
</testcase>
<testcase name="test0384" classname="RegressionTest0" time="0">
<system-out><![CDATA[
unique-id: [engine:junit-vintage]/[runner:RegressionTest]/[test:RegressionTest0]/[test:test0384(RegressionTest0)]
display-name: test0384
]]></system-out>
</testcase>
<testcase name="test0546" classname="RegressionTest1" time="0">
<system-out><![CDATA[
unique-id: [engine:junit-vintage]/[runner:RegressionTest]/[test:RegressionTest1]/[test:test0546(RegressionTest1)]
display-name: test0546
]]></system-out>
</testcase>
<testcase name="test0771" classname="RegressionTest1" time="0">
<system-out><![CDATA[
unique-id: [engine:junit-vintage]/[runner:RegressionTest]/[test:RegressionTest1]/[test:test0771(RegressionTest1)]
display-name: test0771
]]></system-out>
</testcase>
<testcase name="test1055" classname="RegressionTest2" time="0">
<system-out><![CDATA[
unique-id: [engine:junit-vintage]/[runner:RegressionTest]/[test:RegressionTest2]/[test:test1055(RegressionTest2)]
display-name: test1055
]]></system-out>
</testcase>
<testcase name="test0634" classname="RegressionTest1" time="0">
<system-out><![CDATA[
unique-id: [engine:junit-vintage]/[runner:RegressionTest]/[test:RegressionTest1]/[test:test0634(RegressionTest1)]
display-name: test0634
]]></system-out>
</testcase>
<testcase name="test0368" classname="RegressionTest0" time="0">
<system-out><![CDATA[
unique-id: [engine:junit-vintage]/[runner:RegressionTest]/[test:RegressionTest0]/[test:test0368(RegressionTest0)]
display-name: test0368
]]></system-out>
</testcase>
<testcase name="test0618" classname="RegressionTest1" time="0">
<system-out><![CDATA[
unique-id: [engine:junit-vintage]/[runner:RegressionTest]/[test:RegressionTest1]/[test:test0618(RegressionTest1)]
display-name: test0618
]]></system-out>
</testcase>
<testcase name="test0965" classname="RegressionTest1" time="0">
<system-out><![CDATA[
unique-id: [engine:junit-vintage]/[runner:RegressionTest]/[test:RegressionTest1]/[test:test0965(RegressionTest1)]
display-name: test0965
]]></system-out>
</testcase>
<testcase name="test0114" classname="RegressionTest0" time="0">
<system-out><![CDATA[
unique-id: [engine:junit-vintage]/[runner:RegressionTest]/[test:RegressionTest0]/[test:test0114(RegressionTest0)]
display-name: test0114
]]></system-out>
</testcase>
<testcase name="test0669" classname="RegressionTest1" time="0">
<system-out><![CDATA[
unique-id: [engine:junit-vintage]/[runner:RegressionTest]/[test:RegressionTest1]/[test:test0669(RegressionTest1)]
display-name: test0669
]]></system-out>
</testcase>
<testcase name="test0117" classname="RegressionTest0" time="0">
<system-out><![CDATA[
unique-id: [engine:junit-vintage]/[runner:RegressionTest]/[test:RegressionTest0]/[test:test0117(RegressionTest0)]
display-name: test0117
]]></system-out>
</testcase>
<testcase name="test1071" classname="RegressionTest2" time="0">
<system-out><![CDATA[
unique-id: [engine:junit-vintage]/[runner:RegressionTest]/[test:RegressionTest2]/[test:test1071(RegressionTest2)]
display-name: test1071
]]></system-out>
</testcase>
<testcase name="test0999" classname="RegressionTest1" time="0">
<system-out><![CDATA[
unique-id: [engine:junit-vintage]/[runner:RegressionTest]/[test:RegressionTest1]/[test:test0999(RegressionTest1)]
display-name: test0999
]]></system-out>
</testcase>
<testcase name="test0765" classname="RegressionTest1" time="0">
<system-out><![CDATA[
unique-id: [engine:junit-vintage]/[runner:RegressionTest]/[test:RegressionTest1]/[test:test0765(RegressionTest1)]
display-name: test0765
]]></system-out>
</testcase>
<testcase name="test0495" classname="RegressionTest0" time="0">
<system-out><![CDATA[
unique-id: [engine:junit-vintage]/[runner:RegressionTest]/[test:RegressionTest0]/[test:test0495(RegressionTest0)]
display-name: test0495
]]></system-out>
</testcase>
<testcase name="test0165" classname="RegressionTest0" time="0">
<system-out><![CDATA[
unique-id: [engine:junit-vintage]/[runner:RegressionTest]/[test:RegressionTest0]/[test:test0165(RegressionTest0)]
display-name: test0165
]]></system-out>
</testcase>
<testcase name="test0749" classname="RegressionTest1" time="0">
<system-out><![CDATA[
unique-id: [engine:junit-vintage]/[runner:RegressionTest]/[test:RegressionTest1]/[test:test0749(RegressionTest1)]
display-name: test0749
]]></system-out>
</testcase>
<testcase name="test0399" classname="RegressionTest0" time="0">
<system-out><![CDATA[
unique-id: [engine:junit-vintage]/[runner:RegressionTest]/[test:RegressionTest0]/[test:test0399(RegressionTest0)]
display-name: test0399
]]></system-out>
</testcase>
<testcase name="test0348" classname="RegressionTest0" time="0">
<system-out><![CDATA[
unique-id: [engine:junit-vintage]/[runner:RegressionTest]/[test:RegressionTest0]/[test:test0348(RegressionTest0)]
display-name: test0348
]]></system-out>
</testcase>
<testcase name="test0148" classname="RegressionTest0" time="0">
<system-out><![CDATA[
unique-id: [engine:junit-vintage]/[runner:RegressionTest]/[test:RegressionTest0]/[test:test0148(RegressionTest0)]
display-name: test0148
]]></system-out>
</testcase>
<testcase name="test0996" classname="RegressionTest1" time="0">
<system-out><![CDATA[
unique-id: [engine:junit-vintage]/[runner:RegressionTest]/[test:RegressionTest1]/[test:test0996(RegressionTest1)]
display-name: test0996
]]></system-out>
</testcase>
<testcase name="test0400" classname="RegressionTest0" time="0">
<system-out><![CDATA[
unique-id: [engine:junit-vintage]/[runner:RegressionTest]/[test:RegressionTest0]/[test:test0400(RegressionTest0)]
display-name: test0400
]]></system-out>
</testcase>
<testcase name="test0857" classname="RegressionTest1" time="0">
<system-out><![CDATA[
unique-id: [engine:junit-vintage]/[runner:RegressionTest]/[test:RegressionTest1]/[test:test0857(RegressionTest1)]
display-name: test0857
]]></system-out>
</testcase>
<testcase name="test0888" classname="RegressionTest1" time="0">
<system-out><![CDATA[
unique-id: [engine:junit-vintage]/[runner:RegressionTest]/[test:RegressionTest1]/[test:test0888(RegressionTest1)]
display-name: test0888
]]></system-out>
</testcase>
<testcase name="test0168" classname="RegressionTest0" time="0">
<system-out><![CDATA[
unique-id: [engine:junit-vintage]/[runner:RegressionTest]/[test:RegressionTest0]/[test:test0168(RegressionTest0)]
display-name: test0168
]]></system-out>
</testcase>
<testcase name="test0479" classname="RegressionTest0" time="0">
<system-out><![CDATA[
unique-id: [engine:junit-vintage]/[runner:RegressionTest]/[test:RegressionTest0]/[test:test0479(RegressionTest0)]
display-name: test0479
]]></system-out>
</testcase>
<testcase name="test0990" classname="RegressionTest1" time="0">
<system-out><![CDATA[
unique-id: [engine:junit-vintage]/[runner:RegressionTest]/[test:RegressionTest1]/[test:test0990(RegressionTest1)]
display-name: test0990
]]></system-out>
</testcase>
<testcase name="test0762" classname="RegressionTest1" time="0">
<system-out><![CDATA[
unique-id: [engine:junit-vintage]/[runner:RegressionTest]/[test:RegressionTest1]/[test:test0762(RegressionTest1)]
display-name: test0762
]]></system-out>
</testcase>
<testcase name="test0276" classname="RegressionTest0" time="0">
<system-out><![CDATA[
unique-id: [engine:junit-vintage]/[runner:RegressionTest]/[test:RegressionTest0]/[test:test0276(RegressionTest0)]
display-name: test0276
]]></system-out>
</testcase>
<testcase name="test1052" classname="RegressionTest2" time="0">
<system-out><![CDATA[
unique-id: [engine:junit-vintage]/[runner:RegressionTest]/[test:RegressionTest2]/[test:test1052(RegressionTest2)]
display-name: test1052
]]></system-out>
</testcase>
<testcase name="test0006" classname="RegressionTest0" time="0">
<system-out><![CDATA[
unique-id: [engine:junit-vintage]/[runner:RegressionTest]/[test:RegressionTest0]/[test:test0006(RegressionTest0)]
display-name: test0006
]]></system-out>
</testcase>
<testcase name="test0746" classname="RegressionTest1" time="0">
<system-out><![CDATA[
unique-id: [engine:junit-vintage]/[runner:RegressionTest]/[test:RegressionTest1]/[test:test0746(RegressionTest1)]
display-name: test0746
]]></system-out>
</testcase>
<testcase name="test0476" classname="RegressionTest0" time="0">
<system-out><![CDATA[
unique-id: [engine:junit-vintage]/[runner:RegressionTest]/[test:RegressionTest0]/[test:test0476(RegressionTest0)]
display-name: test0476
]]></system-out>
</testcase>
<testcase name="test0654" classname="RegressionTest1" time="0">
<system-out><![CDATA[
unique-id: [engine:junit-vintage]/[runner:RegressionTest]/[test:RegressionTest1]/[test:test0654(RegressionTest1)]
display-name: test0654
]]></system-out>
</testcase>
<testcase name="test0037" classname="RegressionTest0" time="0">
<system-out><![CDATA[
unique-id: [engine:junit-vintage]/[runner:RegressionTest]/[test:RegressionTest0]/[test:test0037(RegressionTest0)]
display-name: test0037
]]></system-out>
</testcase>
<testcase name="test0907" classname="RegressionTest1" time="0">
<system-out><![CDATA[
unique-id: [engine:junit-vintage]/[runner:RegressionTest]/[test:RegressionTest1]/[test:test0907(RegressionTest1)]
display-name: test0907
]]></system-out>
</testcase>
<testcase name="test0441" classname="RegressionTest0" time="0">
<system-out><![CDATA[
unique-id: [engine:junit-vintage]/[runner:RegressionTest]/[test:RegressionTest0]/[test:test0441(RegressionTest0)]
display-name: test0441
]]></system-out>
</testcase>
<testcase name="test0663" classname="RegressionTest1" time="0">
<system-out><![CDATA[
unique-id: [engine:junit-vintage]/[runner:RegressionTest]/[test:RegressionTest1]/[test:test0663(RegressionTest1)]
display-name: test0663
]]></system-out>
</testcase>
<testcase name="test0584" classname="RegressionTest1" time="0">
<system-out><![CDATA[
unique-id: [engine:junit-vintage]/[runner:RegressionTest]/[test:RegressionTest1]/[test:test0584(RegressionTest1)]
display-name: test0584
]]></system-out>
</testcase>
<testcase name="test0777" classname="RegressionTest1" time="0">
<system-out><![CDATA[
unique-id: [engine:junit-vintage]/[runner:RegressionTest]/[test:RegressionTest1]/[test:test0777(RegressionTest1)]
display-name: test0777
]]></system-out>
</testcase>
<testcase name="test0698" classname="RegressionTest1" time="0">
<system-out><![CDATA[
unique-id: [engine:junit-vintage]/[runner:RegressionTest]/[test:RegressionTest1]/[test:test0698(RegressionTest1)]
display-name: test0698
]]></system-out>
</testcase>
<testcase name="test0968" classname="RegressionTest1" time="0">
<system-out><![CDATA[
unique-id: [engine:junit-vintage]/[runner:RegressionTest]/[test:RegressionTest1]/[test:test0968(RegressionTest1)]
display-name: test0968
]]></system-out>
</testcase>
<testcase name="test0129" classname="RegressionTest0" time="0">
<system-out><![CDATA[
unique-id: [engine:junit-vintage]/[runner:RegressionTest]/[test:RegressionTest0]/[test:test0129(RegressionTest0)]
display-name: test0129
]]></system-out>
</testcase>
<testcase name="test0066" classname="RegressionTest0" time="0">
<system-out><![CDATA[
unique-id: [engine:junit-vintage]/[runner:RegressionTest]/[test:RegressionTest0]/[test:test0066(RegressionTest0)]
display-name: test0066
]]></system-out>
</testcase>
<testcase name="test0492" classname="RegressionTest0" time="0">
<system-out><![CDATA[
unique-id: [engine:junit-vintage]/[runner:RegressionTest]/[test:RegressionTest0]/[test:test0492(RegressionTest0)]
display-name: test0492
]]></system-out>
</testcase>
<testcase name="test0031" classname="RegressionTest0" time="0">
<system-out><![CDATA[
unique-id: [engine:junit-vintage]/[runner:RegressionTest]/[test:RegressionTest0]/[test:test0031(RegressionTest0)]
display-name: test0031
]]></system-out>
</testcase>
<testcase name="test0870" classname="RegressionTest1" time="0">
<system-out><![CDATA[
unique-id: [engine:junit-vintage]/[runner:RegressionTest]/[test:RegressionTest1]/[test:test0870(RegressionTest1)]
display-name: test0870
]]></system-out>
</testcase>
<testcase name="test0301" classname="RegressionTest0" time="0">
<system-out><![CDATA[
unique-id: [engine:junit-vintage]/[runner:RegressionTest]/[test:RegressionTest0]/[test:test0301(RegressionTest0)]
display-name: test0301
]]></system-out>
</testcase>
<testcase name="test0387" classname="RegressionTest0" time="0">
<system-out><![CDATA[
unique-id: [engine:junit-vintage]/[runner:RegressionTest]/[test:RegressionTest0]/[test:test0387(RegressionTest0)]
display-name: test0387
]]></system-out>
</testcase>
<testcase name="test0352" classname="RegressionTest0" time="0">
<system-out><![CDATA[
unique-id: [engine:junit-vintage]/[runner:RegressionTest]/[test:RegressionTest0]/[test:test0352(RegressionTest0)]
display-name: test0352
]]></system-out>
</testcase>
<testcase name="test0009" classname="RegressionTest0" time="0">
<system-out><![CDATA[
unique-id: [engine:junit-vintage]/[runner:RegressionTest]/[test:RegressionTest0]/[test:test0009(RegressionTest0)]
display-name: test0009
]]></system-out>
</testcase>
<testcase name="test0082" classname="RegressionTest0" time="0">
<system-out><![CDATA[
unique-id: [engine:junit-vintage]/[runner:RegressionTest]/[test:RegressionTest0]/[test:test0082(RegressionTest0)]
display-name: test0082
]]></system-out>
</testcase>
<testcase name="test0222" classname="RegressionTest0" time="0">
<system-out><![CDATA[
unique-id: [engine:junit-vintage]/[runner:RegressionTest]/[test:RegressionTest0]/[test:test0222(RegressionTest0)]
display-name: test0222
]]></system-out>
</testcase>
<testcase name="test0622" classname="RegressionTest1" time="0">
<system-out><![CDATA[
unique-id: [engine:junit-vintage]/[runner:RegressionTest]/[test:RegressionTest1]/[test:test0622(RegressionTest1)]
display-name: test0622
]]></system-out>
</testcase>
<testcase name="test0606" classname="RegressionTest1" time="0">
<system-out><![CDATA[
unique-id: [engine:junit-vintage]/[runner:RegressionTest]/[test:RegressionTest1]/[test:test0606(RegressionTest1)]
display-name: test0606
]]></system-out>
</testcase>
<testcase name="test0130" classname="RegressionTest0" time="0">
<system-out><![CDATA[
unique-id: [engine:junit-vintage]/[runner:RegressionTest]/[test:RegressionTest0]/[test:test0130(RegressionTest0)]
display-name: test0130
]]></system-out>
</testcase>
<testcase name="test0714" classname="RegressionTest1" time="0">
<system-out><![CDATA[
unique-id: [engine:junit-vintage]/[runner:RegressionTest]/[test:RegressionTest1]/[test:test0714(RegressionTest1)]
display-name: test0714
]]></system-out>
</testcase>
<testcase name="test1040" classname="RegressionTest2" time="0">
<system-out><![CDATA[
unique-id: [engine:junit-vintage]/[runner:RegressionTest]/[test:RegressionTest2]/[test:test1040(RegressionTest2)]
display-name: test1040
]]></system-out>
</testcase>
<testcase name="test0390" classname="RegressionTest0" time="0">
<system-out><![CDATA[
unique-id: [engine:junit-vintage]/[runner:RegressionTest]/[test:RegressionTest0]/[test:test0390(RegressionTest0)]
display-name: test0390
]]></system-out>
</testcase>
<testcase name="test0025" classname="RegressionTest0" time="0">
<system-out><![CDATA[
unique-id: [engine:junit-vintage]/[runner:RegressionTest]/[test:RegressionTest0]/[test:test0025(RegressionTest0)]
display-name: test0025
]]></system-out>
</testcase>
<testcase name="test0336" classname="RegressionTest0" time="0">
<system-out><![CDATA[
unique-id: [engine:junit-vintage]/[runner:RegressionTest]/[test:RegressionTest0]/[test:test0336(RegressionTest0)]
display-name: test0336
]]></system-out>
</testcase>
<testcase name="test0711" classname="RegressionTest1" time="0">
<system-out><![CDATA[
unique-id: [engine:junit-vintage]/[runner:RegressionTest]/[test:RegressionTest1]/[test:test0711(RegressionTest1)]
display-name: test0711
]]></system-out>
</testcase>
<testcase name="test1046" classname="RegressionTest2" time="0">
<system-out><![CDATA[
unique-id: [engine:junit-vintage]/[runner:RegressionTest]/[test:RegressionTest2]/[test:test1046(RegressionTest2)]
display-name: test1046
]]></system-out>
</testcase>
<testcase name="test0133" classname="RegressionTest0" time="0">
<system-out><![CDATA[
unique-id: [engine:junit-vintage]/[runner:RegressionTest]/[test:RegressionTest0]/[test:test0133(RegressionTest0)]
display-name: test0133
]]></system-out>
</testcase>
<testcase name="test0285" classname="RegressionTest0" time="0">
<system-out><![CDATA[
unique-id: [engine:junit-vintage]/[runner:RegressionTest]/[test:RegressionTest0]/[test:test0285(RegressionTest0)]
display-name: test0285
]]></system-out>
</testcase>
<testcase name="test0558" classname="RegressionTest1" time="0">
<system-out><![CDATA[
unique-id: [engine:junit-vintage]/[runner:RegressionTest]/[test:RegressionTest1]/[test:test0558(RegressionTest1)]
display-name: test0558
]]></system-out>
</testcase>
<testcase name="test0984" classname="RegressionTest1" time="0">
<system-out><![CDATA[
unique-id: [engine:junit-vintage]/[runner:RegressionTest]/[test:RegressionTest1]/[test:test0984(RegressionTest1)]
display-name: test0984
]]></system-out>
</testcase>
<testcase name="test0415" classname="RegressionTest0" time="0">
<system-out><![CDATA[
unique-id: [engine:junit-vintage]/[runner:RegressionTest]/[test:RegressionTest0]/[test:test0415(RegressionTest0)]
display-name: test0415
]]></system-out>
</testcase>
<testcase name="test0307" classname="RegressionTest0" time="0">
<system-out><![CDATA[
unique-id: [engine:junit-vintage]/[runner:RegressionTest]/[test:RegressionTest0]/[test:test0307(RegressionTest0)]
display-name: test0307
]]></system-out>
</testcase>
<testcase name="test0876" classname="RegressionTest1" time="0">
<system-out><![CDATA[
unique-id: [engine:junit-vintage]/[runner:RegressionTest]/[test:RegressionTest1]/[test:test0876(RegressionTest1)]
display-name: test0876
]]></system-out>
</testcase>
<testcase name="test0228" classname="RegressionTest0" time="0">
<system-out><![CDATA[
unique-id: [engine:junit-vintage]/[runner:RegressionTest]/[test:RegressionTest0]/[test:test0228(RegressionTest0)]
display-name: test0228
]]></system-out>
</testcase>
<testcase name="test0393" classname="RegressionTest0" time="0">
<system-out><![CDATA[
unique-id: [engine:junit-vintage]/[runner:RegressionTest]/[test:RegressionTest0]/[test:test0393(RegressionTest0)]
display-name: test0393
]]></system-out>
</testcase>
<testcase name="test0939" classname="RegressionTest1" time="0">
<system-out><![CDATA[
unique-id: [engine:junit-vintage]/[runner:RegressionTest]/[test:RegressionTest1]/[test:test0939(RegressionTest1)]
display-name: test0939
]]></system-out>
</testcase>
<testcase name="test0412" classname="RegressionTest0" time="0">
<system-out><![CDATA[
unique-id: [engine:junit-vintage]/[runner:RegressionTest]/[test:RegressionTest0]/[test:test0412(RegressionTest0)]
display-name: test0412
]]></system-out>
</testcase>
<testcase name="test0555" classname="RegressionTest1" time="0">
<system-out><![CDATA[
unique-id: [engine:junit-vintage]/[runner:RegressionTest]/[test:RegressionTest1]/[test:test0555(RegressionTest1)]
display-name: test0555
]]></system-out>
</testcase>
<testcase name="test0825" classname="RegressionTest1" time="0">
<system-out><![CDATA[
unique-id: [engine:junit-vintage]/[runner:RegressionTest]/[test:RegressionTest1]/[test:test0825(RegressionTest1)]
display-name: test0825
]]></system-out>
</testcase>
<testcase name="test0692" classname="RegressionTest1" time="0">
<system-out><![CDATA[
unique-id: [engine:junit-vintage]/[runner:RegressionTest]/[test:RegressionTest1]/[test:test0692(RegressionTest1)]
display-name: test0692
]]></system-out>
</testcase>
<testcase name="test0447" classname="RegressionTest0" time="0">
<system-out><![CDATA[
unique-id: [engine:junit-vintage]/[runner:RegressionTest]/[test:RegressionTest0]/[test:test0447(RegressionTest0)]
display-name: test0447
]]></system-out>
</testcase>
<testcase name="test0190" classname="RegressionTest0" time="0">
<system-out><![CDATA[
unique-id: [engine:junit-vintage]/[runner:RegressionTest]/[test:RegressionTest0]/[test:test0190(RegressionTest0)]
display-name: test0190
]]></system-out>
</testcase>
<testcase name="test0930" classname="RegressionTest1" time="0">
<system-out><![CDATA[
unique-id: [engine:junit-vintage]/[runner:RegressionTest]/[test:RegressionTest1]/[test:test0930(RegressionTest1)]
display-name: test0930
]]></system-out>
</testcase>
<testcase name="test0060" classname="RegressionTest0" time="0">
<system-out><![CDATA[
unique-id: [engine:junit-vintage]/[runner:RegressionTest]/[test:RegressionTest0]/[test:test0060(RegressionTest0)]
display-name: test0060
]]></system-out>
</testcase>
<testcase name="test1011" classname="RegressionTest2" time="0">
<system-out><![CDATA[
unique-id: [engine:junit-vintage]/[runner:RegressionTest]/[test:RegressionTest2]/[test:test1011(RegressionTest2)]
display-name: test1011
]]></system-out>
</testcase>
<testcase name="test1014" classname="RegressionTest2" time="0">
<system-out><![CDATA[
unique-id: [engine:junit-vintage]/[runner:RegressionTest]/[test:RegressionTest2]/[test:test1014(RegressionTest2)]
display-name: test1014
]]></system-out>
</testcase>
<testcase name="test0730" classname="RegressionTest1" time="0">
<system-out><![CDATA[
unique-id: [engine:junit-vintage]/[runner:RegressionTest]/[test:RegressionTest1]/[test:test0730(RegressionTest1)]
display-name: test0730
]]></system-out>
</testcase>
<testcase name="test0244" classname="RegressionTest0" time="0">
<system-out><![CDATA[
unique-id: [engine:junit-vintage]/[runner:RegressionTest]/[test:RegressionTest0]/[test:test0244(RegressionTest0)]
display-name: test0244
]]></system-out>
</testcase>
<testcase name="test0174" classname="RegressionTest0" time="0">
<system-out><![CDATA[
unique-id: [engine:junit-vintage]/[runner:RegressionTest]/[test:RegressionTest0]/[test:test0174(RegressionTest0)]
display-name: test0174
]]></system-out>
</testcase>
<testcase name="test0444" classname="RegressionTest0" time="0">
<system-out><![CDATA[
unique-id: [engine:junit-vintage]/[runner:RegressionTest]/[test:RegressionTest0]/[test:test0444(RegressionTest0)]
display-name: test0444
]]></system-out>
</testcase>
<testcase name="test0609" classname="RegressionTest1" time="0">
<system-out><![CDATA[
unique-id: [engine:junit-vintage]/[runner:RegressionTest]/[test:RegressionTest1]/[test:test0609(RegressionTest1)]
display-name: test0609
]]></system-out>
</testcase>
<testcase name="test0069" classname="RegressionTest0" time="0">
<system-out><![CDATA[
unique-id: [engine:junit-vintage]/[runner:RegressionTest]/[test:RegressionTest0]/[test:test0069(RegressionTest0)]
display-name: test0069
]]></system-out>
</testcase>
<testcase name="test1049" classname="RegressionTest2" time="0">
<system-out><![CDATA[
unique-id: [engine:junit-vintage]/[runner:RegressionTest]/[test:RegressionTest2]/[test:test1049(RegressionTest2)]
display-name: test1049
]]></system-out>
</testcase>
<testcase name="test0695" classname="RegressionTest1" time="0">
<system-out><![CDATA[
unique-id: [engine:junit-vintage]/[runner:RegressionTest]/[test:RegressionTest1]/[test:test0695(RegressionTest1)]
display-name: test0695
]]></system-out>
</testcase>
<testcase name="test0460" classname="RegressionTest0" time="0">
<system-out><![CDATA[
unique-id: [engine:junit-vintage]/[runner:RegressionTest]/[test:RegressionTest0]/[test:test0460(RegressionTest0)]
display-name: test0460
]]></system-out>
</testcase>
<testcase name="test0828" classname="RegressionTest1" time="0">
<system-out><![CDATA[
unique-id: [engine:junit-vintage]/[runner:RegressionTest]/[test:RegressionTest1]/[test:test0828(RegressionTest1)]
display-name: test0828
]]></system-out>
</testcase>
<testcase name="test0936" classname="RegressionTest1" time="0">
<system-out><![CDATA[
unique-id: [engine:junit-vintage]/[runner:RegressionTest]/[test:RegressionTest1]/[test:test0936(RegressionTest1)]
display-name: test0936
]]></system-out>
</testcase>
<testcase name="test0063" classname="RegressionTest0" time="0">
<system-out><![CDATA[
unique-id: [engine:junit-vintage]/[runner:RegressionTest]/[test:RegressionTest0]/[test:test0063(RegressionTest0)]
display-name: test0063
]]></system-out>
</testcase>
<testcase name="test0171" classname="RegressionTest0" time="0">
<system-out><![CDATA[
unique-id: [engine:junit-vintage]/[runner:RegressionTest]/[test:RegressionTest0]/[test:test0171(RegressionTest0)]
display-name: test0171
]]></system-out>
</testcase>
<testcase name="test0841" classname="RegressionTest1" time="0">
<system-out><![CDATA[
unique-id: [engine:junit-vintage]/[runner:RegressionTest]/[test:RegressionTest1]/[test:test0841(RegressionTest1)]
display-name: test0841
]]></system-out>
</testcase>
<testcase name="test0463" classname="RegressionTest0" time="0">
<system-out><![CDATA[
unique-id: [engine:junit-vintage]/[runner:RegressionTest]/[test:RegressionTest0]/[test:test0463(RegressionTest0)]
display-name: test0463
]]></system-out>
</testcase>
<testcase name="test0733" classname="RegressionTest1" time="0">
<system-out><![CDATA[
unique-id: [engine:junit-vintage]/[runner:RegressionTest]/[test:RegressionTest1]/[test:test0733(RegressionTest1)]
display-name: test0733
]]></system-out>
</testcase>
<testcase name="test0933" classname="RegressionTest1" time="0">
<system-out><![CDATA[
unique-id: [engine:junit-vintage]/[runner:RegressionTest]/[test:RegressionTest1]/[test:test0933(RegressionTest1)]
display-name: test0933
]]></system-out>
</testcase>
<testcase name="test0040" classname="RegressionTest0" time="0">
<system-out><![CDATA[
unique-id: [engine:junit-vintage]/[runner:RegressionTest]/[test:RegressionTest0]/[test:test0040(RegressionTest0)]
display-name: test0040
]]></system-out>
</testcase>
<testcase name="test0075" classname="RegressionTest0" time="0.002">
<system-out><![CDATA[
unique-id: [engine:junit-vintage]/[runner:RegressionTest]/[test:RegressionTest0]/[test:test0075(RegressionTest0)]
display-name: test0075
]]></system-out>
</testcase>
<testcase name="test0559" classname="RegressionTest1" time="0">
<system-out><![CDATA[
unique-id: [engine:junit-vintage]/[runner:RegressionTest]/[test:RegressionTest1]/[test:test0559(RegressionTest1)]
display-name: test0559
]]></system-out>
</testcase>
<testcase name="test0416" classname="RegressionTest0" time="0">
<system-out><![CDATA[
unique-id: [engine:junit-vintage]/[runner:RegressionTest]/[test:RegressionTest0]/[test:test0416(RegressionTest0)]
display-name: test0416
]]></system-out>
</testcase>
<testcase name="test0483" classname="RegressionTest0" time="0">
<system-out><![CDATA[
unique-id: [engine:junit-vintage]/[runner:RegressionTest]/[test:RegressionTest0]/[test:test0483(RegressionTest0)]
display-name: test0483
]]></system-out>
</testcase>
<testcase name="test0662" classname="RegressionTest1" time="0">
<system-out><![CDATA[
unique-id: [engine:junit-vintage]/[runner:RegressionTest]/[test:RegressionTest1]/[test:test0662(RegressionTest1)]
display-name: test0662
]]></system-out>
</testcase>
<testcase name="test0101" classname="RegressionTest0" time="0.001">
<system-out><![CDATA[
unique-id: [engine:junit-vintage]/[runner:RegressionTest]/[test:RegressionTest0]/[test:test0101(RegressionTest0)]
display-name: test0101
]]></system-out>
</testcase>
<testcase name="test0008" classname="RegressionTest0" time="0">
<system-out><![CDATA[
unique-id: [engine:junit-vintage]/[runner:RegressionTest]/[test:RegressionTest0]/[test:test0008(RegressionTest0)]
display-name: test0008
]]></system-out>
</testcase>
<testcase name="test0065" classname="RegressionTest0" time="0">
<system-out><![CDATA[
unique-id: [engine:junit-vintage]/[runner:RegressionTest]/[test:RegressionTest0]/[test:test0065(RegressionTest0)]
display-name: test0065
]]></system-out>
</testcase>
<testcase name="test0569" classname="RegressionTest1" time="0">
<system-out><![CDATA[
unique-id: [engine:junit-vintage]/[runner:RegressionTest]/[test:RegressionTest1]/[test:test0569(RegressionTest1)]
display-name: test0569
]]></system-out>
</testcase>
<testcase name="test0534" classname="RegressionTest1" time="0">
<system-out><![CDATA[
unique-id: [engine:junit-vintage]/[runner:RegressionTest]/[test:RegressionTest1]/[test:test0534(RegressionTest1)]
display-name: test0534
]]></system-out>
</testcase>
<testcase name="test0605" classname="RegressionTest1" time="0">
<system-out><![CDATA[
unique-id: [engine:junit-vintage]/[runner:RegressionTest]/[test:RegressionTest1]/[test:test0605(RegressionTest1)]
display-name: test0605
]]></system-out>
</testcase>
<testcase name="test1027" classname="RegressionTest2" time="0">
<system-out><![CDATA[
unique-id: [engine:junit-vintage]/[runner:RegressionTest]/[test:RegressionTest2]/[test:test1027(RegressionTest2)]
display-name: test1027
]]></system-out>
</testcase>
<testcase name="test0030" classname="RegressionTest0" time="0">
<system-out><![CDATA[
unique-id: [engine:junit-vintage]/[runner:RegressionTest]/[test:RegressionTest0]/[test:test0030(RegressionTest0)]
display-name: test0030
]]></system-out>
</testcase>
<testcase name="test0987" classname="RegressionTest1" time="0">
<system-out><![CDATA[
unique-id: [engine:junit-vintage]/[runner:RegressionTest]/[test:RegressionTest1]/[test:test0987(RegressionTest1)]
display-name: test0987
]]></system-out>
</testcase>
<testcase name="test0426" classname="RegressionTest0" time="0">
<system-out><![CDATA[
unique-id: [engine:junit-vintage]/[runner:RegressionTest]/[test:RegressionTest0]/[test:test0426(RegressionTest0)]
display-name: test0426
]]></system-out>
</testcase>
<testcase name="test0591" classname="RegressionTest1" time="0">
<system-out><![CDATA[
unique-id: [engine:junit-vintage]/[runner:RegressionTest]/[test:RegressionTest1]/[test:test0591(RegressionTest1)]
display-name: test0591
]]></system-out>
</testcase>
<testcase name="test0330" classname="RegressionTest0" time="0">
<system-out><![CDATA[
unique-id: [engine:junit-vintage]/[runner:RegressionTest]/[test:RegressionTest0]/[test:test0330(RegressionTest0)]
display-name: test0330
]]></system-out>
</testcase>
<testcase name="test0514" classname="RegressionTest1" time="0">
<system-out><![CDATA[
unique-id: [engine:junit-vintage]/[runner:RegressionTest]/[test:RegressionTest1]/[test:test0514(RegressionTest1)]
display-name: test0514
]]></system-out>
</testcase>
<testcase name="test1002" classname="RegressionTest2" time="0">
<system-out><![CDATA[
unique-id: [engine:junit-vintage]/[runner:RegressionTest]/[test:RegressionTest2]/[test:test1002(RegressionTest2)]
display-name: test1002
]]></system-out>
</testcase>
<testcase name="test0018" classname="RegressionTest0" time="0">
<system-out><![CDATA[
unique-id: [engine:junit-vintage]/[runner:RegressionTest]/[test:RegressionTest0]/[test:test0018(RegressionTest0)]
display-name: test0018
]]></system-out>
</testcase>
<testcase name="test0687" classname="RegressionTest1" time="0">
<system-out><![CDATA[
unique-id: [engine:junit-vintage]/[runner:RegressionTest]/[test:RegressionTest1]/[test:test0687(RegressionTest1)]
display-name: test0687
]]></system-out>
</testcase>
<testcase name="test0579" classname="RegressionTest1" time="0">
<system-out><![CDATA[
unique-id: [engine:junit-vintage]/[runner:RegressionTest]/[test:RegressionTest1]/[test:test0579(RegressionTest1)]
display-name: test0579
]]></system-out>
</testcase>
<testcase name="test0581" classname="RegressionTest1" time="0">
<system-out><![CDATA[
unique-id: [engine:junit-vintage]/[runner:RegressionTest]/[test:RegressionTest1]/[test:test0581(RegressionTest1)]
display-name: test0581
]]></system-out>
</testcase>
<testcase name="test0085" classname="RegressionTest0" time="0">
<system-out><![CDATA[
unique-id: [engine:junit-vintage]/[runner:RegressionTest]/[test:RegressionTest0]/[test:test0085(RegressionTest0)]
display-name: test0085
]]></system-out>
</testcase>
<testcase name="test0436" classname="RegressionTest0" time="0">
<system-out><![CDATA[
unique-id: [engine:junit-vintage]/[runner:RegressionTest]/[test:RegressionTest0]/[test:test0436(RegressionTest0)]
display-name: test0436
]]></system-out>
</testcase>
<testcase name="test0997" classname="RegressionTest1" time="0">
<system-out><![CDATA[
unique-id: [engine:junit-vintage]/[runner:RegressionTest]/[test:RegressionTest1]/[test:test0997(RegressionTest1)]
display-name: test0997
]]></system-out>
</testcase>
<testcase name="test0020" classname="RegressionTest0" time="0">
<system-out><![CDATA[
unique-id: [engine:junit-vintage]/[runner:RegressionTest]/[test:RegressionTest0]/[test:test0020(RegressionTest0)]
display-name: test0020
]]></system-out>
</testcase>
<testcase name="test0498" classname="RegressionTest0" time="0">
<system-out><![CDATA[
unique-id: [engine:junit-vintage]/[runner:RegressionTest]/[test:RegressionTest0]/[test:test0498(RegressionTest0)]
display-name: test0498
]]></system-out>
</testcase>
<testcase name="test0758" classname="RegressionTest1" time="0">
<system-out><![CDATA[
unique-id: [engine:junit-vintage]/[runner:RegressionTest]/[test:RegressionTest1]/[test:test0758(RegressionTest1)]
display-name: test0758
]]></system-out>
</testcase>
<testcase name="test0697" classname="RegressionTest1" time="0">
<system-out><![CDATA[
unique-id: [engine:junit-vintage]/[runner:RegressionTest]/[test:RegressionTest1]/[test:test0697(RegressionTest1)]
display-name: test0697
]]></system-out>
</testcase>
<testcase name="test0493" classname="RegressionTest0" time="0">
<system-out><![CDATA[
unique-id: [engine:junit-vintage]/[runner:RegressionTest]/[test:RegressionTest0]/[test:test0493(RegressionTest0)]
display-name: test0493
]]></system-out>
</testcase>
<testcase name="test0193" classname="RegressionTest0" time="0">
<system-out><![CDATA[
unique-id: [engine:junit-vintage]/[runner:RegressionTest]/[test:RegressionTest0]/[test:test0193(RegressionTest0)]
display-name: test0193
]]></system-out>
</testcase>
<testcase name="test0524" classname="RegressionTest1" time="0">
<system-out><![CDATA[
unique-id: [engine:junit-vintage]/[runner:RegressionTest]/[test:RegressionTest1]/[test:test0524(RegressionTest1)]
display-name: test0524
]]></system-out>
</testcase>
<testcase name="test0045" classname="RegressionTest0" time="0.001">
<system-out><![CDATA[
unique-id: [engine:junit-vintage]/[runner:RegressionTest]/[test:RegressionTest0]/[test:test0045(RegressionTest0)]
display-name: test0045
]]></system-out>
</testcase>
<testcase name="test1047" classname="RegressionTest2" time="0">
<system-out><![CDATA[
unique-id: [engine:junit-vintage]/[runner:RegressionTest]/[test:RegressionTest2]/[test:test1047(RegressionTest2)]
display-name: test1047
]]></system-out>
</testcase>
<testcase name="test0411" classname="RegressionTest0" time="0">
<system-out><![CDATA[
unique-id: [engine:junit-vintage]/[runner:RegressionTest]/[test:RegressionTest0]/[test:test0411(RegressionTest0)]
display-name: test0411
]]></system-out>
</testcase>
<testcase name="test0642" classname="RegressionTest1" time="0">
<system-out><![CDATA[
unique-id: [engine:junit-vintage]/[runner:RegressionTest]/[test:RegressionTest1]/[test:test0642(RegressionTest1)]
display-name: test0642
]]></system-out>
</testcase>
<testcase name="test0677" classname="RegressionTest1" time="0">
<system-out><![CDATA[
unique-id: [engine:junit-vintage]/[runner:RegressionTest]/[test:RegressionTest1]/[test:test0677(RegressionTest1)]
display-name: test0677
]]></system-out>
</testcase>
<testcase name="test0738" classname="RegressionTest1" time="0">
<system-out><![CDATA[
unique-id: [engine:junit-vintage]/[runner:RegressionTest]/[test:RegressionTest1]/[test:test0738(RegressionTest1)]
display-name: test0738
]]></system-out>
</testcase>
<testcase name="test0770" classname="RegressionTest1" time="0">
<system-out><![CDATA[
unique-id: [engine:junit-vintage]/[runner:RegressionTest]/[test:RegressionTest1]/[test:test0770(RegressionTest1)]
display-name: test0770
]]></system-out>
</testcase>
<testcase name="test0982" classname="RegressionTest1" time="0">
<system-out><![CDATA[
unique-id: [engine:junit-vintage]/[runner:RegressionTest]/[test:RegressionTest1]/[test:test0982(RegressionTest1)]
display-name: test0982
]]></system-out>
</testcase>
<testcase name="test0456" classname="RegressionTest0" time="0">
<system-out><![CDATA[
unique-id: [engine:junit-vintage]/[runner:RegressionTest]/[test:RegressionTest0]/[test:test0456(RegressionTest0)]
display-name: test0456
]]></system-out>
</testcase>
<testcase name="test0599" classname="RegressionTest1" time="0">
<system-out><![CDATA[
unique-id: [engine:junit-vintage]/[runner:RegressionTest]/[test:RegressionTest1]/[test:test0599(RegressionTest1)]
display-name: test0599
]]></system-out>
</testcase>
<testcase name="test0126" classname="RegressionTest0" time="0">
<system-out><![CDATA[
unique-id: [engine:junit-vintage]/[runner:RegressionTest]/[test:RegressionTest0]/[test:test0126(RegressionTest0)]
display-name: test0126
]]></system-out>
</testcase>
<testcase name="test0365" classname="RegressionTest0" time="0">
<system-out><![CDATA[
unique-id: [engine:junit-vintage]/[runner:RegressionTest]/[test:RegressionTest0]/[test:test0365(RegressionTest0)]
display-name: test0365
]]></system-out>
</testcase>
<testcase name="test0473" classname="RegressionTest0" time="0">
<system-out><![CDATA[
[...]
<system-out><![CDATA[
unique-id: [engine:junit-vintage]/[runner:RegressionTest]/[test:RegressionTest1]/[test:test0715(RegressionTest1)]
display-name: test0715
]]></system-out>
</testcase>
<testcase name="test0042" classname="RegressionTest0" time="0">
<system-out><![CDATA[
unique-id: [engine:junit-vintage]/[runner:RegressionTest]/[test:RegressionTest0]/[test:test0042(RegressionTest0)]
display-name: test0042
]]></system-out>
</testcase>
<testcase name="test0306" classname="RegressionTest0" time="0">
<system-out><![CDATA[
unique-id: [engine:junit-vintage]/[runner:RegressionTest]/[test:RegressionTest0]/[test:test0306(RegressionTest0)]
display-name: test0306
]]></system-out>
</testcase>
<testcase name="test0481" classname="RegressionTest0" time="0">
<system-out><![CDATA[
unique-id: [engine:junit-vintage]/[runner:RegressionTest]/[test:RegressionTest0]/[test:test0481(RegressionTest0)]
display-name: test0481
]]></system-out>
</testcase>
<testcase name="test0862" classname="RegressionTest1" time="0">
<system-out><![CDATA[
unique-id: [engine:junit-vintage]/[runner:RegressionTest]/[test:RegressionTest1]/[test:test0862(RegressionTest1)]
display-name: test0862
]]></system-out>
</testcase>
<testcase name="test0068" classname="RegressionTest0" time="0">
<system-out><![CDATA[
unique-id: [engine:junit-vintage]/[runner:RegressionTest]/[test:RegressionTest0]/[test:test0068(RegressionTest0)]
display-name: test0068
]]></system-out>
</testcase>
<testcase name="test0890" classname="RegressionTest1" time="0">
<system-out><![CDATA[
unique-id: [engine:junit-vintage]/[runner:RegressionTest]/[test:RegressionTest1]/[test:test0890(RegressionTest1)]
display-name: test0890
]]></system-out>
</testcase>
<testcase name="test0103" classname="RegressionTest0" time="0">
<system-out><![CDATA[
unique-id: [engine:junit-vintage]/[runner:RegressionTest]/[test:RegressionTest0]/[test:test0103(RegressionTest0)]
display-name: test0103
]]></system-out>
</testcase>
<testcase name="test0150" classname="RegressionTest0" time="0">
<system-out><![CDATA[
unique-id: [engine:junit-vintage]/[runner:RegressionTest]/[test:RegressionTest0]/[test:test0150(RegressionTest0)]
display-name: test0150
]]></system-out>
</testcase>
<testcase name="test0211" classname="RegressionTest0" time="0.001">
<system-out><![CDATA[
unique-id: [engine:junit-vintage]/[runner:RegressionTest]/[test:RegressionTest0]/[test:test0211(RegressionTest0)]
display-name: test0211
]]></system-out>
</testcase>
<testcase name="test0607" classname="RegressionTest1" time="0">
<system-out><![CDATA[
unique-id: [engine:junit-vintage]/[runner:RegressionTest]/[test:RegressionTest1]/[test:test0607(RegressionTest1)]
display-name: test0607
]]></system-out>
</testcase>
<testcase name="test0137" classname="RegressionTest0" time="0">
<system-out><![CDATA[
unique-id: [engine:junit-vintage]/[runner:RegressionTest]/[test:RegressionTest0]/[test:test0137(RegressionTest0)]
display-name: test0137
]]></system-out>
</testcase>
<testcase name="test0620" classname="RegressionTest1" time="0">
<system-out><![CDATA[
unique-id: [engine:junit-vintage]/[runner:RegressionTest]/[test:RegressionTest1]/[test:test0620(RegressionTest1)]
display-name: test0620
]]></system-out>
</testcase>
<testcase name="test0909" classname="RegressionTest1" time="0">
<system-out><![CDATA[
unique-id: [engine:junit-vintage]/[runner:RegressionTest]/[test:RegressionTest1]/[test:test0909(RegressionTest1)]
display-name: test0909
]]></system-out>
</testcase>
<testcase name="test0058" classname="RegressionTest0" time="0">
<system-out><![CDATA[
unique-id: [engine:junit-vintage]/[runner:RegressionTest]/[test:RegressionTest0]/[test:test0058(RegressionTest0)]
display-name: test0058
]]></system-out>
</testcase>
<testcase name="test0576" classname="RegressionTest1" time="0">
<system-out><![CDATA[
unique-id: [engine:junit-vintage]/[runner:RegressionTest]/[test:RegressionTest1]/[test:test0576(RegressionTest1)]
display-name: test0576
]]></system-out>
</testcase>
<testcase name="test0541" classname="RegressionTest1" time="0">
<system-out><![CDATA[
unique-id: [engine:junit-vintage]/[runner:RegressionTest]/[test:RegressionTest1]/[test:test0541(RegressionTest1)]
display-name: test0541
]]></system-out>
</testcase>
<testcase name="test0655" classname="RegressionTest1" time="0">
<system-out><![CDATA[
unique-id: [engine:junit-vintage]/[runner:RegressionTest]/[test:RegressionTest1]/[test:test0655(RegressionTest1)]
display-name: test0655
]]></system-out>
</testcase>
<testcase name="test0023" classname="RegressionTest0" time="0">
<system-out><![CDATA[
unique-id: [engine:junit-vintage]/[runner:RegressionTest]/[test:RegressionTest0]/[test:test0023(RegressionTest0)]
display-name: test0023
]]></system-out>
</testcase>
<testcase name="test0090" classname="RegressionTest0" time="0">
<system-out><![CDATA[
unique-id: [engine:junit-vintage]/[runner:RegressionTest]/[test:RegressionTest0]/[test:test0090(RegressionTest0)]
display-name: test0090
]]></system-out>
</testcase>
<testcase name="test0769" classname="RegressionTest1" time="0">
<system-out><![CDATA[
unique-id: [engine:junit-vintage]/[runner:RegressionTest]/[test:RegressionTest1]/[test:test0769(RegressionTest1)]
display-name: test0769
]]></system-out>
</testcase>
<testcase name="test0630" classname="RegressionTest1" time="0">
<system-out><![CDATA[
unique-id: [engine:junit-vintage]/[runner:RegressionTest]/[test:RegressionTest1]/[test:test0630(RegressionTest1)]
display-name: test0630
]]></system-out>
</testcase>
<testcase name="test0344" classname="RegressionTest0" time="0">
<system-out><![CDATA[
unique-id: [engine:junit-vintage]/[runner:RegressionTest]/[test:RegressionTest0]/[test:test0344(RegressionTest0)]
display-name: test0344
]]></system-out>
</testcase>
<testcase name="test0226" classname="RegressionTest0" time="0">
<system-out><![CDATA[
unique-id: [engine:junit-vintage]/[runner:RegressionTest]/[test:RegressionTest0]/[test:test0226(RegressionTest0)]
display-name: test0226
]]></system-out>
</testcase>
<testcase name="test1079" classname="RegressionTest2" time="0">
<system-out><![CDATA[
unique-id: [engine:junit-vintage]/[runner:RegressionTest]/[test:RegressionTest2]/[test:test1079(RegressionTest2)]
display-name: test1079
]]></system-out>
</testcase>
<testcase name="test0509" classname="RegressionTest1" time="0">
<system-out><![CDATA[
unique-id: [engine:junit-vintage]/[runner:RegressionTest]/[test:RegressionTest1]/[test:test0509(RegressionTest1)]
display-name: test0509
]]></system-out>
</testcase>
<testcase name="test0665" classname="RegressionTest1" time="0">
<system-out><![CDATA[
unique-id: [engine:junit-vintage]/[runner:RegressionTest]/[test:RegressionTest1]/[test:test0665(RegressionTest1)]
display-name: test0665
]]></system-out>
</testcase>
<testcase name="test0966" classname="RegressionTest1" time="0">
<system-out><![CDATA[
unique-id: [engine:junit-vintage]/[runner:RegressionTest]/[test:RegressionTest1]/[test:test0966(RegressionTest1)]
display-name: test0966
]]></system-out>
</testcase>
<testcase name="test0887" classname="RegressionTest1" time="0">
<system-out><![CDATA[
unique-id: [engine:junit-vintage]/[runner:RegressionTest]/[test:RegressionTest1]/[test:test0887(RegressionTest1)]
display-name: test0887
]]></system-out>
</testcase>
<testcase name="test0858" classname="RegressionTest1" time="0">
<system-out><![CDATA[
unique-id: [engine:junit-vintage]/[runner:RegressionTest]/[test:RegressionTest1]/[test:test0858(RegressionTest1)]
display-name: test0858
]]></system-out>
</testcase>
<testcase name="test0230" classname="RegressionTest0" time="0">
<system-out><![CDATA[
unique-id: [engine:junit-vintage]/[runner:RegressionTest]/[test:RegressionTest0]/[test:test0230(RegressionTest0)]
display-name: test0230
]]></system-out>
</testcase>
<testcase name="test0112" classname="RegressionTest0" time="0">
<system-out><![CDATA[
unique-id: [engine:junit-vintage]/[runner:RegressionTest]/[test:RegressionTest0]/[test:test0112(RegressionTest0)]
display-name: test0112
]]></system-out>
</testcase>
<testcase name="test0490" classname="RegressionTest0" time="0">
<system-out><![CDATA[
unique-id: [engine:junit-vintage]/[runner:RegressionTest]/[test:RegressionTest0]/[test:test0490(RegressionTest0)]
display-name: test0490
]]></system-out>
</testcase>
<testcase name="test0706" classname="RegressionTest1" time="0">
<system-out><![CDATA[
unique-id: [engine:junit-vintage]/[runner:RegressionTest]/[test:RegressionTest1]/[test:test0706(RegressionTest1)]
display-name: test0706
]]></system-out>
</testcase>
<testcase name="test0423" classname="RegressionTest0" time="0">
<system-out><![CDATA[
unique-id: [engine:junit-vintage]/[runner:RegressionTest]/[test:RegressionTest0]/[test:test0423(RegressionTest0)]
display-name: test0423
]]></system-out>
</testcase>
<testcase name="test0566" classname="RegressionTest1" time="0">
<system-out><![CDATA[
unique-id: [engine:junit-vintage]/[runner:RegressionTest]/[test:RegressionTest1]/[test:test0566(RegressionTest1)]
display-name: test0566
]]></system-out>
</testcase>
<testcase name="test0779" classname="RegressionTest1" time="0">
<system-out><![CDATA[
unique-id: [engine:junit-vintage]/[runner:RegressionTest]/[test:RegressionTest1]/[test:test0779(RegressionTest1)]
display-name: test0779
]]></system-out>
</testcase>
<testcase name="test0033" classname="RegressionTest0" time="0">
<system-out><![CDATA[
unique-id: [engine:junit-vintage]/[runner:RegressionTest]/[test:RegressionTest0]/[test:test0033(RegressionTest0)]
display-name: test0033
]]></system-out>
</testcase>
<testcase name="test0236" classname="RegressionTest0" time="0">
<system-out><![CDATA[
unique-id: [engine:junit-vintage]/[runner:RegressionTest]/[test:RegressionTest0]/[test:test0236(RegressionTest0)]
display-name: test0236
]]></system-out>
</testcase>
<testcase name="test0315" classname="RegressionTest0" time="0">
<system-out><![CDATA[
unique-id: [engine:junit-vintage]/[runner:RegressionTest]/[test:RegressionTest0]/[test:test0315(RegressionTest0)]
display-name: test0315
]]></system-out>
</testcase>
<testcase name="test0141" classname="RegressionTest0" time="0">
<system-out><![CDATA[
unique-id: [engine:junit-vintage]/[runner:RegressionTest]/[test:RegressionTest0]/[test:test0141(RegressionTest0)]
display-name: test0141
]]></system-out>
</testcase>
<testcase name="test0220" classname="RegressionTest0" time="0">
<system-out><![CDATA[
unique-id: [engine:junit-vintage]/[runner:RegressionTest]/[test:RegressionTest0]/[test:test0220(RegressionTest0)]
display-name: test0220
]]></system-out>
</testcase>
<testcase name="test0433" classname="RegressionTest0" time="0">
<system-out><![CDATA[
unique-id: [engine:junit-vintage]/[runner:RegressionTest]/[test:RegressionTest0]/[test:test0433(RegressionTest0)]
display-name: test0433
]]></system-out>
</testcase>
<testcase name="test0293" classname="RegressionTest0" time="0">
<system-out><![CDATA[
unique-id: [engine:junit-vintage]/[runner:RegressionTest]/[test:RegressionTest0]/[test:test0293(RegressionTest0)]
display-name: test0293
]]></system-out>
</testcase>
<testcase name="test0976" classname="RegressionTest1" time="0">
<system-out><![CDATA[
unique-id: [engine:junit-vintage]/[runner:RegressionTest]/[test:RegressionTest1]/[test:test0976(RegressionTest1)]
display-name: test0976
]]></system-out>
</testcase>
<testcase name="test0947" classname="RegressionTest1" time="0">
<system-out><![CDATA[
unique-id: [engine:junit-vintage]/[runner:RegressionTest]/[test:RegressionTest1]/[test:test0947(RegressionTest1)]
display-name: test0947
]]></system-out>
</testcase>
<testcase name="test0617" classname="RegressionTest1" time="0">
<system-out><![CDATA[
unique-id: [engine:junit-vintage]/[runner:RegressionTest]/[test:RegressionTest1]/[test:test0617(RegressionTest1)]
display-name: test0617
]]></system-out>
</testcase>
<testcase name="test0684" classname="RegressionTest1" time="0">
<system-out><![CDATA[
unique-id: [engine:junit-vintage]/[runner:RegressionTest]/[test:RegressionTest1]/[test:test0684(RegressionTest1)]
display-name: test0684
]]></system-out>
</testcase>
<testcase name="test0798" classname="RegressionTest1" time="0">
<system-out><![CDATA[
unique-id: [engine:junit-vintage]/[runner:RegressionTest]/[test:RegressionTest1]/[test:test0798(RegressionTest1)]
display-name: test0798
]]></system-out>
</testcase>
<testcase name="test0471" classname="RegressionTest0" time="0">
<system-out><![CDATA[
unique-id: [engine:junit-vintage]/[runner:RegressionTest]/[test:RegressionTest0]/[test:test0471(RegressionTest0)]
display-name: test0471
]]></system-out>
</testcase>
<testcase name="test0166" classname="RegressionTest0" time="0">
<system-out><![CDATA[
unique-id: [engine:junit-vintage]/[runner:RegressionTest]/[test:RegressionTest0]/[test:test0166(RegressionTest0)]
display-name: test0166
]]></system-out>
</testcase>
<testcase name="test0052" classname="RegressionTest0" time="0">
<system-out><![CDATA[
unique-id: [engine:junit-vintage]/[runner:RegressionTest]/[test:RegressionTest0]/[test:test0052(RegressionTest0)]
display-name: test0052
]]></system-out>
</testcase>
<testcase name="test0922" classname="RegressionTest1" time="0">
<system-out><![CDATA[
unique-id: [engine:junit-vintage]/[runner:RegressionTest]/[test:RegressionTest1]/[test:test0922(RegressionTest1)]
display-name: test0922
]]></system-out>
</testcase>
<testcase name="test0404" classname="RegressionTest0" time="0">
<system-out><![CDATA[
unique-id: [engine:junit-vintage]/[runner:RegressionTest]/[test:RegressionTest0]/[test:test0404(RegressionTest0)]
display-name: test0404
]]></system-out>
</testcase>
<testcase name="test0201" classname="RegressionTest0" time="0">
<system-out><![CDATA[
unique-id: [engine:junit-vintage]/[runner:RegressionTest]/[test:RegressionTest0]/[test:test0201(RegressionTest0)]
display-name: test0201
]]></system-out>
</testcase>
<testcase name="test0547" classname="RegressionTest1" time="0">
<system-out><![CDATA[
unique-id: [engine:junit-vintage]/[runner:RegressionTest]/[test:RegressionTest1]/[test:test0547(RegressionTest1)]
display-name: test0547
]]></system-out>
</testcase>
<testcase name="test1054" classname="RegressionTest2" time="0">
<system-out><![CDATA[
unique-id: [engine:junit-vintage]/[runner:RegressionTest]/[test:RegressionTest2]/[test:test1054(RegressionTest2)]
display-name: test1054
]]></system-out>
</testcase>
<testcase name="test0369" classname="RegressionTest0" time="0">
<system-out><![CDATA[
unique-id: [engine:junit-vintage]/[runner:RegressionTest]/[test:RegressionTest0]/[test:test0369(RegressionTest0)]
display-name: test0369
]]></system-out>
</testcase>
<testcase name="test0382" classname="RegressionTest0" time="0">
<system-out><![CDATA[
unique-id: [engine:junit-vintage]/[runner:RegressionTest]/[test:RegressionTest0]/[test:test0382(RegressionTest0)]
display-name: test0382
]]></system-out>
</testcase>
<testcase name="test0852" classname="RegressionTest1" time="0">
<system-out><![CDATA[
unique-id: [engine:junit-vintage]/[runner:RegressionTest]/[test:RegressionTest1]/[test:test0852(RegressionTest1)]
display-name: test0852
]]></system-out>
</testcase>
<testcase name="test0522" classname="RegressionTest1" time="0">
<system-out><![CDATA[
unique-id: [engine:junit-vintage]/[runner:RegressionTest]/[test:RegressionTest1]/[test:test0522(RegressionTest1)]
display-name: test0522
]]></system-out>
</testcase>
<testcase name="test0439" classname="RegressionTest0" time="0">
<system-out><![CDATA[
unique-id: [engine:junit-vintage]/[runner:RegressionTest]/[test:RegressionTest0]/[test:test0439(RegressionTest0)]
display-name: test0439
]]></system-out>
</testcase>
<testcase name="test0452" classname="RegressionTest0" time="0">
<system-out><![CDATA[
unique-id: [engine:junit-vintage]/[runner:RegressionTest]/[test:RegressionTest0]/[test:test0452(RegressionTest0)]
display-name: test0452
]]></system-out>
</testcase>
<testcase name="test0039" classname="RegressionTest0" time="0">
<system-out><![CDATA[
unique-id: [engine:junit-vintage]/[runner:RegressionTest]/[test:RegressionTest0]/[test:test0039(RegressionTest0)]
display-name: test0039
]]></system-out>
</testcase>
<testcase name="test0595" classname="RegressionTest1" time="0">
<system-out><![CDATA[
unique-id: [engine:junit-vintage]/[runner:RegressionTest]/[test:RegressionTest1]/[test:test0595(RegressionTest1)]
display-name: test0595
]]></system-out>
</testcase>
<testcase name="test1006" classname="RegressionTest2" time="0">
<system-out><![CDATA[
unique-id: [engine:junit-vintage]/[runner:RegressionTest]/[test:RegressionTest2]/[test:test1006(RegressionTest2)]
display-name: test1006
]]></system-out>
</testcase>
<testcase name="test0744" classname="RegressionTest1" time="0">
<system-out><![CDATA[
unique-id: [engine:junit-vintage]/[runner:RegressionTest]/[test:RegressionTest1]/[test:test0744(RegressionTest1)]
display-name: test0744
]]></system-out>
</testcase>
<testcase name="test0928" classname="RegressionTest1" time="0">
<system-out><![CDATA[
unique-id: [engine:junit-vintage]/[runner:RegressionTest]/[test:RegressionTest1]/[test:test0928(RegressionTest1)]
display-name: test0928
]]></system-out>
</testcase>
<testcase name="test0147" classname="RegressionTest0" time="0">
<system-out><![CDATA[
unique-id: [engine:junit-vintage]/[runner:RegressionTest]/[test:RegressionTest0]/[test:test0147(RegressionTest0)]
display-name: test0147
]]></system-out>
</testcase>
<testcase name="test0160" classname="RegressionTest0" time="0">
<system-out><![CDATA[
unique-id: [engine:junit-vintage]/[runner:RegressionTest]/[test:RegressionTest0]/[test:test0160(RegressionTest0)]
display-name: test0160
]]></system-out>
</testcase>
<testcase name="test0636" classname="RegressionTest1" time="0">
<system-out><![CDATA[
unique-id: [engine:junit-vintage]/[runner:RegressionTest]/[test:RegressionTest1]/[test:test0636(RegressionTest1)]
display-name: test0636
]]></system-out>
</testcase>
<testcase name="test0071" classname="RegressionTest0" time="0">
<system-out><![CDATA[
unique-id: [engine:junit-vintage]/[runner:RegressionTest]/[test:RegressionTest0]/[test:test0071(RegressionTest0)]
display-name: test0071
]]></system-out>
</testcase>
<testcase name="test0255" classname="RegressionTest0" time="0">
<system-out><![CDATA[
unique-id: [engine:junit-vintage]/[runner:RegressionTest]/[test:RegressionTest0]/[test:test0255(RegressionTest0)]
display-name: test0255
]]></system-out>
</testcase>
<testcase name="test1073" classname="RegressionTest2" time="0">
<system-out><![CDATA[
unique-id: [engine:junit-vintage]/[runner:RegressionTest]/[test:RegressionTest2]/[test:test1073(RegressionTest2)]
display-name: test1073
]]></system-out>
</testcase>
<testcase name="test0458" classname="RegressionTest0" time="0">
<system-out><![CDATA[
unique-id: [engine:junit-vintage]/[runner:RegressionTest]/[test:RegressionTest0]/[test:test0458(RegressionTest0)]
display-name: test0458
]]></system-out>
</testcase>
<testcase name="test0941" classname="RegressionTest1" time="0">
<system-out><![CDATA[
unique-id: [engine:junit-vintage]/[runner:RegressionTest]/[test:RegressionTest1]/[test:test0941(RegressionTest1)]
display-name: test0941
]]></system-out>
</testcase>
<testcase name="test0833" classname="RegressionTest1" time="0">
<system-out><![CDATA[
unique-id: [engine:junit-vintage]/[runner:RegressionTest]/[test:RegressionTest1]/[test:test0833(RegressionTest1)]
display-name: test0833
]]></system-out>
</testcase>
<testcase name="test0528" classname="RegressionTest1" time="0">
<system-out><![CDATA[
unique-id: [engine:junit-vintage]/[runner:RegressionTest]/[test:RegressionTest1]/[test:test0528(RegressionTest1)]
display-name: test0528
]]></system-out>
</testcase>
<testcase name="test0363" classname="RegressionTest0" time="0">
<system-out><![CDATA[
unique-id: [engine:junit-vintage]/[runner:RegressionTest]/[test:RegressionTest0]/[test:test0363(RegressionTest0)]
display-name: test0363
]]></system-out>
</testcase>
<system-out><![CDATA[
unique-id: [engine:junit-vintage]
display-name: JUnit Vintage
]]></system-out>
</testsuite>
