<?xml version="1.0" encoding="UTF-8"?>
<testsuite name="JUnit Vintage" tests="877" skipped="0" failures="0" errors="0" time="0.691" hostname="johcue-VirtualBox" timestamp="2024-11-30T14:52:44">
<properties>
[...]
</properties>
<testcase name="test679" classname="RegressionTest1" time="0">
<system-out><![CDATA[
unique-id: [engine:junit-vintage]/[runner:RegressionTest]/[test:RegressionTest1]/[test:test679(RegressionTest1)]
display-name: test679
]]></system-out>
</testcase>
<testcase name="test715" classname="RegressionTest1" time="0">
<system-out><![CDATA[
unique-id: [engine:junit-vintage]/[runner:RegressionTest]/[test:RegressionTest1]/[test:test715(RegressionTest1)]
display-name: test715
]]></system-out>
</testcase>
<testcase name="test118" classname="RegressionTest0" time="0">
<system-out><![CDATA[
unique-id: [engine:junit-vintage]/[runner:RegressionTest]/[test:RegressionTest0]/[test:test118(RegressionTest0)]
display-name: test118
]]></system-out>
</testcase>
<testcase name="test160" classname="RegressionTest0" time="0">
<system-out><![CDATA[
unique-id: [engine:junit-vintage]/[runner:RegressionTest]/[test:RegressionTest0]/[test:test160(RegressionTest0)]
display-name: test160
]]></system-out>
</testcase>
<testcase name="test644" classname="RegressionTest1" time="0">
<system-out><![CDATA[
unique-id: [engine:junit-vintage]/[runner:RegressionTest]/[test:RegressionTest1]/[test:test644(RegressionTest1)]
display-name: test644
]]></system-out>
</testcase>
<testcase name="test195" classname="RegressionTest0" time="0.001">
<system-out><![CDATA[
unique-id: [engine:junit-vintage]/[runner:RegressionTest]/[test:RegressionTest0]/[test:test195(RegressionTest0)]
display-name: test195
]]></system-out>
</testcase>
<testcase name="test465" classname="RegressionTest0" time="0">
<system-out><![CDATA[
unique-id: [engine:junit-vintage]/[runner:RegressionTest]/[test:RegressionTest0]/[test:test465(RegressionTest0)]
display-name: test465
]]></system-out>
</testcase>
<testcase name="test266" classname="RegressionTest0" time="0">
<system-out><![CDATA[
unique-id: [engine:junit-vintage]/[runner:RegressionTest]/[test:RegressionTest0]/[test:test266(RegressionTest0)]
display-name: test266
]]></system-out>
</testcase>
<testcase name="test302" classname="RegressionTest0" time="0">
<system-out><![CDATA[
unique-id: [engine:junit-vintage]/[runner:RegressionTest]/[test:RegressionTest0]/[test:test302(RegressionTest0)]
display-name: test302
]]></system-out>
</testcase>
<testcase name="test792" classname="RegressionTest1" time="0">
<system-out><![CDATA[
unique-id: [engine:junit-vintage]/[runner:RegressionTest]/[test:RegressionTest1]/[test:test792(RegressionTest1)]
display-name: test792
]]></system-out>
</testcase>
<testcase name="test231" classname="RegressionTest0" time="0">
<system-out><![CDATA[
unique-id: [engine:junit-vintage]/[runner:RegressionTest]/[test:RegressionTest0]/[test:test231(RegressionTest0)]
display-name: test231
]]></system-out>
</testcase>
<testcase name="test593" classname="RegressionTest1" time="0">
<system-out><![CDATA[
unique-id: [engine:junit-vintage]/[runner:RegressionTest]/[test:RegressionTest1]/[test:test593(RegressionTest1)]
display-name: test593
]]></system-out>
</testcase>
<testcase name="test408" classname="RegressionTest0" time="0">
<system-out><![CDATA[
unique-id: [engine:junit-vintage]/[runner:RegressionTest]/[test:RegressionTest0]/[test:test408(RegressionTest0)]
display-name: test408
]]></system-out>
</testcase>
<testcase name="test103" classname="RegressionTest0" time="0">
<system-out><![CDATA[
unique-id: [engine:junit-vintage]/[runner:RegressionTest]/[test:RegressionTest0]/[test:test103(RegressionTest0)]
display-name: test103
]]></system-out>
</testcase>
<testcase name="test032" classname="RegressionTest0" time="0.004">
<system-out><![CDATA[
unique-id: [engine:junit-vintage]/[runner:RegressionTest]/[test:RegressionTest0]/[test:test032(RegressionTest0)]
display-name: test032
]]></system-out>
</testcase>
<testcase name="test772" classname="RegressionTest1" time="0">
<system-out><![CDATA[
unique-id: [engine:junit-vintage]/[runner:RegressionTest]/[test:RegressionTest1]/[test:test772(RegressionTest1)]
display-name: test772
]]></system-out>
</testcase>
<testcase name="test843" classname="RegressionTest1" time="0">
<system-out><![CDATA[
unique-id: [engine:junit-vintage]/[runner:RegressionTest]/[test:RegressionTest1]/[test:test843(RegressionTest1)]
display-name: test843
]]></system-out>
</testcase>
<testcase name="test337" classname="RegressionTest0" time="0">
<system-out><![CDATA[
unique-id: [engine:junit-vintage]/[runner:RegressionTest]/[test:RegressionTest0]/[test:test337(RegressionTest0)]
display-name: test337
]]></system-out>
</testcase>
<testcase name="test450" classname="RegressionTest0" time="0">
<system-out><![CDATA[
unique-id: [engine:junit-vintage]/[runner:RegressionTest]/[test:RegressionTest0]/[test:test450(RegressionTest0)]
display-name: test450
]]></system-out>
</testcase>
<testcase name="test211" classname="RegressionTest0" time="0">
<system-out><![CDATA[
unique-id: [engine:junit-vintage]/[runner:RegressionTest]/[test:RegressionTest0]/[test:test211(RegressionTest0)]
display-name: test211
]]></system-out>
</testcase>
<testcase name="test047" classname="RegressionTest0" time="0.001">
<system-out><![CDATA[
unique-id: [engine:junit-vintage]/[runner:RegressionTest]/[test:RegressionTest0]/[test:test047(RegressionTest0)]
display-name: test047
]]></system-out>
</testcase>
<testcase name="test659" classname="RegressionTest1" time="0">
<system-out><![CDATA[
unique-id: [engine:junit-vintage]/[runner:RegressionTest]/[test:RegressionTest1]/[test:test659(RegressionTest1)]
display-name: test659
]]></system-out>
</testcase>
<testcase name="test664" classname="RegressionTest1" time="0">
<system-out><![CDATA[
unique-id: [engine:junit-vintage]/[runner:RegressionTest]/[test:RegressionTest1]/[test:test664(RegressionTest1)]
display-name: test664
]]></system-out>
</testcase>
<testcase name="test394" classname="RegressionTest0" time="0">
<system-out><![CDATA[
unique-id: [engine:junit-vintage]/[runner:RegressionTest]/[test:RegressionTest0]/[test:test394(RegressionTest0)]
display-name: test394
]]></system-out>
</testcase>
<testcase name="test858" classname="RegressionTest1" time="0">
<system-out><![CDATA[
unique-id: [engine:junit-vintage]/[runner:RegressionTest]/[test:RegressionTest1]/[test:test858(RegressionTest1)]
display-name: test858
]]></system-out>
</testcase>
<testcase name="test357" classname="RegressionTest0" time="0">
<system-out><![CDATA[
unique-id: [engine:junit-vintage]/[runner:RegressionTest]/[test:RegressionTest0]/[test:test357(RegressionTest0)]
display-name: test357
]]></system-out>
</testcase>
<testcase name="test536" classname="RegressionTest1" time="0">
<system-out><![CDATA[
unique-id: [engine:junit-vintage]/[runner:RegressionTest]/[test:RegressionTest1]/[test:test536(RegressionTest1)]
display-name: test536
]]></system-out>
</testcase>
<testcase name="test501" classname="RegressionTest1" time="0">
<system-out><![CDATA[
unique-id: [engine:junit-vintage]/[runner:RegressionTest]/[test:RegressionTest1]/[test:test501(RegressionTest1)]
display-name: test501
]]></system-out>
</testcase>
<testcase name="test752" classname="RegressionTest1" time="0">
<system-out><![CDATA[
unique-id: [engine:junit-vintage]/[runner:RegressionTest]/[test:RegressionTest1]/[test:test752(RegressionTest1)]
display-name: test752
]]></system-out>
</testcase>
<testcase name="test624" classname="RegressionTest1" time="0">
<system-out><![CDATA[
unique-id: [engine:junit-vintage]/[runner:RegressionTest]/[test:RegressionTest1]/[test:test624(RegressionTest1)]
display-name: test624
]]></system-out>
</testcase>
<testcase name="test226" classname="RegressionTest0" time="0.001">
<system-out><![CDATA[
unique-id: [engine:junit-vintage]/[runner:RegressionTest]/[test:RegressionTest0]/[test:test226(RegressionTest0)]
display-name: test226
]]></system-out>
</testcase>
<testcase name="test470" classname="RegressionTest0" time="0">
<system-out><![CDATA[
unique-id: [engine:junit-vintage]/[runner:RegressionTest]/[test:RegressionTest0]/[test:test470(RegressionTest0)]
display-name: test470
]]></system-out>
</testcase>
<testcase name="test123" classname="RegressionTest0" time="0">
<system-out><![CDATA[
unique-id: [engine:junit-vintage]/[runner:RegressionTest]/[test:RegressionTest0]/[test:test123(RegressionTest0)]
display-name: test123
]]></system-out>
</testcase>
<testcase name="test735" classname="RegressionTest1" time="0">
<system-out><![CDATA[
unique-id: [engine:junit-vintage]/[runner:RegressionTest]/[test:RegressionTest1]/[test:test735(RegressionTest1)]
display-name: test735
]]></system-out>
</testcase>
<testcase name="test374" classname="RegressionTest0" time="0">
<system-out><![CDATA[
unique-id: [engine:junit-vintage]/[runner:RegressionTest]/[test:RegressionTest0]/[test:test374(RegressionTest0)]
display-name: test374
]]></system-out>
</testcase>
<testcase name="test027" classname="RegressionTest0" time="0">
<system-out><![CDATA[
unique-id: [engine:junit-vintage]/[runner:RegressionTest]/[test:RegressionTest0]/[test:test027(RegressionTest0)]
display-name: test027
]]></system-out>
</testcase>
<testcase name="test140" classname="RegressionTest0" time="0">
<system-out><![CDATA[
unique-id: [engine:junit-vintage]/[runner:RegressionTest]/[test:RegressionTest0]/[test:test140(RegressionTest0)]
display-name: test140
]]></system-out>
</testcase>
<testcase name="test246" classname="RegressionTest0" time="0">
<system-out><![CDATA[
unique-id: [engine:junit-vintage]/[runner:RegressionTest]/[test:RegressionTest0]/[test:test246(RegressionTest0)]
display-name: test246
]]></system-out>
</testcase>
<testcase name="test007" classname="RegressionTest0" time="0">
<system-out><![CDATA[
unique-id: [engine:junit-vintage]/[runner:RegressionTest]/[test:RegressionTest0]/[test:test007(RegressionTest0)]
display-name: test007
]]></system-out>
</testcase>
<testcase name="test120" classname="RegressionTest0" time="0">
<system-out><![CDATA[
unique-id: [engine:junit-vintage]/[runner:RegressionTest]/[test:RegressionTest0]/[test:test120(RegressionTest0)]
display-name: test120
]]></system-out>
</testcase>
<testcase name="test354" classname="RegressionTest0" time="0">
<system-out><![CDATA[
unique-id: [engine:junit-vintage]/[runner:RegressionTest]/[test:RegressionTest0]/[test:test354(RegressionTest0)]
display-name: test354
]]></system-out>
</testcase>
<testcase name="test863" classname="RegressionTest1" time="0">
<system-out><![CDATA[
unique-id: [engine:junit-vintage]/[runner:RegressionTest]/[test:RegressionTest1]/[test:test863(RegressionTest1)]
display-name: test863
]]></system-out>
</testcase>
<testcase name="test639" classname="RegressionTest1" time="0">
<system-out><![CDATA[
unique-id: [engine:junit-vintage]/[runner:RegressionTest]/[test:RegressionTest1]/[test:test639(RegressionTest1)]
display-name: test639
]]></system-out>
</testcase>
<testcase name="test012" classname="RegressionTest0" time="0">
<system-out><![CDATA[
unique-id: [engine:junit-vintage]/[runner:RegressionTest]/[test:RegressionTest0]/[test:test012(RegressionTest0)]
display-name: test012
]]></system-out>
</testcase>
<testcase name="test377" classname="RegressionTest0" time="0">
<system-out><![CDATA[
unique-id: [engine:junit-vintage]/[runner:RegressionTest]/[test:RegressionTest0]/[test:test377(RegressionTest0)]
display-name: test377
]]></system-out>
</testcase>
<testcase name="test516" classname="RegressionTest1" time="0.001">
<system-out><![CDATA[
unique-id: [engine:junit-vintage]/[runner:RegressionTest]/[test:RegressionTest1]/[test:test516(RegressionTest1)]
display-name: test516
]]></system-out>
</testcase>
<testcase name="test251" classname="RegressionTest0" time="0">
<system-out><![CDATA[
unique-id: [engine:junit-vintage]/[runner:RegressionTest]/[test:RegressionTest0]/[test:test251(RegressionTest0)]
display-name: test251
]]></system-out>
</testcase>
<testcase name="test485" classname="RegressionTest0" time="0">
<system-out><![CDATA[
unique-id: [engine:junit-vintage]/[runner:RegressionTest]/[test:RegressionTest0]/[test:test485(RegressionTest0)]
display-name: test485
]]></system-out>
</testcase>
<testcase name="test138" classname="RegressionTest0" time="0">
<system-out><![CDATA[
unique-id: [engine:junit-vintage]/[runner:RegressionTest]/[test:RegressionTest0]/[test:test138(RegressionTest0)]
display-name: test138
]]></system-out>
</testcase>
<testcase name="test521" classname="RegressionTest1" time="0">
<system-out><![CDATA[
unique-id: [engine:junit-vintage]/[runner:RegressionTest]/[test:RegressionTest1]/[test:test521(RegressionTest1)]
display-name: test521
]]></system-out>
</testcase>
<testcase name="test755" classname="RegressionTest1" time="0">
<system-out><![CDATA[
unique-id: [engine:junit-vintage]/[runner:RegressionTest]/[test:RegressionTest1]/[test:test755(RegressionTest1)]
display-name: test755
]]></system-out>
</testcase>
<testcase name="test661" classname="RegressionTest1" time="0">
<system-out><![CDATA[
unique-id: [engine:junit-vintage]/[runner:RegressionTest]/[test:RegressionTest1]/[test:test661(RegressionTest1)]
display-name: test661
]]></system-out>
</testcase>
<testcase name="test143" classname="RegressionTest0" time="0">
<system-out><![CDATA[
unique-id: [engine:junit-vintage]/[runner:RegressionTest]/[test:RegressionTest0]/[test:test143(RegressionTest0)]
display-name: test143
]]></system-out>
</testcase>
<testcase name="test064" classname="RegressionTest0" time="0.001">
<system-out><![CDATA[
unique-id: [engine:junit-vintage]/[runner:RegressionTest]/[test:RegressionTest0]/[test:test064(RegressionTest0)]
display-name: test064
]]></system-out>
</testcase>
<testcase name="test178" classname="RegressionTest0" time="0">
<system-out><![CDATA[
unique-id: [engine:junit-vintage]/[runner:RegressionTest]/[test:RegressionTest0]/[test:test178(RegressionTest0)]
display-name: test178
]]></system-out>
</testcase>
<testcase name="test135" classname="RegressionTest0" time="0">
<system-out><![CDATA[
unique-id: [engine:junit-vintage]/[runner:RegressionTest]/[test:RegressionTest0]/[test:test135(RegressionTest0)]
display-name: test135
]]></system-out>
</testcase>
<testcase name="test448" classname="RegressionTest0" time="0">
<system-out><![CDATA[
unique-id: [engine:junit-vintage]/[runner:RegressionTest]/[test:RegressionTest0]/[test:test448(RegressionTest0)]
display-name: test448
]]></system-out>
</testcase>
<testcase name="test099" classname="RegressionTest0" time="0.001">
<system-out><![CDATA[
unique-id: [engine:junit-vintage]/[runner:RegressionTest]/[test:RegressionTest0]/[test:test099(RegressionTest0)]
display-name: test099
]]></system-out>
</testcase>
<testcase name="test767" classname="RegressionTest1" time="0">
<system-out><![CDATA[
unique-id: [engine:junit-vintage]/[runner:RegressionTest]/[test:RegressionTest1]/[test:test767(RegressionTest1)]
display-name: test767
]]></system-out>
</testcase>
<testcase name="test291" classname="RegressionTest0" time="0">
<system-out><![CDATA[
unique-id: [engine:junit-vintage]/[runner:RegressionTest]/[test:RegressionTest0]/[test:test291(RegressionTest0)]
display-name: test291
]]></system-out>
</testcase>
<testcase name="test405" classname="RegressionTest0" time="0">
<system-out><![CDATA[
unique-id: [engine:junit-vintage]/[runner:RegressionTest]/[test:RegressionTest0]/[test:test405(RegressionTest0)]
display-name: test405
]]></system-out>
</testcase>
<testcase name="test548" classname="RegressionTest1" time="0">
<system-out><![CDATA[
unique-id: [engine:junit-vintage]/[runner:RegressionTest]/[test:RegressionTest1]/[test:test548(RegressionTest1)]
display-name: test548
]]></system-out>
</testcase>
<testcase name="test775" classname="RegressionTest1" time="0">
<system-out><![CDATA[
unique-id: [engine:junit-vintage]/[runner:RegressionTest]/[test:RegressionTest1]/[test:test775(RegressionTest1)]
display-name: test775
]]></system-out>
</testcase>
<testcase name="test283" classname="RegressionTest0" time="0">
<system-out><![CDATA[
unique-id: [engine:junit-vintage]/[runner:RegressionTest]/[test:RegressionTest0]/[test:test283(RegressionTest0)]
display-name: test283
]]></system-out>
</testcase>
<testcase name="test696" classname="RegressionTest1" time="0">
<system-out><![CDATA[
unique-id: [engine:junit-vintage]/[runner:RegressionTest]/[test:RegressionTest1]/[test:test696(RegressionTest1)]
display-name: test696
]]></system-out>
</testcase>
<testcase name="test604" classname="RegressionTest1" time="0">
<system-out><![CDATA[
unique-id: [engine:junit-vintage]/[runner:RegressionTest]/[test:RegressionTest1]/[test:test604(RegressionTest1)]
display-name: test604
]]></system-out>
</testcase>
<testcase name="test389" classname="RegressionTest0" time="0">
<system-out><![CDATA[
unique-id: [engine:junit-vintage]/[runner:RegressionTest]/[test:RegressionTest0]/[test:test389(RegressionTest0)]
display-name: test389
]]></system-out>
</testcase>
<testcase name="test720" classname="RegressionTest1" time="0">
<system-out><![CDATA[
unique-id: [engine:junit-vintage]/[runner:RegressionTest]/[test:RegressionTest1]/[test:test720(RegressionTest1)]
display-name: test720
]]></system-out>
</testcase>
<testcase name="test497" classname="RegressionTest0" time="0">
<system-out><![CDATA[
unique-id: [engine:junit-vintage]/[runner:RegressionTest]/[test:RegressionTest0]/[test:test497(RegressionTest0)]
display-name: test497
]]></system-out>
</testcase>
<testcase name="test397" classname="RegressionTest0" time="0.001">
<system-out><![CDATA[
unique-id: [engine:junit-vintage]/[runner:RegressionTest]/[test:RegressionTest0]/[test:test397(RegressionTest0)]
display-name: test397
]]></system-out>
</testcase>
<testcase name="test334" classname="RegressionTest0" time="0">
<system-out><![CDATA[
unique-id: [engine:junit-vintage]/[runner:RegressionTest]/[test:RegressionTest0]/[test:test334(RegressionTest0)]
display-name: test334
]]></system-out>
</testcase>
<testcase name="test556" classname="RegressionTest1" time="0">
<system-out><![CDATA[
unique-id: [engine:junit-vintage]/[runner:RegressionTest]/[test:RegressionTest1]/[test:test556(RegressionTest1)]
display-name: test556
]]></system-out>
</testcase>
<testcase name="test413" classname="RegressionTest0" time="0">
<system-out><![CDATA[
unique-id: [engine:junit-vintage]/[runner:RegressionTest]/[test:RegressionTest0]/[test:test413(RegressionTest0)]
display-name: test413
]]></system-out>
</testcase>
<testcase name="test234" classname="RegressionTest0" time="0">
<system-out><![CDATA[
unique-id: [engine:junit-vintage]/[runner:RegressionTest]/[test:RegressionTest0]/[test:test234(RegressionTest0)]
display-name: test234
]]></system-out>
</testcase>
<testcase name="test590" classname="RegressionTest1" time="0">
<system-out><![CDATA[
unique-id: [engine:junit-vintage]/[runner:RegressionTest]/[test:RegressionTest1]/[test:test590(RegressionTest1)]
display-name: test590
]]></system-out>
</testcase>
<testcase name="test712" classname="RegressionTest1" time="0">
<system-out><![CDATA[
unique-id: [engine:junit-vintage]/[runner:RegressionTest]/[test:RegressionTest1]/[test:test712(RegressionTest1)]
display-name: test712
]]></system-out>
</testcase>
<testcase name="test342" classname="RegressionTest0" time="0">
<system-out><![CDATA[
unique-id: [engine:junit-vintage]/[runner:RegressionTest]/[test:RegressionTest0]/[test:test342(RegressionTest0)]
display-name: test342
]]></system-out>
</testcase>
<testcase name="test229" classname="RegressionTest0" time="0">
<system-out><![CDATA[
unique-id: [engine:junit-vintage]/[runner:RegressionTest]/[test:RegressionTest0]/[test:test229(RegressionTest0)]
display-name: test229
]]></system-out>
</testcase>
<testcase name="test612" classname="RegressionTest1" time="0">
<system-out><![CDATA[
unique-id: [engine:junit-vintage]/[runner:RegressionTest]/[test:RegressionTest1]/[test:test612(RegressionTest1)]
display-name: test612
]]></system-out>
</testcase>
<testcase name="test278" classname="RegressionTest0" time="0">
<system-out><![CDATA[
unique-id: [engine:junit-vintage]/[runner:RegressionTest]/[test:RegressionTest0]/[test:test278(RegressionTest0)]
display-name: test278
]]></system-out>
</testcase>
<testcase name="test286" classname="RegressionTest0" time="0">
<system-out><![CDATA[
unique-id: [engine:junit-vintage]/[runner:RegressionTest]/[test:RegressionTest0]/[test:test286(RegressionTest0)]
display-name: test286
]]></system-out>
</testcase>
<testcase name="test561" classname="RegressionTest1" time="0">
<system-out><![CDATA[
unique-id: [engine:junit-vintage]/[runner:RegressionTest]/[test:RegressionTest1]/[test:test561(RegressionTest1)]
display-name: test561
]]></system-out>
</testcase>
<testcase name="test305" classname="RegressionTest0" time="0">
<system-out><![CDATA[
unique-id: [engine:junit-vintage]/[runner:RegressionTest]/[test:RegressionTest0]/[test:test305(RegressionTest0)]
display-name: test305
]]></system-out>
</testcase>
<testcase name="test607" classname="RegressionTest1" time="0">
<system-out><![CDATA[
unique-id: [engine:junit-vintage]/[runner:RegressionTest]/[test:RegressionTest1]/[test:test607(RegressionTest1)]
display-name: test607
]]></system-out>
</testcase>
<testcase name="test831" classname="RegressionTest1" time="0">
<system-out><![CDATA[
unique-id: [engine:junit-vintage]/[runner:RegressionTest]/[test:RegressionTest1]/[test:test831(RegressionTest1)]
display-name: test831
]]></system-out>
</testcase>
<testcase name="test445" classname="RegressionTest0" time="0">
<system-out><![CDATA[
unique-id: [engine:junit-vintage]/[runner:RegressionTest]/[test:RegressionTest0]/[test:test445(RegressionTest0)]
display-name: test445
]]></system-out>
</testcase>
<testcase name="test391" classname="RegressionTest0" time="0">
<system-out><![CDATA[
unique-id: [engine:junit-vintage]/[runner:RegressionTest]/[test:RegressionTest0]/[test:test391(RegressionTest0)]
display-name: test391
]]></system-out>
</testcase>
<testcase name="test588" classname="RegressionTest1" time="0">
<system-out><![CDATA[
unique-id: [engine:junit-vintage]/[runner:RegressionTest]/[test:RegressionTest1]/[test:test588(RegressionTest1)]
display-name: test588
]]></system-out>
</testcase>
<testcase name="test718" classname="RegressionTest1" time="0">
<system-out><![CDATA[
unique-id: [engine:junit-vintage]/[runner:RegressionTest]/[test:RegressionTest1]/[test:test718(RegressionTest1)]
display-name: test718
]]></system-out>
</testcase>
<testcase name="test183" classname="RegressionTest0" time="0">
<system-out><![CDATA[
unique-id: [engine:junit-vintage]/[runner:RegressionTest]/[test:RegressionTest0]/[test:test183(RegressionTest0)]
display-name: test183
]]></system-out>
</testcase>
<testcase name="test453" classname="RegressionTest0" time="0">
<system-out><![CDATA[
unique-id: [engine:junit-vintage]/[runner:RegressionTest]/[test:RegressionTest0]/[test:test453(RegressionTest0)]
display-name: test453
]]></system-out>
</testcase>
<testcase name="test410" classname="RegressionTest0" time="0">
<system-out><![CDATA[
unique-id: [engine:junit-vintage]/[runner:RegressionTest]/[test:RegressionTest0]/[test:test410(RegressionTest0)]
display-name: test410
]]></system-out>
</testcase>
<testcase name="test553" classname="RegressionTest1" time="0">
<system-out><![CDATA[
unique-id: [engine:junit-vintage]/[runner:RegressionTest]/[test:RegressionTest1]/[test:test553(RegressionTest1)]
display-name: test553
]]></system-out>
</testcase>
<testcase name="test596" classname="RegressionTest1" time="0">
<system-out><![CDATA[
unique-id: [engine:junit-vintage]/[runner:RegressionTest]/[test:RegressionTest1]/[test:test596(RegressionTest1)]
display-name: test596
]]></system-out>
</testcase>
<testcase name="test823" classname="RegressionTest1" time="0">
<system-out><![CDATA[
unique-id: [engine:junit-vintage]/[runner:RegressionTest]/[test:RegressionTest1]/[test:test823(RegressionTest1)]
display-name: test823
]]></system-out>
</testcase>
<testcase name="test550" classname="RegressionTest1" time="0">
<system-out><![CDATA[
unique-id: [engine:junit-vintage]/[runner:RegressionTest]/[test:RegressionTest1]/[test:test550(RegressionTest1)]
display-name: test550
]]></system-out>
</testcase>
<testcase name="test826" classname="RegressionTest1" time="0">
<system-out><![CDATA[
unique-id: [engine:junit-vintage]/[runner:RegressionTest]/[test:RegressionTest1]/[test:test826(RegressionTest1)]
display-name: test826
]]></system-out>
</testcase>
<testcase name="test067" classname="RegressionTest0" time="0">
<system-out><![CDATA[
unique-id: [engine:junit-vintage]/[runner:RegressionTest]/[test:RegressionTest0]/[test:test067(RegressionTest0)]
display-name: test067
]]></system-out>
</testcase>
<testcase name="test175" classname="RegressionTest0" time="0">
<system-out><![CDATA[
unique-id: [engine:junit-vintage]/[runner:RegressionTest]/[test:RegressionTest0]/[test:test175(RegressionTest0)]
display-name: test175
]]></system-out>
</testcase>
<testcase name="test818" classname="RegressionTest1" time="0">
<system-out><![CDATA[
unique-id: [engine:junit-vintage]/[runner:RegressionTest]/[test:RegressionTest1]/[test:test818(RegressionTest1)]
display-name: test818
]]></system-out>
</testcase>
<testcase name="test180" classname="RegressionTest0" time="0.001">
<system-out><![CDATA[
unique-id: [engine:junit-vintage]/[runner:RegressionTest]/[test:RegressionTest0]/[test:test180(RegressionTest0)]
display-name: test180
]]></system-out>
</testcase>
<testcase name="test699" classname="RegressionTest1" time="0">
<system-out><![CDATA[
unique-id: [engine:junit-vintage]/[runner:RegressionTest]/[test:RegressionTest1]/[test:test699(RegressionTest1)]
display-name: test699
]]></system-out>
</testcase>
<testcase name="test072" classname="RegressionTest0" time="0">
<system-out><![CDATA[
unique-id: [engine:junit-vintage]/[runner:RegressionTest]/[test:RegressionTest0]/[test:test072(RegressionTest0)]
display-name: test072
]]></system-out>
</testcase>
<testcase name="test059" classname="RegressionTest0" time="0">
<system-out><![CDATA[
unique-id: [engine:junit-vintage]/[runner:RegressionTest]/[test:RegressionTest0]/[test:test059(RegressionTest0)]
display-name: test059
]]></system-out>
</testcase>
<testcase name="test172" classname="RegressionTest0" time="0">
<system-out><![CDATA[
unique-id: [engine:junit-vintage]/[runner:RegressionTest]/[test:RegressionTest0]/[test:test172(RegressionTest0)]
display-name: test172
]]></system-out>
</testcase>
<testcase name="test081" classname="RegressionTest0" time="0.002">
<system-out><![CDATA[
unique-id: [engine:junit-vintage]/[runner:RegressionTest]/[test:RegressionTest0]/[test:test081(RegressionTest0)]
display-name: test081
]]></system-out>
</testcase>
<testcase name="test636" classname="RegressionTest1" time="0">
<system-out><![CDATA[
unique-id: [engine:junit-vintage]/[runner:RegressionTest]/[test:RegressionTest1]/[test:test636(RegressionTest1)]
display-name: test636
]]></system-out>
</testcase>
<testcase name="test687" classname="RegressionTest1" time="0">
<system-out><![CDATA[
unique-id: [engine:junit-vintage]/[runner:RegressionTest]/[test:RegressionTest1]/[test:test687(RegressionTest1)]
display-name: test687
]]></system-out>
</testcase>
<testcase name="test386" classname="RegressionTest0" time="0">
<system-out><![CDATA[
unique-id: [engine:junit-vintage]/[runner:RegressionTest]/[test:RegressionTest0]/[test:test386(RegressionTest0)]
display-name: test386
]]></system-out>
</testcase>
<testcase name="test039" classname="RegressionTest0" time="0">
<system-out><![CDATA[
unique-id: [engine:junit-vintage]/[runner:RegressionTest]/[test:RegressionTest0]/[test:test039(RegressionTest0)]
display-name: test039
]]></system-out>
</testcase>
<testcase name="test652" classname="RegressionTest1" time="0">
<system-out><![CDATA[
unique-id: [engine:junit-vintage]/[runner:RegressionTest]/[test:RegressionTest1]/[test:test652(RegressionTest1)]
display-name: test652
]]></system-out>
</testcase>
<testcase name="test223" classname="RegressionTest0" time="0">
<system-out><![CDATA[
unique-id: [engine:junit-vintage]/[runner:RegressionTest]/[test:RegressionTest0]/[test:test223(RegressionTest0)]
display-name: test223
]]></system-out>
</testcase>
<testcase name="test258" classname="RegressionTest0" time="0.001">
<system-out><![CDATA[
unique-id: [engine:junit-vintage]/[runner:RegressionTest]/[test:RegressionTest0]/[test:test258(RegressionTest0)]
display-name: test258
]]></system-out>
</testcase>
<testcase name="test309" classname="RegressionTest0" time="0">
<system-out><![CDATA[
unique-id: [engine:junit-vintage]/[runner:RegressionTest]/[test:RegressionTest0]/[test:test309(RegressionTest0)]
display-name: test309
]]></system-out>
</testcase>
<testcase name="test274" classname="RegressionTest0" time="0">
<system-out><![CDATA[
unique-id: [engine:junit-vintage]/[runner:RegressionTest]/[test:RegressionTest0]/[test:test274(RegressionTest0)]
display-name: test274
]]></system-out>
</testcase>
<testcase name="test871" classname="RegressionTest1" time="0">
<system-out><![CDATA[
unique-id: [engine:junit-vintage]/[runner:RegressionTest]/[test:RegressionTest1]/[test:test871(RegressionTest1)]
display-name: test871
]]></system-out>
</testcase>
<testcase name="test601" classname="RegressionTest1" time="0">
<system-out><![CDATA[
unique-id: [engine:junit-vintage]/[runner:RegressionTest]/[test:RegressionTest1]/[test:test601(RegressionTest1)]
display-name: test601
]]></system-out>
</testcase>
<testcase name="test040" classname="RegressionTest0" time="0">
<system-out><![CDATA[
unique-id: [engine:junit-vintage]/[runner:RegressionTest]/[test:RegressionTest0]/[test:test040(RegressionTest0)]
display-name: test040
]]></system-out>
</testcase>
<testcase name="test310" classname="RegressionTest0" time="0">
<system-out><![CDATA[
unique-id: [engine:junit-vintage]/[runner:RegressionTest]/[test:RegressionTest0]/[test:test310(RegressionTest0)]
display-name: test310
]]></system-out>
</testcase>
<testcase name="test693" classname="RegressionTest1" time="0">
<system-out><![CDATA[
unique-id: [engine:junit-vintage]/[runner:RegressionTest]/[test:RegressionTest1]/[test:test693(RegressionTest1)]
display-name: test693
]]></system-out>
</testcase>
<testcase name="test024" classname="RegressionTest0" time="0.001">
<system-out><![CDATA[
unique-id: [engine:junit-vintage]/[runner:RegressionTest]/[test:RegressionTest0]/[test:test024(RegressionTest0)]
display-name: test024
]]></system-out>
</testcase>
<testcase name="test672" classname="RegressionTest1" time="0.001">
<system-out><![CDATA[
unique-id: [engine:junit-vintage]/[runner:RegressionTest]/[test:RegressionTest1]/[test:test672(RegressionTest1)]
display-name: test672
]]></system-out>
</testcase>
<testcase name="test132" classname="RegressionTest0" time="0">
<system-out><![CDATA[
unique-id: [engine:junit-vintage]/[runner:RegressionTest]/[test:RegressionTest0]/[test:test132(RegressionTest0)]
display-name: test132
]]></system-out>
</testcase>
<testcase name="test656" classname="RegressionTest1" time="0">
<system-out><![CDATA[
unique-id: [engine:junit-vintage]/[runner:RegressionTest]/[test:RegressionTest1]/[test:test656(RegressionTest1)]
display-name: test656
]]></system-out>
</testcase>
<testcase name="test820" classname="RegressionTest1" time="0">
<system-out><![CDATA[
unique-id: [engine:junit-vintage]/[runner:RegressionTest]/[test:RegressionTest1]/[test:test820(RegressionTest1)]
display-name: test820
]]></system-out>
</testcase>
<testcase name="test780" classname="RegressionTest1" time="0">
<system-out><![CDATA[
unique-id: [engine:junit-vintage]/[runner:RegressionTest]/[test:RegressionTest1]/[test:test780(RegressionTest1)]
display-name: test780
]]></system-out>
</testcase>
<testcase name="test442" classname="RegressionTest0" time="0">
<system-out><![CDATA[
unique-id: [engine:junit-vintage]/[runner:RegressionTest]/[test:RegressionTest0]/[test:test442(RegressionTest0)]
display-name: test442
]]></system-out>
</testcase>
<testcase name="test294" classname="RegressionTest0" time="0">
<system-out><![CDATA[
unique-id: [engine:junit-vintage]/[runner:RegressionTest]/[test:RegressionTest0]/[test:test294(RegressionTest0)]
display-name: test294
]]></system-out>
</testcase>
<testcase name="test585" classname="RegressionTest1" time="0">
<system-out><![CDATA[
unique-id: [engine:junit-vintage]/[runner:RegressionTest]/[test:RegressionTest1]/[test:test585(RegressionTest1)]
display-name: test585
]]></system-out>
</testcase>
<testcase name="test764" classname="RegressionTest1" time="0">
<system-out><![CDATA[
unique-id: [engine:junit-vintage]/[runner:RegressionTest]/[test:RegressionTest1]/[test:test764(RegressionTest1)]
display-name: test764
]]></system-out>
</testcase>
<testcase name="test055" classname="RegressionTest0" time="0.001">
<system-out><![CDATA[
unique-id: [engine:junit-vintage]/[runner:RegressionTest]/[test:RegressionTest0]/[test:test055(RegressionTest0)]
display-name: test055
]]></system-out>
</testcase>
<testcase name="test738" classname="RegressionTest1" time="0">
<system-out><![CDATA[
unique-id: [engine:junit-vintage]/[runner:RegressionTest]/[test:RegressionTest1]/[test:test738(RegressionTest1)]
display-name: test738
]]></system-out>
</testcase>
<testcase name="test401" classname="RegressionTest0" time="0">
<system-out><![CDATA[
unique-id: [engine:junit-vintage]/[runner:RegressionTest]/[test:RegressionTest0]/[test:test401(RegressionTest0)]
display-name: test401
]]></system-out>
</testcase>
<testcase name="test544" classname="RegressionTest1" time="0">
<system-out><![CDATA[
unique-id: [engine:junit-vintage]/[runner:RegressionTest]/[test:RegressionTest1]/[test:test544(RegressionTest1)]
display-name: test544
]]></system-out>
</testcase>
<testcase name="test840" classname="RegressionTest1" time="0">
<system-out><![CDATA[
unique-id: [engine:junit-vintage]/[runner:RegressionTest]/[test:RegressionTest1]/[test:test840(RegressionTest1)]
display-name: test840
]]></system-out>
</testcase>
<testcase name="test331" classname="RegressionTest0" time="0">
<system-out><![CDATA[
unique-id: [engine:junit-vintage]/[runner:RegressionTest]/[test:RegressionTest0]/[test:test331(RegressionTest0)]
display-name: test331
]]></system-out>
</testcase>
<testcase name="test519" classname="RegressionTest1" time="0">
<system-out><![CDATA[
unique-id: [engine:junit-vintage]/[runner:RegressionTest]/[test:RegressionTest1]/[test:test519(RegressionTest1)]
display-name: test519
]]></system-out>
</testcase>
<testcase name="test243" classname="RegressionTest0" time="0">
<system-out><![CDATA[
unique-id: [engine:junit-vintage]/[runner:RegressionTest]/[test:RegressionTest0]/[test:test243(RegressionTest0)]
display-name: test243
]]></system-out>
</testcase>
<testcase name="test528" classname="RegressionTest1" time="0">
<system-out><![CDATA[
unique-id: [engine:junit-vintage]/[runner:RegressionTest]/[test:RegressionTest1]/[test:test528(RegressionTest1)]
display-name: test528
]]></system-out>
</testcase>
<testcase name="test382" classname="RegressionTest0" time="0">
<system-out><![CDATA[
unique-id: [engine:junit-vintage]/[runner:RegressionTest]/[test:RegressionTest0]/[test:test382(RegressionTest0)]
display-name: test382
]]></system-out>
</testcase>
<testcase name="test166" classname="RegressionTest0" time="0">
<system-out><![CDATA[
unique-id: [engine:junit-vintage]/[runner:RegressionTest]/[test:RegressionTest0]/[test:test166(RegressionTest0)]
display-name: test166
]]></system-out>
</testcase>
<testcase name="test131" classname="RegressionTest0" time="0">
<system-out><![CDATA[
unique-id: [engine:junit-vintage]/[runner:RegressionTest]/[test:RegressionTest0]/[test:test131(RegressionTest0)]
display-name: test131
]]></system-out>
</testcase>
<testcase name="test744" classname="RegressionTest1" time="0">
<system-out><![CDATA[
unique-id: [engine:junit-vintage]/[runner:RegressionTest]/[test:RegressionTest1]/[test:test744(RegressionTest1)]
display-name: test744
]]></system-out>
</testcase>
<testcase name="test096" classname="RegressionTest0" time="0">
<system-out><![CDATA[
unique-id: [engine:junit-vintage]/[runner:RegressionTest]/[test:RegressionTest0]/[test:test096(RegressionTest0)]
display-name: test096
]]></system-out>
</testcase>
<testcase name="test462" classname="RegressionTest0" time="0">
<system-out><![CDATA[
unique-id: [engine:junit-vintage]/[runner:RegressionTest]/[test:RegressionTest0]/[test:test462(RegressionTest0)]
display-name: test462
]]></system-out>
</testcase>
<testcase name="test875" classname="RegressionTest1" time="0">
<system-out><![CDATA[
unique-id: [engine:junit-vintage]/[runner:RegressionTest]/[test:RegressionTest1]/[test:test875(RegressionTest1)]
display-name: test875
]]></system-out>
</testcase>
<testcase name="test366" classname="RegressionTest0" time="0">
<system-out><![CDATA[
unique-id: [engine:junit-vintage]/[runner:RegressionTest]/[test:RegressionTest0]/[test:test366(RegressionTest0)]
display-name: test366
]]></system-out>
</testcase>
<testcase name="test510" classname="RegressionTest1" time="0">
<system-out><![CDATA[
unique-id: [engine:junit-vintage]/[runner:RegressionTest]/[test:RegressionTest1]/[test:test510(RegressionTest1)]
display-name: test510
]]></system-out>
</testcase>
<testcase name="test747" classname="RegressionTest1" time="0">
<system-out><![CDATA[
unique-id: [engine:junit-vintage]/[runner:RegressionTest]/[test:RegressionTest1]/[test:test747(RegressionTest1)]
display-name: test747
]]></system-out>
</testcase>
<testcase name="test763" classname="RegressionTest1" time="0">
<system-out><![CDATA[
unique-id: [engine:junit-vintage]/[runner:RegressionTest]/[test:RegressionTest1]/[test:test763(RegressionTest1)]
display-name: test763
]]></system-out>
</testcase>
<testcase name="test493" classname="RegressionTest0" time="0">
<system-out><![CDATA[
unique-id: [engine:junit-vintage]/[runner:RegressionTest]/[test:RegressionTest0]/[test:test493(RegressionTest0)]
display-name: test493
]]></system-out>
</testcase>
<testcase name="test115" classname="RegressionTest0" time="0.001">
<system-out><![CDATA[
unique-id: [engine:junit-vintage]/[runner:RegressionTest]/[test:RegressionTest0]/[test:test115(RegressionTest0)]
display-name: test115
]]></system-out>
</testcase>
<testcase name="test513" classname="RegressionTest1" time="0.001">
<system-out><![CDATA[
unique-id: [engine:junit-vintage]/[runner:RegressionTest]/[test:RegressionTest1]/[test:test513(RegressionTest1)]
display-name: test513
]]></system-out>
</testcase>
<testcase name="test760" classname="RegressionTest1" time="0">
<system-out><![CDATA[
unique-id: [engine:junit-vintage]/[runner:RegressionTest]/[test:RegressionTest1]/[test:test760(RegressionTest1)]
display-name: test760
]]></system-out>
</testcase>
<testcase name="test477" classname="RegressionTest0" time="0">
<system-out><![CDATA[
unique-id: [engine:junit-vintage]/[runner:RegressionTest]/[test:RegressionTest0]/[test:test477(RegressionTest0)]
display-name: test477
]]></system-out>
</testcase>
<testcase name="test385" classname="RegressionTest0" time="0.001">
<system-out><![CDATA[
unique-id: [engine:junit-vintage]/[runner:RegressionTest]/[test:RegressionTest0]/[test:test385(RegressionTest0)]
display-name: test385
]]></system-out>
</testcase>
<testcase name="test020" classname="RegressionTest0" time="0">
<system-out><![CDATA[
unique-id: [engine:junit-vintage]/[runner:RegressionTest]/[test:RegressionTest0]/[test:test020(RegressionTest0)]
display-name: test020
]]></system-out>
</testcase>
<testcase name="test004" classname="RegressionTest0" time="0.001">
<system-out><![CDATA[
unique-id: [engine:junit-vintage]/[runner:RegressionTest]/[test:RegressionTest0]/[test:test004(RegressionTest0)]
display-name: test004
]]></system-out>
</testcase>
<testcase name="test151" classname="RegressionTest0" time="0.001">
<system-out><![CDATA[
unique-id: [engine:junit-vintage]/[runner:RegressionTest]/[test:RegressionTest0]/[test:test151(RegressionTest0)]
display-name: test151
]]></system-out>
</testcase>
<testcase name="test621" classname="RegressionTest1" time="0">
<system-out><![CDATA[
unique-id: [engine:junit-vintage]/[runner:RegressionTest]/[test:RegressionTest1]/[test:test621(RegressionTest1)]
display-name: test621
]]></system-out>
</testcase>
<testcase name="test855" classname="RegressionTest1" time="0">
<system-out><![CDATA[
unique-id: [engine:junit-vintage]/[runner:RegressionTest]/[test:RegressionTest1]/[test:test855(RegressionTest1)]
display-name: test855
]]></system-out>
</testcase>
<testcase name="test351" classname="RegressionTest0" time="0">
<system-out><![CDATA[
unique-id: [engine:junit-vintage]/[runner:RegressionTest]/[test:RegressionTest0]/[test:test351(RegressionTest0)]
display-name: test351
]]></system-out>
</testcase>
<testcase name="test112" classname="RegressionTest0" time="0">
<system-out><![CDATA[
unique-id: [engine:junit-vintage]/[runner:RegressionTest]/[test:RegressionTest0]/[test:test112(RegressionTest0)]
display-name: test112
]]></system-out>
</testcase>
<testcase name="test490" classname="RegressionTest0" time="0.001">
<system-out><![CDATA[
unique-id: [engine:junit-vintage]/[runner:RegressionTest]/[test:RegressionTest0]/[test:test490(RegressionTest0)]
display-name: test490
]]></system-out>
</testcase>
<testcase name="test474" classname="RegressionTest0" time="0">
<system-out><![CDATA[
unique-id: [engine:junit-vintage]/[runner:RegressionTest]/[test:RegressionTest0]/[test:test474(RegressionTest0)]
display-name: test474
]]></system-out>
</testcase>
<testcase name="test811" classname="RegressionTest1" time="0">
<system-out><![CDATA[
unique-id: [engine:junit-vintage]/[runner:RegressionTest]/[test:RegressionTest1]/[test:test811(RegressionTest1)]
display-name: test811
]]></system-out>
</testcase>
<testcase name="test100" classname="RegressionTest0" time="0">
<system-out><![CDATA[
unique-id: [engine:junit-vintage]/[runner:RegressionTest]/[test:RegressionTest0]/[test:test100(RegressionTest0)]
display-name: test100
]]></system-out>
</testcase>
<testcase name="test369" classname="RegressionTest0" time="0">
<system-out><![CDATA[
unique-id: [engine:junit-vintage]/[runner:RegressionTest]/[test:RegressionTest0]/[test:test369(RegressionTest0)]
display-name: test369
]]></system-out>
</testcase>
<testcase name="test328" classname="RegressionTest0" time="0">
<system-out><![CDATA[
unique-id: [engine:junit-vintage]/[runner:RegressionTest]/[test:RegressionTest0]/[test:test328(RegressionTest0)]
display-name: test328
]]></system-out>
</testcase>
<testcase name="test852" classname="RegressionTest1" time="0">
<system-out><![CDATA[
unique-id: [engine:junit-vintage]/[runner:RegressionTest]/[test:RegressionTest1]/[test:test852(RegressionTest1)]
display-name: test852
]]></system-out>
</testcase>
<testcase name="test109" classname="RegressionTest0" time="0">
<system-out><![CDATA[
unique-id: [engine:junit-vintage]/[runner:RegressionTest]/[test:RegressionTest0]/[test:test109(RegressionTest0)]
display-name: test109
]]></system-out>
</testcase>
<testcase name="test249" classname="RegressionTest0" time="0">
<system-out><![CDATA[
unique-id: [engine:junit-vintage]/[runner:RegressionTest]/[test:RegressionTest0]/[test:test249(RegressionTest0)]
display-name: test249
]]></system-out>
</testcase>
<testcase name="test706" classname="RegressionTest1" time="0">
<system-out><![CDATA[
unique-id: [engine:junit-vintage]/[runner:RegressionTest]/[test:RegressionTest1]/[test:test706(RegressionTest1)]
display-name: test706
]]></system-out>
</testcase>
<testcase name="test732" classname="RegressionTest1" time="0">
<system-out><![CDATA[
unique-id: [engine:junit-vintage]/[runner:RegressionTest]/[test:RegressionTest1]/[test:test732(RegressionTest1)]
display-name: test732
]]></system-out>
</testcase>
<testcase name="test370" classname="RegressionTest0" time="0">
<system-out><![CDATA[
unique-id: [engine:junit-vintage]/[runner:RegressionTest]/[test:RegressionTest0]/[test:test370(RegressionTest0)]
display-name: test370
]]></system-out>
</testcase>
<testcase name="test214" classname="RegressionTest0" time="0">
<system-out><![CDATA[
unique-id: [engine:junit-vintage]/[runner:RegressionTest]/[test:RegressionTest0]/[test:test214(RegressionTest0)]
display-name: test214
]]></system-out>
</testcase>
<testcase name="test627" classname="RegressionTest1" time="0">
<system-out><![CDATA[
unique-id: [engine:junit-vintage]/[runner:RegressionTest]/[test:RegressionTest1]/[test:test627(RegressionTest1)]
display-name: test627
]]></system-out>
</testcase>
<testcase name="test192" classname="RegressionTest0" time="0">
<system-out><![CDATA[
unique-id: [engine:junit-vintage]/[runner:RegressionTest]/[test:RegressionTest0]/[test:test192(RegressionTest0)]
display-name: test192
]]></system-out>
</testcase>
<testcase name="test798" classname="RegressionTest1" time="0">
<system-out><![CDATA[
unique-id: [engine:junit-vintage]/[runner:RegressionTest]/[test:RegressionTest1]/[test:test798(RegressionTest1)]
display-name: test798
]]></system-out>
</testcase>
<testcase name="test084" classname="RegressionTest0" time="0">
<system-out><![CDATA[
unique-id: [engine:junit-vintage]/[runner:RegressionTest]/[test:RegressionTest0]/[test:test084(RegressionTest0)]
display-name: test084
]]></system-out>
</testcase>
<testcase name="test058" classname="RegressionTest0" time="0.002">
<system-out><![CDATA[
unique-id: [engine:junit-vintage]/[runner:RegressionTest]/[test:RegressionTest0]/[test:test058(RegressionTest0)]
display-name: test058
]]></system-out>
</testcase>
<testcase name="test633" classname="RegressionTest1" time="0">
<system-out><![CDATA[
unique-id: [engine:junit-vintage]/[runner:RegressionTest]/[test:RegressionTest1]/[test:test633(RegressionTest1)]
display-name: test633
]]></system-out>
</testcase>
<testcase name="test541" classname="RegressionTest1" time="0">
<system-out><![CDATA[
unique-id: [engine:junit-vintage]/[runner:RegressionTest]/[test:RegressionTest1]/[test:test541(RegressionTest1)]
display-name: test541
]]></system-out>
</testcase>
<testcase name="test271" classname="RegressionTest0" time="0">
<system-out><![CDATA[
unique-id: [engine:junit-vintage]/[runner:RegressionTest]/[test:RegressionTest0]/[test:test271(RegressionTest0)]
display-name: test271
]]></system-out>
</testcase>
<testcase name="test846" classname="RegressionTest1" time="0">
<system-out><![CDATA[
unique-id: [engine:junit-vintage]/[runner:RegressionTest]/[test:RegressionTest1]/[test:test846(RegressionTest1)]
display-name: test846
]]></system-out>
</testcase>
<testcase name="test163" classname="RegressionTest0" time="0">
<system-out><![CDATA[
unique-id: [engine:junit-vintage]/[runner:RegressionTest]/[test:RegressionTest0]/[test:test163(RegressionTest0)]
display-name: test163
]]></system-out>
</testcase>
<testcase name="test147" classname="RegressionTest0" time="0">
<system-out><![CDATA[
unique-id: [engine:junit-vintage]/[runner:RegressionTest]/[test:RegressionTest0]/[test:test147(RegressionTest0)]
display-name: test147
]]></system-out>
</testcase>
<testcase name="test255" classname="RegressionTest0" time="0">
<system-out><![CDATA[
unique-id: [engine:junit-vintage]/[runner:RegressionTest]/[test:RegressionTest0]/[test:test255(RegressionTest0)]
display-name: test255
]]></system-out>
</testcase>
<testcase name="test468" classname="RegressionTest0" time="0">
<system-out><![CDATA[
unique-id: [engine:junit-vintage]/[runner:RegressionTest]/[test:RegressionTest0]/[test:test468(RegressionTest0)]
display-name: test468
]]></system-out>
</testcase>
<testcase name="test525" classname="RegressionTest1" time="0">
<system-out><![CDATA[
unique-id: [engine:junit-vintage]/[runner:RegressionTest]/[test:RegressionTest1]/[test:test525(RegressionTest1)]
display-name: test525
]]></system-out>
</testcase>
<testcase name="test322" classname="RegressionTest0" time="0">
<system-out><![CDATA[
unique-id: [engine:junit-vintage]/[runner:RegressionTest]/[test:RegressionTest0]/[test:test322(RegressionTest0)]
display-name: test322
]]></system-out>
</testcase>
<testcase name="test779" classname="RegressionTest1" time="0">
<system-out><![CDATA[
unique-id: [engine:junit-vintage]/[runner:RegressionTest]/[test:RegressionTest1]/[test:test779(RegressionTest1)]
display-name: test779
]]></system-out>
</testcase>
<testcase name="test579" classname="RegressionTest1" time="0">
<system-out><![CDATA[
unique-id: [engine:junit-vintage]/[runner:RegressionTest]/[test:RegressionTest1]/[test:test579(RegressionTest1)]
display-name: test579
]]></system-out>
</testcase>
<testcase name="test306" classname="RegressionTest0" time="0">
<system-out><![CDATA[
unique-id: [engine:junit-vintage]/[runner:RegressionTest]/[test:RegressionTest0]/[test:test306(RegressionTest0)]
display-name: test306
]]></system-out>
</testcase>
<testcase name="test052" classname="RegressionTest0" time="0">
<system-out><![CDATA[
unique-id: [engine:junit-vintage]/[runner:RegressionTest]/[test:RegressionTest0]/[test:test052(RegressionTest0)]
display-name: test052
]]></system-out>
</testcase>
<testcase name="test795" classname="RegressionTest1" time="0">
<system-out><![CDATA[
unique-id: [engine:junit-vintage]/[runner:RegressionTest]/[test:RegressionTest1]/[test:test795(RegressionTest1)]
display-name: test795
]]></system-out>
</testcase>
<testcase name="test087" classname="RegressionTest0" time="0">
<system-out><![CDATA[
unique-id: [engine:junit-vintage]/[runner:RegressionTest]/[test:RegressionTest0]/[test:test087(RegressionTest0)]
display-name: test087
]]></system-out>
</testcase>
<testcase name="test814" classname="RegressionTest1" time="0">
<system-out><![CDATA[
unique-id: [engine:junit-vintage]/[runner:RegressionTest]/[test:RegressionTest1]/[test:test814(RegressionTest1)]
display-name: test814
]]></system-out>
</testcase>
<testcase name="test570" classname="RegressionTest1" time="0">
<system-out><![CDATA[
unique-id: [engine:junit-vintage]/[runner:RegressionTest]/[test:RegressionTest1]/[test:test570(RegressionTest1)]
display-name: test570
]]></system-out>
</testcase>
<testcase name="test036" classname="RegressionTest0" time="0">
<system-out><![CDATA[
unique-id: [engine:junit-vintage]/[runner:RegressionTest]/[test:RegressionTest0]/[test:test036(RegressionTest0)]
display-name: test036
]]></system-out>
</testcase>
<testcase name="test106" classname="RegressionTest0" time="0">
<system-out><![CDATA[
unique-id: [engine:junit-vintage]/[runner:RegressionTest]/[test:RegressionTest0]/[test:test106(RegressionTest0)]
display-name: test106
]]></system-out>
</testcase>
<testcase name="test436" classname="RegressionTest0" time="0">
<system-out><![CDATA[
unique-id: [engine:junit-vintage]/[runner:RegressionTest]/[test:RegressionTest0]/[test:test436(RegressionTest0)]
display-name: test436
]]></system-out>
</testcase>
<testcase name="test849" classname="RegressionTest1" time="0">
<system-out><![CDATA[
unique-id: [engine:junit-vintage]/[runner:RegressionTest]/[test:RegressionTest1]/[test:test849(RegressionTest1)]
display-name: test849
]]></system-out>
</testcase>
<testcase name="test433" classname="RegressionTest0" time="0">
<system-out><![CDATA[
unique-id: [engine:junit-vintage]/[runner:RegressionTest]/[test:RegressionTest0]/[test:test433(RegressionTest0)]
display-name: test433
]]></system-out>
</testcase>
<testcase name="test576" classname="RegressionTest1" time="0">
<system-out><![CDATA[
unique-id: [engine:junit-vintage]/[runner:RegressionTest]/[test:RegressionTest1]/[test:test576(RegressionTest1)]
display-name: test576
]]></system-out>
</testcase>
<testcase name="test417" classname="RegressionTest0" time="0.001">
<system-out><![CDATA[
unique-id: [engine:junit-vintage]/[runner:RegressionTest]/[test:RegressionTest0]/[test:test417(RegressionTest0)]
display-name: test417
]]></system-out>
</testcase>
<testcase name="test700" classname="RegressionTest1" time="0">
<system-out><![CDATA[
unique-id: [engine:junit-vintage]/[runner:RegressionTest]/[test:RegressionTest1]/[test:test700(RegressionTest1)]
display-name: test700
]]></system-out>
</testcase>
<testcase name="test776" classname="RegressionTest1" time="0">
<system-out><![CDATA[
unique-id: [engine:junit-vintage]/[runner:RegressionTest]/[test:RegressionTest1]/[test:test776(RegressionTest1)]
display-name: test776
]]></system-out>
</testcase>
<testcase name="test684" classname="RegressionTest1" time="0">
<system-out><![CDATA[
unique-id: [engine:junit-vintage]/[runner:RegressionTest]/[test:RegressionTest1]/[test:test684(RegressionTest1)]
display-name: test684
]]></system-out>
</testcase>
<testcase name="test703" classname="RegressionTest1" time="0">
<system-out><![CDATA[
unique-id: [engine:junit-vintage]/[runner:RegressionTest]/[test:RegressionTest1]/[test:test703(RegressionTest1)]
display-name: test703
]]></system-out>
</testcase>
<testcase name="test217" classname="RegressionTest0" time="0">
<system-out><![CDATA[
unique-id: [engine:junit-vintage]/[runner:RegressionTest]/[test:RegressionTest0]/[test:test217(RegressionTest0)]
display-name: test217
]]></system-out>
</testcase>
<testcase name="test573" classname="RegressionTest1" time="0">
<system-out><![CDATA[
unique-id: [engine:junit-vintage]/[runner:RegressionTest]/[test:RegressionTest1]/[test:test573(RegressionTest1)]
display-name: test573
]]></system-out>
</testcase>
<testcase name="test430" classname="RegressionTest0" time="0">
<system-out><![CDATA[
unique-id: [engine:junit-vintage]/[runner:RegressionTest]/[test:RegressionTest0]/[test:test430(RegressionTest0)]
display-name: test430
]]></system-out>
</testcase>
<testcase name="test398" classname="RegressionTest0" time="0">
<system-out><![CDATA[
unique-id: [engine:junit-vintage]/[runner:RegressionTest]/[test:RegressionTest0]/[test:test398(RegressionTest0)]
display-name: test398
]]></system-out>
</testcase>
<testcase name="test681" classname="RegressionTest1" time="0">
<system-out><![CDATA[
unique-id: [engine:junit-vintage]/[runner:RegressionTest]/[test:RegressionTest1]/[test:test681(RegressionTest1)]
display-name: test681
]]></system-out>
</testcase>
<testcase name="test198" classname="RegressionTest0" time="0">
<system-out><![CDATA[
unique-id: [engine:junit-vintage]/[runner:RegressionTest]/[test:RegressionTest0]/[test:test198(RegressionTest0)]
display-name: test198
]]></system-out>
</testcase>
<testcase name="test325" classname="RegressionTest0" time="0">
<system-out><![CDATA[
unique-id: [engine:junit-vintage]/[runner:RegressionTest]/[test:RegressionTest0]/[test:test325(RegressionTest0)]
display-name: test325
]]></system-out>
</testcase>
<testcase name="test668" classname="RegressionTest1" time="0">
<system-out><![CDATA[
unique-id: [engine:junit-vintage]/[runner:RegressionTest]/[test:RegressionTest1]/[test:test668(RegressionTest1)]
display-name: test668
]]></system-out>
</testcase>
<testcase name="test766" classname="RegressionTest1" time="0.001">
<system-out><![CDATA[
unique-id: [engine:junit-vintage]/[runner:RegressionTest]/[test:RegressionTest1]/[test:test766(RegressionTest1)]
display-name: test766
]]></system-out>
</testcase>
<testcase name="test628" classname="RegressionTest1" time="0">
<system-out><![CDATA[
unique-id: [engine:junit-vintage]/[runner:RegressionTest]/[test:RegressionTest1]/[test:test628(RegressionTest1)]
display-name: test628
]]></system-out>
</testcase>
<testcase name="test414" classname="RegressionTest0" time="0">
<system-out><![CDATA[
unique-id: [engine:junit-vintage]/[runner:RegressionTest]/[test:RegressionTest0]/[test:test414(RegressionTest0)]
display-name: test414
]]></system-out>
</testcase>
<testcase name="test449" classname="RegressionTest0" time="0">
<system-out><![CDATA[
unique-id: [engine:junit-vintage]/[runner:RegressionTest]/[test:RegressionTest0]/[test:test449(RegressionTest0)]
display-name: test449
]]></system-out>
</testcase>
<testcase name="test731" classname="RegressionTest1" time="0">
<system-out><![CDATA[
unique-id: [engine:junit-vintage]/[runner:RegressionTest]/[test:RegressionTest1]/[test:test731(RegressionTest1)]
display-name: test731
]]></system-out>
</testcase>
<testcase name="test073" classname="RegressionTest0" time="0">
<system-out><![CDATA[
unique-id: [engine:junit-vintage]/[runner:RegressionTest]/[test:RegressionTest0]/[test:test073(RegressionTest0)]
display-name: test073
]]></system-out>
</testcase>
<testcase name="test491" classname="RegressionTest0" time="0">
<system-out><![CDATA[
unique-id: [engine:junit-vintage]/[runner:RegressionTest]/[test:RegressionTest0]/[test:test491(RegressionTest0)]
display-name: test491
]]></system-out>
</testcase>
<testcase name="test169" classname="RegressionTest0" time="0">
<system-out><![CDATA[
unique-id: [engine:junit-vintage]/[runner:RegressionTest]/[test:RegressionTest0]/[test:test169(RegressionTest0)]
display-name: test169
]]></system-out>
</testcase>
<testcase name="test695" classname="RegressionTest1" time="0">
<system-out><![CDATA[
unique-id: [engine:junit-vintage]/[runner:RegressionTest]/[test:RegressionTest1]/[test:test695(RegressionTest1)]
display-name: test695
]]></system-out>
</testcase>
<testcase name="test741" classname="RegressionTest1" time="0">
<system-out><![CDATA[
unique-id: [engine:junit-vintage]/[runner:RegressionTest]/[test:RegressionTest1]/[test:test741(RegressionTest1)]
display-name: test741
]]></system-out>
</testcase>
<testcase name="test618" classname="RegressionTest1" time="0">
<system-out><![CDATA[
unique-id: [engine:junit-vintage]/[runner:RegressionTest]/[test:RegressionTest1]/[test:test618(RegressionTest1)]
display-name: test618
]]></system-out>
</testcase>
<testcase name="test006" classname="RegressionTest0" time="0.001">
<system-out><![CDATA[
unique-id: [engine:junit-vintage]/[runner:RegressionTest]/[test:RegressionTest0]/[test:test006(RegressionTest0)]
display-name: test006
]]></system-out>
</testcase>
<testcase name="test532" classname="RegressionTest1" time="0">
<system-out><![CDATA[
unique-id: [engine:junit-vintage]/[runner:RegressionTest]/[test:RegressionTest1]/[test:test532(RegressionTest1)]
display-name: test532
]]></system-out>
</testcase>
<testcase name="test670" classname="RegressionTest1" time="0">
<system-out><![CDATA[
unique-id: [engine:junit-vintage]/[runner:RegressionTest]/[test:RegressionTest1]/[test:test670(RegressionTest1)]
display-name: test670
]]></system-out>
</testcase>
<testcase name="test144" classname="RegressionTest0" time="0">
<system-out><![CDATA[
unique-id: [engine:junit-vintage]/[runner:RegressionTest]/[test:RegressionTest0]/[test:test144(RegressionTest0)]
display-name: test144
]]></system-out>
</testcase>
<testcase name="test557" classname="RegressionTest1" time="0">
<system-out><![CDATA[
unique-id: [engine:junit-vintage]/[runner:RegressionTest]/[test:RegressionTest1]/[test:test557(RegressionTest1)]
display-name: test557
]]></system-out>
</testcase>
<testcase name="test083" classname="RegressionTest0" time="0">
<system-out><![CDATA[
unique-id: [engine:junit-vintage]/[runner:RegressionTest]/[test:RegressionTest0]/[test:test083(RegressionTest0)]
display-name: test083
]]></system-out>
</testcase>
<testcase name="test709" classname="RegressionTest1" time="0">
<system-out><![CDATA[
unique-id: [engine:junit-vintage]/[runner:RegressionTest]/[test:RegressionTest1]/[test:test709(RegressionTest1)]
display-name: test709
]]></system-out>
</testcase>
<testcase name="test124" classname="RegressionTest0" time="0">
<system-out><![CDATA[
unique-id: [engine:junit-vintage]/[runner:RegressionTest]/[test:RegressionTest0]/[test:test124(RegressionTest0)]
display-name: test124
]]></system-out>
</testcase>
<testcase name="test685" classname="RegressionTest1" time="0">
<system-out><![CDATA[
unique-id: [engine:junit-vintage]/[runner:RegressionTest]/[test:RegressionTest1]/[test:test685(RegressionTest1)]
display-name: test685
]]></system-out>
</testcase>
<testcase name="test817" classname="RegressionTest1" time="0">
<system-out><![CDATA[
unique-id: [engine:junit-vintage]/[runner:RegressionTest]/[test:RegressionTest1]/[test:test817(RegressionTest1)]
display-name: test817
]]></system-out>
</testcase>
<testcase name="test756" classname="RegressionTest1" time="0">
<system-out><![CDATA[
unique-id: [engine:junit-vintage]/[runner:RegressionTest]/[test:RegressionTest1]/[test:test756(RegressionTest1)]
display-name: test756
]]></system-out>
</testcase>
<testcase name="test567" classname="RegressionTest1" time="0">
<system-out><![CDATA[
unique-id: [engine:junit-vintage]/[runner:RegressionTest]/[test:RegressionTest1]/[test:test567(RegressionTest1)]
display-name: test567
]]></system-out>
</testcase>
<testcase name="test424" classname="RegressionTest0" time="0">
<system-out><![CDATA[
unique-id: [engine:junit-vintage]/[runner:RegressionTest]/[test:RegressionTest0]/[test:test424(RegressionTest0)]
display-name: test424
]]></system-out>
</testcase>
<testcase name="test680" classname="RegressionTest1" time="0">
<system-out><![CDATA[
unique-id: [engine:junit-vintage]/[runner:RegressionTest]/[test:RegressionTest1]/[test:test680(RegressionTest1)]
display-name: test680
]]></system-out>
</testcase>
<testcase name="test134" classname="RegressionTest0" time="0">
<system-out><![CDATA[
unique-id: [engine:junit-vintage]/[runner:RegressionTest]/[test:RegressionTest0]/[test:test134(RegressionTest0)]
display-name: test134
]]></system-out>
</testcase>
<testcase name="test434" classname="RegressionTest0" time="0">
<system-out><![CDATA[
unique-id: [engine:junit-vintage]/[runner:RegressionTest]/[test:RegressionTest0]/[test:test434(RegressionTest0)]
display-name: test434
]]></system-out>
</testcase>
<testcase name="test063" classname="RegressionTest0" time="0.002">
<system-out><![CDATA[
unique-id: [engine:junit-vintage]/[runner:RegressionTest]/[test:RegressionTest0]/[test:test063(RegressionTest0)]
display-name: test063
]]></system-out>
</testcase>
<testcase name="test746" classname="RegressionTest1" time="0">
<system-out><![CDATA[
unique-id: [engine:junit-vintage]/[runner:RegressionTest]/[test:RegressionTest1]/[test:test746(RegressionTest1)]
display-name: test746
]]></system-out>
</testcase>
<testcase name="test690" classname="RegressionTest1" time="0">
<system-out><![CDATA[
unique-id: [engine:junit-vintage]/[runner:RegressionTest]/[test:RegressionTest1]/[test:test690(RegressionTest1)]
display-name: test690
]]></system-out>
</testcase>
<testcase name="test577" classname="RegressionTest1" time="0">
<system-out><![CDATA[
unique-id: [engine:junit-vintage]/[runner:RegressionTest]/[test:RegressionTest1]/[test:test577(RegressionTest1)]
display-name: test577
]]></system-out>
</testcase>
<testcase name="test638" classname="RegressionTest1" time="0">
<system-out><![CDATA[
unique-id: [engine:junit-vintage]/[runner:RegressionTest]/[test:RegressionTest1]/[test:test638(RegressionTest1)]
display-name: test638
]]></system-out>
</testcase>
<testcase name="test016" classname="RegressionTest0" time="0.002">
<system-out><![CDATA[
unique-id: [engine:junit-vintage]/[runner:RegressionTest]/[test:RegressionTest0]/[test:test016(RegressionTest0)]
display-name: test016
]]></system-out>
</testcase>
<testcase name="test481" classname="RegressionTest0" time="0">
<system-out><![CDATA[
unique-id: [engine:junit-vintage]/[runner:RegressionTest]/[test:RegressionTest0]/[test:test481(RegressionTest0)]
display-name: test481
]]></system-out>
</testcase>
<testcase name="test043" classname="RegressionTest0" time="0">
<system-out><![CDATA[
unique-id: [engine:junit-vintage]/[runner:RegressionTest]/[test:RegressionTest0]/[test:test043(RegressionTest0)]
display-name: test043
]]></system-out>
</testcase>
<testcase name="test373" classname="RegressionTest0" time="0">
<system-out><![CDATA[
unique-id: [engine:junit-vintage]/[runner:RegressionTest]/[test:RegressionTest0]/[test:test373(RegressionTest0)]
display-name: test373
]]></system-out>
</testcase>
<testcase name="test874" classname="RegressionTest1" time="0">
<system-out><![CDATA[
unique-id: [engine:junit-vintage]/[runner:RegressionTest]/[test:RegressionTest1]/[test:test874(RegressionTest1)]
display-name: test874
]]></system-out>
</testcase>
<testcase name="test658" classname="RegressionTest1" time="0">
<system-out><![CDATA[
unique-id: [engine:junit-vintage]/[runner:RegressionTest]/[test:RegressionTest1]/[test:test658(RegressionTest1)]
display-name: test658
]]></system-out>
</testcase>
<testcase name="test026" classname="RegressionTest0" time="0">
<system-out><![CDATA[
unique-id: [engine:junit-vintage]/[runner:RegressionTest]/[test:RegressionTest0]/[test:test026(RegressionTest0)]
display-name: test026
]]></system-out>
</testcase>
<testcase name="test552" classname="RegressionTest1" time="0">
<system-out><![CDATA[
unique-id: [engine:junit-vintage]/[runner:RegressionTest]/[test:RegressionTest1]/[test:test552(RegressionTest1)]
display-name: test552
]]></system-out>
</testcase>
<testcase name="test675" classname="RegressionTest1" time="0">
<system-out><![CDATA[
unique-id: [engine:junit-vintage]/[runner:RegressionTest]/[test:RegressionTest1]/[test:test675(RegressionTest1)]
display-name: test675
]]></system-out>
</testcase>
<testcase name="test701" classname="RegressionTest1" time="0">
<system-out><![CDATA[
unique-id: [engine:junit-vintage]/[runner:RegressionTest]/[test:RegressionTest1]/[test:test701(RegressionTest1)]
display-name: test701
]]></system-out>
</testcase>
<testcase name="test149" classname="RegressionTest0" time="0.001">
<system-out><![CDATA[
unique-id: [engine:junit-vintage]/[runner:RegressionTest]/[test:RegressionTest0]/[test:test149(RegressionTest0)]
display-name: test149
]]></system-out>
</testcase>
<testcase name="test640" classname="RegressionTest1" time="0">
<system-out><![CDATA[
unique-id: [engine:junit-vintage]/[runner:RegressionTest]/[test:RegressionTest1]/[test:test640(RegressionTest1)]
display-name: test640
]]></system-out>
</testcase>
<testcase name="test001" classname="RegressionTest0" time="0.018">
<system-out><![CDATA[
unique-id: [engine:junit-vintage]/[runner:RegressionTest]/[test:RegressionTest0]/[test:test001(RegressionTest0)]
display-name: test001
]]></system-out>
</testcase>
<testcase name="test736" classname="RegressionTest1" time="0">
<system-out><![CDATA[
unique-id: [engine:junit-vintage]/[runner:RegressionTest]/[test:RegressionTest1]/[test:test736(RegressionTest1)]
display-name: test736
]]></system-out>
</testcase>
<testcase name="test088" classname="RegressionTest0" time="0">
<system-out><![CDATA[
unique-id: [engine:junit-vintage]/[runner:RegressionTest]/[test:RegressionTest0]/[test:test088(RegressionTest0)]
display-name: test088
]]></system-out>
</testcase>
<testcase name="test393" classname="RegressionTest0" time="0">
<system-out><![CDATA[
unique-id: [engine:junit-vintage]/[runner:RegressionTest]/[test:RegressionTest0]/[test:test393(RegressionTest0)]
display-name: test393
]]></system-out>
</testcase>
<testcase name="test454" classname="RegressionTest0" time="0">
<system-out><![CDATA[
unique-id: [engine:junit-vintage]/[runner:RegressionTest]/[test:RegressionTest0]/[test:test454(RegressionTest0)]
display-name: test454
]]></system-out>
</testcase>
<testcase name="test613" classname="RegressionTest1" time="0">
<system-out><![CDATA[
unique-id: [engine:junit-vintage]/[runner:RegressionTest]/[test:RegressionTest1]/[test:test613(RegressionTest1)]
display-name: test613
]]></system-out>
</testcase>
<testcase name="test597" classname="RegressionTest1" time="0">
<system-out><![CDATA[
unique-id: [engine:junit-vintage]/[runner:RegressionTest]/[test:RegressionTest1]/[test:test597(RegressionTest1)]
display-name: test597
]]></system-out>
</testcase>
<testcase name="test104" classname="RegressionTest0" time="0">
<system-out><![CDATA[
unique-id: [engine:junit-vintage]/[runner:RegressionTest]/[test:RegressionTest0]/[test:test104(RegressionTest0)]
display-name: test104
]]></system-out>
</testcase>
<testcase name="test469" classname="RegressionTest0" time="0">
<system-out><![CDATA[
unique-id: [engine:junit-vintage]/[runner:RegressionTest]/[test:RegressionTest0]/[test:test469(RegressionTest0)]
display-name: test469
]]></system-out>
</testcase>
<testcase name="test093" classname="RegressionTest0" time="0.003">
<system-out><![CDATA[
unique-id: [engine:junit-vintage]/[runner:RegressionTest]/[test:RegressionTest0]/[test:test093(RegressionTest0)]
display-name: test093
]]></system-out>
</testcase>
<testcase name="test660" classname="RegressionTest1" time="0">
<system-out><![CDATA[
unique-id: [engine:junit-vintage]/[runner:RegressionTest]/[test:RegressionTest1]/[test:test660(RegressionTest1)]
display-name: test660
]]></system-out>
</testcase>
<testcase name="test277" classname="RegressionTest0" time="0">
<system-out><![CDATA[
unique-id: [engine:junit-vintage]/[runner:RegressionTest]/[test:RegressionTest0]/[test:test277(RegressionTest0)]
display-name: test277
]]></system-out>
</testcase>
<testcase name="test716" classname="RegressionTest1" time="0">
<system-out><![CDATA[
unique-id: [engine:junit-vintage]/[runner:RegressionTest]/[test:RegressionTest1]/[test:test716(RegressionTest1)]
display-name: test716
]]></system-out>
</testcase>
<testcase name="test608" classname="RegressionTest1" time="0">
<system-out><![CDATA[
unique-id: [engine:junit-vintage]/[runner:RegressionTest]/[test:RegressionTest1]/[test:test608(RegressionTest1)]
display-name: test608
]]></system-out>
</testcase>
<testcase name="test721" classname="RegressionTest1" time="0">
<system-out><![CDATA[
unique-id: [engine:junit-vintage]/[runner:RegressionTest]/[test:RegressionTest1]/[test:test721(RegressionTest1)]
display-name: test721
]]></system-out>
</testcase>
<testcase name="test186" classname="RegressionTest0" time="0">
<system-out><![CDATA[
unique-id: [engine:junit-vintage]/[runner:RegressionTest]/[test:RegressionTest0]/[test:test186(RegressionTest0)]
display-name: test186
]]></system-out>
</testcase>
<testcase name="test119" classname="RegressionTest0" time="0">
<system-out><![CDATA[
unique-id: [engine:junit-vintage]/[runner:RegressionTest]/[test:RegressionTest0]/[test:test119(RegressionTest0)]
display-name: test119
]]></system-out>
</testcase>
<testcase name="test499" classname="RegressionTest0" time="0">
<system-out><![CDATA[
unique-id: [engine:junit-vintage]/[runner:RegressionTest]/[test:RegressionTest0]/[test:test499(RegressionTest0)]
display-name: test499
]]></system-out>
</testcase>
<testcase name="test515" classname="RegressionTest1" time="0">
<system-out><![CDATA[
unique-id: [engine:junit-vintage]/[runner:RegressionTest]/[test:RegressionTest1]/[test:test515(RegressionTest1)]
display-name: test515
]]></system-out>
</testcase>
<testcase name="test326" classname="RegressionTest0" time="0">
<system-out><![CDATA[
unique-id: [engine:junit-vintage]/[runner:RegressionTest]/[test:RegressionTest0]/[test:test326(RegressionTest0)]
display-name: test326
]]></system-out>
</testcase>
<testcase name="test582" classname="RegressionTest1" time="0">
<system-out><![CDATA[
unique-id: [engine:junit-vintage]/[runner:RegressionTest]/[test:RegressionTest1]/[test:test582(RegressionTest1)]
display-name: test582
]]></system-out>
</testcase>
<testcase name="test505" classname="RegressionTest1" time="0">
<system-out><![CDATA[
unique-id: [engine:junit-vintage]/[runner:RegressionTest]/[test:RegressionTest1]/[test:test505(RegressionTest1)]
display-name: test505
]]></system-out>
</testcase>
<testcase name="test318" classname="RegressionTest0" time="0">
<system-out><![CDATA[
unique-id: [engine:junit-vintage]/[runner:RegressionTest]/[test:RegressionTest0]/[test:test318(RegressionTest0)]
display-name: test318
]]></system-out>
</testcase>
<testcase name="test161" classname="RegressionTest0" time="0">
<system-out><![CDATA[
unique-id: [engine:junit-vintage]/[runner:RegressionTest]/[test:RegressionTest0]/[test:test161(RegressionTest0)]
display-name: test161
]]></system-out>
</testcase>
<testcase name="test232" classname="RegressionTest0" time="0.001">
<system-out><![CDATA[
unique-id: [engine:junit-vintage]/[runner:RegressionTest]/[test:RegressionTest0]/[test:test232(RegressionTest0)]
display-name: test232
]]></system-out>
</testcase>
<testcase name="test783" classname="RegressionTest1" time="0">
<system-out><![CDATA[
unique-id: [engine:junit-vintage]/[runner:RegressionTest]/[test:RegressionTest1]/[test:test783(RegressionTest1)]
display-name: test783
]]></system-out>
</testcase>
<testcase name="test240" classname="RegressionTest0" time="0">
<system-out><![CDATA[
unique-id: [engine:junit-vintage]/[runner:RegressionTest]/[test:RegressionTest0]/[test:test240(RegressionTest0)]
display-name: test240
]]></system-out>
</testcase>
<testcase name="test196" classname="RegressionTest0" time="0">
<system-out><![CDATA[
unique-id: [engine:junit-vintage]/[runner:RegressionTest]/[test:RegressionTest0]/[test:test196(RegressionTest0)]
display-name: test196
]]></system-out>
</testcase>
<testcase name="test129" classname="RegressionTest0" time="0">
<system-out><![CDATA[
unique-id: [engine:junit-vintage]/[runner:RegressionTest]/[test:RegressionTest0]/[test:test129(RegressionTest0)]
display-name: test129
]]></system-out>
</testcase>
<testcase name="test208" classname="RegressionTest0" time="0">
<system-out><![CDATA[
unique-id: [engine:junit-vintage]/[runner:RegressionTest]/[test:RegressionTest0]/[test:test208(RegressionTest0)]
display-name: test208
]]></system-out>
</testcase>
<testcase name="test308" classname="RegressionTest0" time="0">
<system-out><![CDATA[
unique-id: [engine:junit-vintage]/[runner:RegressionTest]/[test:RegressionTest0]/[test:test308(RegressionTest0)]
display-name: test308
]]></system-out>
</testcase>
<testcase name="test316" classname="RegressionTest0" time="0">
<system-out><![CDATA[
unique-id: [engine:junit-vintage]/[runner:RegressionTest]/[test:RegressionTest0]/[test:test316(RegressionTest0)]
display-name: test316
]]></system-out>
</testcase>
<testcase name="test489" classname="RegressionTest0" time="0.001">
<system-out><![CDATA[
unique-id: [engine:junit-vintage]/[runner:RegressionTest]/[test:RegressionTest0]/[test:test489(RegressionTest0)]
display-name: test489
]]></system-out>
</testcase>
<testcase name="test872" classname="RegressionTest1" time="0">
<system-out><![CDATA[
unique-id: [engine:junit-vintage]/[runner:RegressionTest]/[test:RegressionTest1]/[test:test872(RegressionTest1)]
display-name: test872
]]></system-out>
</testcase>
<testcase name="test350" classname="RegressionTest0" time="0">
<system-out><![CDATA[
unique-id: [engine:junit-vintage]/[runner:RegressionTest]/[test:RegressionTest0]/[test:test350(RegressionTest0)]
display-name: test350
]]></system-out>
</testcase>
<testcase name="test250" classname="RegressionTest0" time="0">
<system-out><![CDATA[
unique-id: [engine:junit-vintage]/[runner:RegressionTest]/[test:RegressionTest0]/[test:test250(RegressionTest0)]
display-name: test250
]]></system-out>
</testcase>
<testcase name="test237" classname="RegressionTest0" time="0">
<system-out><![CDATA[
unique-id: [engine:junit-vintage]/[runner:RegressionTest]/[test:RegressionTest0]/[test:test237(RegressionTest0)]
display-name: test237
]]></system-out>
</testcase>
<testcase name="test793" classname="RegressionTest1" time="0">
<system-out><![CDATA[
unique-id: [engine:junit-vintage]/[runner:RegressionTest]/[test:RegressionTest1]/[test:test793(RegressionTest1)]
display-name: test793
]]></system-out>
</testcase>
<testcase name="test869" classname="RegressionTest1" time="0">
<system-out><![CDATA[
unique-id: [engine:junit-vintage]/[runner:RegressionTest]/[test:RegressionTest1]/[test:test869(RegressionTest1)]
display-name: test869
]]></system-out>
</testcase>
<testcase name="test242" classname="RegressionTest0" time="0">
<system-out><![CDATA[
unique-id: [engine:junit-vintage]/[runner:RegressionTest]/[test:RegressionTest0]/[test:test242(RegressionTest0)]
display-name: test242
]]></system-out>
</testcase>
<testcase name="test321" classname="RegressionTest0" time="0">
<system-out><![CDATA[
unique-id: [engine:junit-vintage]/[runner:RegressionTest]/[test:RegressionTest0]/[test:test321(RegressionTest0)]
display-name: test321
]]></system-out>
</testcase>
<testcase name="test859" classname="RegressionTest1" time="0">
<system-out><![CDATA[
unique-id: [engine:junit-vintage]/[runner:RegressionTest]/[test:RegressionTest1]/[test:test859(RegressionTest1)]
display-name: test859
]]></system-out>
</testcase>
<testcase name="test572" classname="RegressionTest1" time="0">
<system-out><![CDATA[
unique-id: [engine:junit-vintage]/[runner:RegressionTest]/[test:RegressionTest1]/[test:test572(RegressionTest1)]
display-name: test572
]]></system-out>
</testcase>
<testcase name="test864" classname="RegressionTest1" time="0">
<system-out><![CDATA[
unique-id: [engine:junit-vintage]/[runner:RegressionTest]/[test:RegressionTest1]/[test:test864(RegressionTest1)]
display-name: test864
]]></system-out>
</testcase>
<testcase name="test623" classname="RegressionTest1" time="0">
<system-out><![CDATA[
unique-id: [engine:junit-vintage]/[runner:RegressionTest]/[test:RegressionTest1]/[test:test623(RegressionTest1)]
display-name: test623
]]></system-out>
</testcase>
<testcase name="test807" classname="RegressionTest1" time="0">
<system-out><![CDATA[
unique-id: [engine:junit-vintage]/[runner:RegressionTest]/[test:RegressionTest1]/[test:test807(RegressionTest1)]
display-name: test807
]]></system-out>
</testcase>
<testcase name="test078" classname="RegressionTest0" time="0">
<system-out><![CDATA[
unique-id: [engine:junit-vintage]/[runner:RegressionTest]/[test:RegressionTest0]/[test:test078(RegressionTest0)]
display-name: test078
]]></system-out>
</testcase>
<testcase name="test815" classname="RegressionTest1" time="0">
<system-out><![CDATA[
unique-id: [engine:junit-vintage]/[runner:RegressionTest]/[test:RegressionTest1]/[test:test815(RegressionTest1)]
display-name: test815
]]></system-out>
</testcase>
<testcase name="test356" classname="RegressionTest0" time="0">
<system-out><![CDATA[
unique-id: [engine:junit-vintage]/[runner:RegressionTest]/[test:RegressionTest0]/[test:test356(RegressionTest0)]
display-name: test356
]]></system-out>
</testcase>
<testcase name="test648" classname="RegressionTest1" time="0">
<system-out><![CDATA[
unique-id: [engine:junit-vintage]/[runner:RegressionTest]/[test:RegressionTest1]/[test:test648(RegressionTest1)]
display-name: test648
]]></system-out>
</testcase>
<testcase name="test202" classname="RegressionTest0" time="0">
<system-out><![CDATA[
unique-id: [engine:junit-vintage]/[runner:RegressionTest]/[test:RegressionTest0]/[test:test202(RegressionTest0)]
display-name: test202
]]></system-out>
</testcase>
<testcase name="test191" classname="RegressionTest0" time="0">
<system-out><![CDATA[
unique-id: [engine:junit-vintage]/[runner:RegressionTest]/[test:RegressionTest0]/[test:test191(RegressionTest0)]
display-name: test191
]]></system-out>
</testcase>
<testcase name="test375" classname="RegressionTest0" time="0">
<system-out><![CDATA[
unique-id: [engine:junit-vintage]/[runner:RegressionTest]/[test:RegressionTest0]/[test:test375(RegressionTest0)]
display-name: test375
]]></system-out>
</testcase>
<testcase name="test053" classname="RegressionTest0" time="0">
<system-out><![CDATA[
unique-id: [engine:junit-vintage]/[runner:RegressionTest]/[test:RegressionTest0]/[test:test053(RegressionTest0)]
display-name: test053
]]></system-out>
</testcase>
<testcase name="test383" classname="RegressionTest0" time="0">
<system-out><![CDATA[
unique-id: [engine:junit-vintage]/[runner:RegressionTest]/[test:RegressionTest0]/[test:test383(RegressionTest0)]
display-name: test383
]]></system-out>
</testcase>
<testcase name="test167" classname="RegressionTest0" time="0">
<system-out><![CDATA[
unique-id: [engine:junit-vintage]/[runner:RegressionTest]/[test:RegressionTest0]/[test:test167(RegressionTest0)]
display-name: test167
]]></system-out>
</testcase>
<testcase name="test159" classname="RegressionTest0" time="0.001">
<system-out><![CDATA[
unique-id: [engine:junit-vintage]/[runner:RegressionTest]/[test:RegressionTest0]/[test:test159(RegressionTest0)]
display-name: test159
]]></system-out>
</testcase>
<testcase name="test834" classname="RegressionTest1" time="0">
<system-out><![CDATA[
unique-id: [engine:junit-vintage]/[runner:RegressionTest]/[test:RegressionTest1]/[test:test834(RegressionTest1)]
[...]
unique-id: [engine:junit-vintage]/[runner:RegressionTest]/[test:RegressionTest0]/[test:test051(RegressionTest0)]
display-name: test051
]]></system-out>
</testcase>
<testcase name="test682" classname="RegressionTest1" time="0">
<system-out><![CDATA[
unique-id: [engine:junit-vintage]/[runner:RegressionTest]/[test:RegressionTest1]/[test:test682(RegressionTest1)]
display-name: test682
]]></system-out>
</testcase>
<testcase name="test269" classname="RegressionTest0" time="0">
<system-out><![CDATA[
unique-id: [engine:junit-vintage]/[runner:RegressionTest]/[test:RegressionTest0]/[test:test269(RegressionTest0)]
display-name: test269
]]></system-out>
</testcase>
<testcase name="test778" classname="RegressionTest1" time="0">
<system-out><![CDATA[
unique-id: [engine:junit-vintage]/[runner:RegressionTest]/[test:RegressionTest1]/[test:test778(RegressionTest1)]
display-name: test778
]]></system-out>
</testcase>
<testcase name="test841" classname="RegressionTest1" time="0">
<system-out><![CDATA[
unique-id: [engine:junit-vintage]/[runner:RegressionTest]/[test:RegressionTest1]/[test:test841(RegressionTest1)]
display-name: test841
]]></system-out>
</testcase>
<testcase name="test019" classname="RegressionTest0" time="0">
<system-out><![CDATA[
unique-id: [engine:junit-vintage]/[runner:RegressionTest]/[test:RegressionTest0]/[test:test019(RegressionTest0)]
display-name: test019
]]></system-out>
</testcase>
<testcase name="test683" classname="RegressionTest1" time="0">
<system-out><![CDATA[
unique-id: [engine:junit-vintage]/[runner:RegressionTest]/[test:RegressionTest1]/[test:test683(RegressionTest1)]
display-name: test683
]]></system-out>
</testcase>
<testcase name="test349" classname="RegressionTest0" time="0">
<system-out><![CDATA[
unique-id: [engine:junit-vintage]/[runner:RegressionTest]/[test:RegressionTest0]/[test:test349(RegressionTest0)]
display-name: test349
]]></system-out>
</testcase>
<testcase name="test070" classname="RegressionTest0" time="0">
<system-out><![CDATA[
unique-id: [engine:junit-vintage]/[runner:RegressionTest]/[test:RegressionTest0]/[test:test070(RegressionTest0)]
display-name: test070
]]></system-out>
</testcase>
<testcase name="test866" classname="RegressionTest1" time="0">
<system-out><![CDATA[
unique-id: [engine:junit-vintage]/[runner:RegressionTest]/[test:RegressionTest1]/[test:test866(RegressionTest1)]
display-name: test866
]]></system-out>
</testcase>
<testcase name="test555" classname="RegressionTest1" time="0">
<system-out><![CDATA[
unique-id: [engine:junit-vintage]/[runner:RegressionTest]/[test:RegressionTest1]/[test:test555(RegressionTest1)]
display-name: test555
]]></system-out>
</testcase>
<testcase name="test146" classname="RegressionTest0" time="0">
<system-out><![CDATA[
unique-id: [engine:junit-vintage]/[runner:RegressionTest]/[test:RegressionTest0]/[test:test146(RegressionTest0)]
display-name: test146
]]></system-out>
</testcase>
<testcase name="test288" classname="RegressionTest0" time="0">
<system-out><![CDATA[
unique-id: [engine:junit-vintage]/[runner:RegressionTest]/[test:RegressionTest0]/[test:test288(RegressionTest0)]
display-name: test288
]]></system-out>
</testcase>
<testcase name="test663" classname="RegressionTest1" time="0">
<system-out><![CDATA[
unique-id: [engine:junit-vintage]/[runner:RegressionTest]/[test:RegressionTest1]/[test:test663(RegressionTest1)]
display-name: test663
]]></system-out>
</testcase>
<testcase name="test254" classname="RegressionTest0" time="0">
<system-out><![CDATA[
unique-id: [engine:junit-vintage]/[runner:RegressionTest]/[test:RegressionTest0]/[test:test254(RegressionTest0)]
display-name: test254
]]></system-out>
</testcase>
<testcase name="test616" classname="RegressionTest1" time="0">
<system-out><![CDATA[
unique-id: [engine:junit-vintage]/[runner:RegressionTest]/[test:RegressionTest1]/[test:test616(RegressionTest1)]
display-name: test616
]]></system-out>
</testcase>
<testcase name="test860" classname="RegressionTest1" time="0">
<system-out><![CDATA[
unique-id: [engine:junit-vintage]/[runner:RegressionTest]/[test:RegressionTest1]/[test:test860(RegressionTest1)]
display-name: test860
]]></system-out>
</testcase>
<testcase name="test193" classname="RegressionTest0" time="0">
<system-out><![CDATA[
unique-id: [engine:junit-vintage]/[runner:RegressionTest]/[test:RegressionTest0]/[test:test193(RegressionTest0)]
display-name: test193
]]></system-out>
</testcase>
<testcase name="test038" classname="RegressionTest0" time="0.003">
<system-out><![CDATA[
unique-id: [engine:junit-vintage]/[runner:RegressionTest]/[test:RegressionTest0]/[test:test038(RegressionTest0)]
display-name: test038
]]></system-out>
</testcase>
<testcase name="test304" classname="RegressionTest0" time="0">
<system-out><![CDATA[
unique-id: [engine:junit-vintage]/[runner:RegressionTest]/[test:RegressionTest0]/[test:test304(RegressionTest0)]
display-name: test304
]]></system-out>
</testcase>
<testcase name="test508" classname="RegressionTest1" time="0">
<system-out><![CDATA[
unique-id: [engine:junit-vintage]/[runner:RegressionTest]/[test:RegressionTest1]/[test:test508(RegressionTest1)]
display-name: test508
]]></system-out>
</testcase>
<testcase name="test412" classname="RegressionTest0" time="0">
<system-out><![CDATA[
unique-id: [engine:junit-vintage]/[runner:RegressionTest]/[test:RegressionTest0]/[test:test412(RegressionTest0)]
display-name: test412
]]></system-out>
</testcase>
<testcase name="test085" classname="RegressionTest0" time="0">
<system-out><![CDATA[
unique-id: [engine:junit-vintage]/[runner:RegressionTest]/[test:RegressionTest0]/[test:test085(RegressionTest0)]
display-name: test085
]]></system-out>
</testcase>
<testcase name="test273" classname="RegressionTest0" time="0">
<system-out><![CDATA[
unique-id: [engine:junit-vintage]/[runner:RegressionTest]/[test:RegressionTest0]/[test:test273(RegressionTest0)]
display-name: test273
]]></system-out>
</testcase>
<testcase name="test828" classname="RegressionTest1" time="0">
<system-out><![CDATA[
unique-id: [engine:junit-vintage]/[runner:RegressionTest]/[test:RegressionTest1]/[test:test828(RegressionTest1)]
display-name: test828
]]></system-out>
</testcase>
<testcase name="test870" classname="RegressionTest1" time="0">
<system-out><![CDATA[
unique-id: [engine:junit-vintage]/[runner:RegressionTest]/[test:RegressionTest1]/[test:test870(RegressionTest1)]
display-name: test870
]]></system-out>
</testcase>
<testcase name="test352" classname="RegressionTest0" time="0">
<system-out><![CDATA[
unique-id: [engine:junit-vintage]/[runner:RegressionTest]/[test:RegressionTest0]/[test:test352(RegressionTest0)]
display-name: test352
]]></system-out>
</testcase>
<testcase name="test724" classname="RegressionTest1" time="0">
<system-out><![CDATA[
unique-id: [engine:junit-vintage]/[runner:RegressionTest]/[test:RegressionTest1]/[test:test724(RegressionTest1)]
display-name: test724
]]></system-out>
</testcase>
<testcase name="test635" classname="RegressionTest1" time="0">
<system-out><![CDATA[
unique-id: [engine:junit-vintage]/[runner:RegressionTest]/[test:RegressionTest1]/[test:test635(RegressionTest1)]
display-name: test635
]]></system-out>
</testcase>
<testcase name="test714" classname="RegressionTest1" time="0">
<system-out><![CDATA[
unique-id: [engine:junit-vintage]/[runner:RegressionTest]/[test:RegressionTest1]/[test:test714(RegressionTest1)]
display-name: test714
]]></system-out>
</testcase>
<testcase name="test206" classname="RegressionTest0" time="0">
<system-out><![CDATA[
unique-id: [engine:junit-vintage]/[runner:RegressionTest]/[test:RegressionTest0]/[test:test206(RegressionTest0)]
display-name: test206
]]></system-out>
</testcase>
<testcase name="test362" classname="RegressionTest0" time="0">
<system-out><![CDATA[
unique-id: [engine:junit-vintage]/[runner:RegressionTest]/[test:RegressionTest0]/[test:test362(RegressionTest0)]
display-name: test362
]]></system-out>
</testcase>
<testcase name="test387" classname="RegressionTest0" time="0">
<system-out><![CDATA[
unique-id: [engine:junit-vintage]/[runner:RegressionTest]/[test:RegressionTest0]/[test:test387(RegressionTest0)]
display-name: test387
]]></system-out>
</testcase>
<testcase name="test749" classname="RegressionTest1" time="0">
<system-out><![CDATA[
unique-id: [engine:junit-vintage]/[runner:RegressionTest]/[test:RegressionTest1]/[test:test749(RegressionTest1)]
display-name: test749
]]></system-out>
</testcase>
<testcase name="test066" classname="RegressionTest0" time="0.001">
<system-out><![CDATA[
unique-id: [engine:junit-vintage]/[runner:RegressionTest]/[test:RegressionTest0]/[test:test066(RegressionTest0)]
display-name: test066
]]></system-out>
</testcase>
<testcase name="test466" classname="RegressionTest0" time="0">
<system-out><![CDATA[
unique-id: [engine:junit-vintage]/[runner:RegressionTest]/[test:RegressionTest0]/[test:test466(RegressionTest0)]
display-name: test466
]]></system-out>
</testcase>
<testcase name="test698" classname="RegressionTest1" time="0">
<system-out><![CDATA[
unique-id: [engine:junit-vintage]/[runner:RegressionTest]/[test:RegressionTest1]/[test:test698(RegressionTest1)]
display-name: test698
]]></system-out>
</testcase>
<testcase name="test476" classname="RegressionTest0" time="0.001">
<system-out><![CDATA[
unique-id: [engine:junit-vintage]/[runner:RegressionTest]/[test:RegressionTest0]/[test:test476(RegressionTest0)]
display-name: test476
]]></system-out>
</testcase>
<testcase name="test517" classname="RegressionTest1" time="0">
<system-out><![CDATA[
unique-id: [engine:junit-vintage]/[runner:RegressionTest]/[test:RegressionTest1]/[test:test517(RegressionTest1)]
display-name: test517
]]></system-out>
</testcase>
<testcase name="test403" classname="RegressionTest0" time="0">
<system-out><![CDATA[
unique-id: [engine:junit-vintage]/[runner:RegressionTest]/[test:RegressionTest0]/[test:test403(RegressionTest0)]
display-name: test403
]]></system-out>
</testcase>
<testcase name="test263" classname="RegressionTest0" time="0">
<system-out><![CDATA[
unique-id: [engine:junit-vintage]/[runner:RegressionTest]/[test:RegressionTest0]/[test:test263(RegressionTest0)]
display-name: test263
]]></system-out>
</testcase>
<testcase name="test184" classname="RegressionTest0" time="0">
<system-out><![CDATA[
unique-id: [engine:junit-vintage]/[runner:RegressionTest]/[test:RegressionTest0]/[test:test184(RegressionTest0)]
display-name: test184
]]></system-out>
</testcase>
<testcase name="test076" classname="RegressionTest0" time="0">
<system-out><![CDATA[
unique-id: [engine:junit-vintage]/[runner:RegressionTest]/[test:RegressionTest0]/[test:test076(RegressionTest0)]
display-name: test076
]]></system-out>
</testcase>
<testcase name="test546" classname="RegressionTest1" time="0">
<system-out><![CDATA[
unique-id: [engine:junit-vintage]/[runner:RegressionTest]/[test:RegressionTest1]/[test:test546(RegressionTest1)]
display-name: test546
]]></system-out>
</testcase>
<testcase name="test003" classname="RegressionTest0" time="0.002">
<system-out><![CDATA[
unique-id: [engine:junit-vintage]/[runner:RegressionTest]/[test:RegressionTest0]/[test:test003(RegressionTest0)]
display-name: test003
]]></system-out>
</testcase>
<testcase name="test155" classname="RegressionTest0" time="0">
<system-out><![CDATA[
unique-id: [engine:junit-vintage]/[runner:RegressionTest]/[test:RegressionTest0]/[test:test155(RegressionTest0)]
display-name: test155
]]></system-out>
</testcase>
<testcase name="test625" classname="RegressionTest1" time="0.001">
<system-out><![CDATA[
unique-id: [engine:junit-vintage]/[runner:RegressionTest]/[test:RegressionTest1]/[test:test625(RegressionTest1)]
display-name: test625
]]></system-out>
</testcase>
<testcase name="test838" classname="RegressionTest1" time="0">
<system-out><![CDATA[
unique-id: [engine:junit-vintage]/[runner:RegressionTest]/[test:RegressionTest1]/[test:test838(RegressionTest1)]
display-name: test838
]]></system-out>
</testcase>
<testcase name="test130" classname="RegressionTest0" time="0">
<system-out><![CDATA[
unique-id: [engine:junit-vintage]/[runner:RegressionTest]/[test:RegressionTest0]/[test:test130(RegressionTest0)]
display-name: test130
]]></system-out>
</testcase>
<testcase name="test314" classname="RegressionTest0" time="0">
<system-out><![CDATA[
unique-id: [engine:junit-vintage]/[runner:RegressionTest]/[test:RegressionTest0]/[test:test314(RegressionTest0)]
display-name: test314
]]></system-out>
</testcase>
<testcase name="test460" classname="RegressionTest0" time="0">
<system-out><![CDATA[
unique-id: [engine:junit-vintage]/[runner:RegressionTest]/[test:RegressionTest0]/[test:test460(RegressionTest0)]
display-name: test460
]]></system-out>
</testcase>
<testcase name="test606" classname="RegressionTest1" time="0.001">
<system-out><![CDATA[
unique-id: [engine:junit-vintage]/[runner:RegressionTest]/[test:RegressionTest1]/[test:test606(RegressionTest1)]
display-name: test606
]]></system-out>
</testcase>
<testcase name="test787" classname="RegressionTest1" time="0">
<system-out><![CDATA[
unique-id: [engine:junit-vintage]/[runner:RegressionTest]/[test:RegressionTest1]/[test:test787(RegressionTest1)]
display-name: test787
]]></system-out>
</testcase>
<testcase name="test060" classname="RegressionTest0" time="0.001">
<system-out><![CDATA[
unique-id: [engine:junit-vintage]/[runner:RegressionTest]/[test:RegressionTest0]/[test:test060(RegressionTest0)]
display-name: test060
]]></system-out>
</testcase>
<testcase name="test428" classname="RegressionTest0" time="0.001">
<system-out><![CDATA[
unique-id: [engine:junit-vintage]/[runner:RegressionTest]/[test:RegressionTest0]/[test:test428(RegressionTest0)]
display-name: test428
]]></system-out>
</testcase>
<testcase name="test095" classname="RegressionTest0" time="0">
<system-out><![CDATA[
unique-id: [engine:junit-vintage]/[runner:RegressionTest]/[test:RegressionTest0]/[test:test095(RegressionTest0)]
display-name: test095
]]></system-out>
</testcase>
<testcase name="test495" classname="RegressionTest0" time="0.002">
<system-out><![CDATA[
unique-id: [engine:junit-vintage]/[runner:RegressionTest]/[test:RegressionTest0]/[test:test495(RegressionTest0)]
display-name: test495
]]></system-out>
</testcase>
<testcase name="test339" classname="RegressionTest0" time="0">
<system-out><![CDATA[
unique-id: [engine:junit-vintage]/[runner:RegressionTest]/[test:RegressionTest0]/[test:test339(RegressionTest0)]
display-name: test339
]]></system-out>
</testcase>
<testcase name="test279" classname="RegressionTest0" time="0">
<system-out><![CDATA[
unique-id: [engine:junit-vintage]/[runner:RegressionTest]/[test:RegressionTest0]/[test:test279(RegressionTest0)]
display-name: test279
]]></system-out>
</testcase>
<testcase name="test692" classname="RegressionTest1" time="0">
<system-out><![CDATA[
unique-id: [engine:junit-vintage]/[runner:RegressionTest]/[test:RegressionTest1]/[test:test692(RegressionTest1)]
display-name: test692
]]></system-out>
</testcase>
<testcase name="test009" classname="RegressionTest0" time="0">
<system-out><![CDATA[
unique-id: [engine:junit-vintage]/[runner:RegressionTest]/[test:RegressionTest0]/[test:test009(RegressionTest0)]
display-name: test009
]]></system-out>
</testcase>
<testcase name="test857" classname="RegressionTest1" time="0">
<system-out><![CDATA[
unique-id: [engine:junit-vintage]/[runner:RegressionTest]/[test:RegressionTest1]/[test:test857(RegressionTest1)]
display-name: test857
]]></system-out>
</testcase>
<testcase name="test244" classname="RegressionTest0" time="0">
<system-out><![CDATA[
unique-id: [engine:junit-vintage]/[runner:RegressionTest]/[test:RegressionTest0]/[test:test244(RegressionTest0)]
display-name: test244
]]></system-out>
</testcase>
<testcase name="test762" classname="RegressionTest1" time="0">
<system-out><![CDATA[
unique-id: [engine:junit-vintage]/[runner:RegressionTest]/[test:RegressionTest1]/[test:test762(RegressionTest1)]
display-name: test762
]]></system-out>
</testcase>
<testcase name="test333" classname="RegressionTest0" time="0">
<system-out><![CDATA[
unique-id: [engine:junit-vintage]/[runner:RegressionTest]/[test:RegressionTest0]/[test:test333(RegressionTest0)]
display-name: test333
]]></system-out>
</testcase>
<testcase name="test584" classname="RegressionTest1" time="0">
<system-out><![CDATA[
unique-id: [engine:junit-vintage]/[runner:RegressionTest]/[test:RegressionTest1]/[test:test584(RegressionTest1)]
display-name: test584
]]></system-out>
</testcase>
<testcase name="test409" classname="RegressionTest0" time="0">
<system-out><![CDATA[
unique-id: [engine:junit-vintage]/[runner:RegressionTest]/[test:RegressionTest0]/[test:test409(RegressionTest0)]
display-name: test409
]]></system-out>
</testcase>
<testcase name="test441" classname="RegressionTest0" time="0">
<system-out><![CDATA[
unique-id: [engine:junit-vintage]/[runner:RegressionTest]/[test:RegressionTest0]/[test:test441(RegressionTest0)]
display-name: test441
]]></system-out>
</testcase>
<testcase name="test028" classname="RegressionTest0" time="0.002">
<system-out><![CDATA[
unique-id: [engine:junit-vintage]/[runner:RegressionTest]/[test:RegressionTest0]/[test:test028(RegressionTest0)]
display-name: test028
]]></system-out>
</testcase>
<testcase name="test041" classname="RegressionTest0" time="0">
<system-out><![CDATA[
unique-id: [engine:junit-vintage]/[runner:RegressionTest]/[test:RegressionTest0]/[test:test041(RegressionTest0)]
display-name: test041
]]></system-out>
</testcase>
<testcase name="test511" classname="RegressionTest1" time="0">
<system-out><![CDATA[
unique-id: [engine:junit-vintage]/[runner:RegressionTest]/[test:RegressionTest1]/[test:test511(RegressionTest1)]
display-name: test511
]]></system-out>
</testcase>
<testcase name="test117" classname="RegressionTest0" time="0">
<system-out><![CDATA[
unique-id: [engine:junit-vintage]/[runner:RegressionTest]/[test:RegressionTest0]/[test:test117(RegressionTest0)]
display-name: test117
]]></system-out>
</testcase>
<testcase name="test876" classname="RegressionTest1" time="0">
<system-out><![CDATA[
unique-id: [engine:junit-vintage]/[runner:RegressionTest]/[test:RegressionTest1]/[test:test876(RegressionTest1)]
display-name: test876
]]></system-out>
</testcase>
<testcase name="test600" classname="RegressionTest1" time="0">
<system-out><![CDATA[
unique-id: [engine:junit-vintage]/[runner:RegressionTest]/[test:RegressionTest1]/[test:test600(RegressionTest1)]
display-name: test600
]]></system-out>
</testcase>
<testcase name="test673" classname="RegressionTest1" time="0">
<system-out><![CDATA[
unique-id: [engine:junit-vintage]/[runner:RegressionTest]/[test:RegressionTest1]/[test:test673(RegressionTest1)]
display-name: test673
]]></system-out>
</testcase>
<testcase name="test803" classname="RegressionTest1" time="0">
<system-out><![CDATA[
unique-id: [engine:junit-vintage]/[runner:RegressionTest]/[test:RegressionTest1]/[test:test803(RegressionTest1)]
display-name: test803
]]></system-out>
</testcase>
<testcase name="test225" classname="RegressionTest0" time="0.001">
<system-out><![CDATA[
unique-id: [engine:junit-vintage]/[runner:RegressionTest]/[test:RegressionTest0]/[test:test225(RegressionTest0)]
display-name: test225
]]></system-out>
</testcase>
<testcase name="test781" classname="RegressionTest1" time="0">
<system-out><![CDATA[
unique-id: [engine:junit-vintage]/[runner:RegressionTest]/[test:RegressionTest1]/[test:test781(RegressionTest1)]
display-name: test781
]]></system-out>
</testcase>
<testcase name="test298" classname="RegressionTest0" time="0">
<system-out><![CDATA[
unique-id: [engine:junit-vintage]/[runner:RegressionTest]/[test:RegressionTest0]/[test:test298(RegressionTest0)]
display-name: test298
]]></system-out>
</testcase>
<testcase name="test768" classname="RegressionTest1" time="0">
<system-out><![CDATA[
unique-id: [engine:junit-vintage]/[runner:RegressionTest]/[test:RegressionTest1]/[test:test768(RegressionTest1)]
display-name: test768
]]></system-out>
</testcase>
<system-out><![CDATA[
unique-id: [engine:junit-vintage]
display-name: JUnit Vintage
]]></system-out>
</testsuite>
