<?xml version="1.0" encoding="UTF-8"?>
<testsuite name="JUnit Vintage" tests="2437" skipped="0" failures="0" errors="0" time="0.818" hostname="johcue-VirtualBox" timestamp="2024-11-30T14:59:29">
<properties>
[...]
</properties>
<testcase name="test1313" classname="RegressionTest2" time="0">
<system-out><![CDATA[
unique-id: [engine:junit-vintage]/[runner:RegressionTest]/[test:RegressionTest2]/[test:test1313(RegressionTest2)]
display-name: test1313
]]></system-out>
</testcase>
<testcase name="test2123" classname="RegressionTest4" time="0">
<system-out><![CDATA[
unique-id: [engine:junit-vintage]/[runner:RegressionTest]/[test:RegressionTest4]/[test:test2123(RegressionTest4)]
display-name: test2123
]]></system-out>
</testcase>
<testcase name="test0091" classname="RegressionTest0" time="0.002">
<system-out><![CDATA[
unique-id: [engine:junit-vintage]/[runner:RegressionTest]/[test:RegressionTest0]/[test:test0091(RegressionTest0)]
display-name: test0091
]]></system-out>
</testcase>
<testcase name="test0162" classname="RegressionTest0" time="0">
<system-out><![CDATA[
unique-id: [engine:junit-vintage]/[runner:RegressionTest]/[test:RegressionTest0]/[test:test0162(RegressionTest0)]
display-name: test0162
]]></system-out>
</testcase>
<testcase name="test1910" classname="RegressionTest3" time="0">
<system-out><![CDATA[
unique-id: [engine:junit-vintage]/[runner:RegressionTest]/[test:RegressionTest3]/[test:test1910(RegressionTest3)]
display-name: test1910
]]></system-out>
</testcase>
<testcase name="test1242" classname="RegressionTest2" time="0">
<system-out><![CDATA[
unique-id: [engine:junit-vintage]/[runner:RegressionTest]/[test:RegressionTest2]/[test:test1242(RegressionTest2)]
display-name: test1242
]]></system-out>
</testcase>
<testcase name="test2052" classname="RegressionTest4" time="0">
<system-out><![CDATA[
unique-id: [engine:junit-vintage]/[runner:RegressionTest]/[test:RegressionTest4]/[test:test2052(RegressionTest4)]
display-name: test2052
]]></system-out>
</testcase>
<testcase name="test2428" classname="RegressionTest4" time="0">
<system-out><![CDATA[
unique-id: [engine:junit-vintage]/[runner:RegressionTest]/[test:RegressionTest4]/[test:test2428(RegressionTest4)]
display-name: test2428
]]></system-out>
</testcase>
<testcase name="test0396" classname="RegressionTest0" time="0">
<system-out><![CDATA[
unique-id: [engine:junit-vintage]/[runner:RegressionTest]/[test:RegressionTest0]/[test:test0396(RegressionTest0)]
display-name: test0396
]]></system-out>
</testcase>
<testcase name="test0432" classname="RegressionTest0" time="0">
<system-out><![CDATA[
unique-id: [engine:junit-vintage]/[runner:RegressionTest]/[test:RegressionTest0]/[test:test0432(RegressionTest0)]
display-name: test0432
]]></system-out>
</testcase>
<testcase name="test1348" classname="RegressionTest2" time="0">
<system-out><![CDATA[
unique-id: [engine:junit-vintage]/[runner:RegressionTest]/[test:RegressionTest2]/[test:test1348(RegressionTest2)]
display-name: test1348
]]></system-out>
</testcase>
<testcase name="test2158" classname="RegressionTest4" time="0">
<system-out><![CDATA[
unique-id: [engine:junit-vintage]/[runner:RegressionTest]/[test:RegressionTest4]/[test:test2158(RegressionTest4)]
display-name: test2158
]]></system-out>
</testcase>
<testcase name="test1874" classname="RegressionTest3" time="0">
<system-out><![CDATA[
unique-id: [engine:junit-vintage]/[runner:RegressionTest]/[test:RegressionTest3]/[test:test1874(RegressionTest3)]
display-name: test1874
]]></system-out>
</testcase>
<testcase name="test0830" classname="RegressionTest1" time="0">
<system-out><![CDATA[
unique-id: [engine:junit-vintage]/[runner:RegressionTest]/[test:RegressionTest1]/[test:test0830(RegressionTest1)]
display-name: test0830
]]></system-out>
</testcase>
<testcase name="test1640" classname="RegressionTest3" time="0">
<system-out><![CDATA[
unique-id: [engine:junit-vintage]/[runner:RegressionTest]/[test:RegressionTest3]/[test:test1640(RegressionTest3)]
display-name: test1640
]]></system-out>
</testcase>
<testcase name="test0304" classname="RegressionTest0" time="0">
<system-out><![CDATA[
unique-id: [engine:junit-vintage]/[runner:RegressionTest]/[test:RegressionTest0]/[test:test0304(RegressionTest0)]
display-name: test0304
]]></system-out>
</testcase>
<testcase name="test1114" classname="RegressionTest2" time="0">
<system-out><![CDATA[
unique-id: [engine:junit-vintage]/[runner:RegressionTest]/[test:RegressionTest2]/[test:test1114(RegressionTest2)]
display-name: test1114
]]></system-out>
</testcase>
<testcase name="test0361" classname="RegressionTest0" time="0">
<system-out><![CDATA[
unique-id: [engine:junit-vintage]/[runner:RegressionTest]/[test:RegressionTest0]/[test:test0361(RegressionTest0)]
display-name: test0361
]]></system-out>
</testcase>
<testcase name="test1171" classname="RegressionTest2" time="0">
<system-out><![CDATA[
unique-id: [engine:junit-vintage]/[runner:RegressionTest]/[test:RegressionTest2]/[test:test1171(RegressionTest2)]
display-name: test1171
]]></system-out>
</testcase>
<testcase name="test1945" classname="RegressionTest3" time="0">
<system-out><![CDATA[
unique-id: [engine:junit-vintage]/[runner:RegressionTest]/[test:RegressionTest3]/[test:test1945(RegressionTest3)]
display-name: test1945
]]></system-out>
</testcase>
<testcase name="test0901" classname="RegressionTest1" time="0">
<system-out><![CDATA[
unique-id: [engine:junit-vintage]/[runner:RegressionTest]/[test:RegressionTest1]/[test:test0901(RegressionTest1)]
display-name: test0901
]]></system-out>
</testcase>
<testcase name="test1711" classname="RegressionTest3" time="0">
<system-out><![CDATA[
unique-id: [engine:junit-vintage]/[runner:RegressionTest]/[test:RegressionTest3]/[test:test1711(RegressionTest3)]
display-name: test1711
]]></system-out>
</testcase>
<testcase name="test1441" classname="RegressionTest2" time="0">
<system-out><![CDATA[
unique-id: [engine:junit-vintage]/[runner:RegressionTest]/[test:RegressionTest2]/[test:test1441(RegressionTest2)]
display-name: test1441
]]></system-out>
</testcase>
<testcase name="test2251" classname="RegressionTest4" time="0">
<system-out><![CDATA[
unique-id: [engine:junit-vintage]/[runner:RegressionTest]/[test:RegressionTest4]/[test:test2251(RegressionTest4)]
display-name: test2251
]]></system-out>
</testcase>
<testcase name="test0865" classname="RegressionTest1" time="0">
<system-out><![CDATA[
unique-id: [engine:junit-vintage]/[runner:RegressionTest]/[test:RegressionTest1]/[test:test0865(RegressionTest1)]
display-name: test0865
]]></system-out>
</testcase>
<testcase name="test1675" classname="RegressionTest3" time="0">
<system-out><![CDATA[
unique-id: [engine:junit-vintage]/[runner:RegressionTest]/[test:RegressionTest3]/[test:test1675(RegressionTest3)]
display-name: test1675
]]></system-out>
</testcase>
<testcase name="test0339" classname="RegressionTest0" time="0">
<system-out><![CDATA[
unique-id: [engine:junit-vintage]/[runner:RegressionTest]/[test:RegressionTest0]/[test:test0339(RegressionTest0)]
display-name: test0339
]]></system-out>
</testcase>
<testcase name="test1149" classname="RegressionTest2" time="0">
<system-out><![CDATA[
unique-id: [engine:junit-vintage]/[runner:RegressionTest]/[test:RegressionTest2]/[test:test1149(RegressionTest2)]
display-name: test1149
]]></system-out>
</testcase>
<testcase name="test1419" classname="RegressionTest2" time="0">
<system-out><![CDATA[
unique-id: [engine:junit-vintage]/[runner:RegressionTest]/[test:RegressionTest2]/[test:test1419(RegressionTest2)]
display-name: test1419
]]></system-out>
</testcase>
<testcase name="test2229" classname="RegressionTest4" time="0">
<system-out><![CDATA[
unique-id: [engine:junit-vintage]/[runner:RegressionTest]/[test:RegressionTest4]/[test:test2229(RegressionTest4)]
display-name: test2229
]]></system-out>
</testcase>
<testcase name="test0560" classname="RegressionTest1" time="0">
<system-out><![CDATA[
unique-id: [engine:junit-vintage]/[runner:RegressionTest]/[test:RegressionTest1]/[test:test0560(RegressionTest1)]
display-name: test0560
]]></system-out>
</testcase>
<testcase name="test0105" classname="RegressionTest0" time="0">
<system-out><![CDATA[
unique-id: [engine:junit-vintage]/[runner:RegressionTest]/[test:RegressionTest0]/[test:test0105(RegressionTest0)]
display-name: test0105
]]></system-out>
</testcase>
<testcase name="test0666" classname="RegressionTest1" time="0">
<system-out><![CDATA[
unique-id: [engine:junit-vintage]/[runner:RegressionTest]/[test:RegressionTest1]/[test:test0666(RegressionTest1)]
display-name: test0666
]]></system-out>
</testcase>
<testcase name="test0290" classname="RegressionTest0" time="0">
<system-out><![CDATA[
unique-id: [engine:junit-vintage]/[runner:RegressionTest]/[test:RegressionTest0]/[test:test0290(RegressionTest0)]
display-name: test0290
]]></system-out>
</testcase>
<testcase name="test0794" classname="RegressionTest1" time="0">
<system-out><![CDATA[
unique-id: [engine:junit-vintage]/[runner:RegressionTest]/[test:RegressionTest1]/[test:test0794(RegressionTest1)]
display-name: test0794
]]></system-out>
</testcase>
<testcase name="test2322" classname="RegressionTest4" time="0">
<system-out><![CDATA[
unique-id: [engine:junit-vintage]/[runner:RegressionTest]/[test:RegressionTest4]/[test:test2322(RegressionTest4)]
display-name: test2322
]]></system-out>
</testcase>
<testcase name="test0233" classname="RegressionTest0" time="0">
<system-out><![CDATA[
unique-id: [engine:junit-vintage]/[runner:RegressionTest]/[test:RegressionTest0]/[test:test0233(RegressionTest0)]
display-name: test0233
]]></system-out>
</testcase>
<testcase name="test1043" classname="RegressionTest2" time="0">
<system-out><![CDATA[
unique-id: [engine:junit-vintage]/[runner:RegressionTest]/[test:RegressionTest2]/[test:test1043(RegressionTest2)]
display-name: test1043
]]></system-out>
</testcase>
<testcase name="test0467" classname="RegressionTest0" time="0">
<system-out><![CDATA[
unique-id: [engine:junit-vintage]/[runner:RegressionTest]/[test:RegressionTest0]/[test:test0467(RegressionTest0)]
display-name: test0467
]]></system-out>
</testcase>
<testcase name="test1277" classname="RegressionTest2" time="0">
<system-out><![CDATA[
unique-id: [engine:junit-vintage]/[runner:RegressionTest]/[test:RegressionTest2]/[test:test1277(RegressionTest2)]
display-name: test1277
]]></system-out>
</testcase>
<testcase name="test2087" classname="RegressionTest4" time="0">
<system-out><![CDATA[
unique-id: [engine:junit-vintage]/[runner:RegressionTest]/[test:RegressionTest4]/[test:test2087(RegressionTest4)]
display-name: test2087
]]></system-out>
</testcase>
<testcase name="test0737" classname="RegressionTest1" time="0">
<system-out><![CDATA[
unique-id: [engine:junit-vintage]/[runner:RegressionTest]/[test:RegressionTest1]/[test:test0737(RegressionTest1)]
display-name: test0737
]]></system-out>
</testcase>
<testcase name="test1547" classname="RegressionTest3" time="0">
<system-out><![CDATA[
unique-id: [engine:junit-vintage]/[runner:RegressionTest]/[test:RegressionTest3]/[test:test1547(RegressionTest3)]
display-name: test1547
]]></system-out>
</testcase>
<testcase name="test0520" classname="RegressionTest1" time="0">
<system-out><![CDATA[
unique-id: [engine:junit-vintage]/[runner:RegressionTest]/[test:RegressionTest1]/[test:test0520(RegressionTest1)]
display-name: test0520
]]></system-out>
</testcase>
<testcase name="test1706" classname="RegressionTest3" time="0">
<system-out><![CDATA[
unique-id: [engine:junit-vintage]/[runner:RegressionTest]/[test:RegressionTest3]/[test:test1706(RegressionTest3)]
display-name: test1706
]]></system-out>
</testcase>
<testcase name="test0503" classname="RegressionTest1" time="0">
<system-out><![CDATA[
unique-id: [engine:junit-vintage]/[runner:RegressionTest]/[test:RegressionTest1]/[test:test0503(RegressionTest1)]
display-name: test0503
]]></system-out>
</testcase>
<testcase name="test2362" classname="RegressionTest4" time="0">
<system-out><![CDATA[
unique-id: [engine:junit-vintage]/[runner:RegressionTest]/[test:RegressionTest4]/[test:test2362(RegressionTest4)]
display-name: test2362
]]></system-out>
</testcase>
<testcase name="test0029" classname="RegressionTest0" time="0.001">
<system-out><![CDATA[
unique-id: [engine:junit-vintage]/[runner:RegressionTest]/[test:RegressionTest0]/[test:test0029(RegressionTest0)]
display-name: test0029
]]></system-out>
</testcase>
<testcase name="test0538" classname="RegressionTest1" time="0">
<system-out><![CDATA[
unique-id: [engine:junit-vintage]/[runner:RegressionTest]/[test:RegressionTest1]/[test:test0538(RegressionTest1)]
display-name: test0538
]]></system-out>
</testcase>
<testcase name="test2000" classname="RegressionTest3" time="0">
<system-out><![CDATA[
unique-id: [engine:junit-vintage]/[runner:RegressionTest]/[test:RegressionTest3]/[test:test2000(RegressionTest3)]
display-name: test2000
]]></system-out>
</testcase>
<testcase name="test0157" classname="RegressionTest0" time="0">
<system-out><![CDATA[
unique-id: [engine:junit-vintage]/[runner:RegressionTest]/[test:RegressionTest0]/[test:test0157(RegressionTest0)]
display-name: test0157
]]></system-out>
</testcase>
<testcase name="test0626" classname="RegressionTest1" time="0">
<system-out><![CDATA[
unique-id: [engine:junit-vintage]/[runner:RegressionTest]/[test:RegressionTest1]/[test:test0626(RegressionTest1)]
display-name: test0626
]]></system-out>
</testcase>
<testcase name="test0122" classname="RegressionTest0" time="0.001">
<system-out><![CDATA[
unique-id: [engine:junit-vintage]/[runner:RegressionTest]/[test:RegressionTest0]/[test:test0122(RegressionTest0)]
display-name: test0122
]]></system-out>
</testcase>
<testcase name="test0034" classname="RegressionTest0" time="0.004">
<system-out><![CDATA[
unique-id: [engine:junit-vintage]/[runner:RegressionTest]/[test:RegressionTest0]/[test:test0034(RegressionTest0)]
display-name: test0034
]]></system-out>
</testcase>
<testcase name="test0631" classname="RegressionTest1" time="0">
<system-out><![CDATA[
unique-id: [engine:junit-vintage]/[runner:RegressionTest]/[test:RegressionTest1]/[test:test0631(RegressionTest1)]
display-name: test0631
]]></system-out>
</testcase>
<testcase name="test0882" classname="RegressionTest1" time="0">
<system-out><![CDATA[
unique-id: [engine:junit-vintage]/[runner:RegressionTest]/[test:RegressionTest1]/[test:test0882(RegressionTest1)]
display-name: test0882
]]></system-out>
</testcase>
<testcase name="test1692" classname="RegressionTest3" time="0">
<system-out><![CDATA[
unique-id: [engine:junit-vintage]/[runner:RegressionTest]/[test:RegressionTest3]/[test:test1692(RegressionTest3)]
display-name: test1692
]]></system-out>
</testcase>
<testcase name="test0273" classname="RegressionTest0" time="0">
<system-out><![CDATA[
unique-id: [engine:junit-vintage]/[runner:RegressionTest]/[test:RegressionTest0]/[test:test0273(RegressionTest0)]
display-name: test0273
]]></system-out>
</testcase>
<testcase name="test1083" classname="RegressionTest2" time="0">
<system-out><![CDATA[
unique-id: [engine:junit-vintage]/[runner:RegressionTest]/[test:RegressionTest2]/[test:test1083(RegressionTest2)]
display-name: test1083
]]></system-out>
</testcase>
<testcase name="test1424" classname="RegressionTest2" time="0">
<system-out><![CDATA[
unique-id: [engine:junit-vintage]/[runner:RegressionTest]/[test:RegressionTest2]/[test:test1424(RegressionTest2)]
display-name: test1424
]]></system-out>
</testcase>
<testcase name="test2234" classname="RegressionTest4" time="0">
<system-out><![CDATA[
unique-id: [engine:junit-vintage]/[runner:RegressionTest]/[test:RegressionTest4]/[test:test2234(RegressionTest4)]
display-name: test2234
]]></system-out>
</testcase>
<testcase name="test0988" classname="RegressionTest1" time="0">
<system-out><![CDATA[
unique-id: [engine:junit-vintage]/[runner:RegressionTest]/[test:RegressionTest1]/[test:test0988(RegressionTest1)]
display-name: test0988
]]></system-out>
</testcase>
<testcase name="test1798" classname="RegressionTest3" time="0">
<system-out><![CDATA[
unique-id: [engine:junit-vintage]/[runner:RegressionTest]/[test:RegressionTest3]/[test:test1798(RegressionTest3)]
display-name: test1798
]]></system-out>
</testcase>
<testcase name="test0250" classname="RegressionTest0" time="0">
<system-out><![CDATA[
unique-id: [engine:junit-vintage]/[runner:RegressionTest]/[test:RegressionTest0]/[test:test0250(RegressionTest0)]
display-name: test0250
]]></system-out>
</testcase>
<testcase name="test0268" classname="RegressionTest0" time="0">
<system-out><![CDATA[
unique-id: [engine:junit-vintage]/[runner:RegressionTest]/[test:RegressionTest0]/[test:test0268(RegressionTest0)]
display-name: test0268
]]></system-out>
</testcase>
<testcase name="test0379" classname="RegressionTest0" time="0">
<system-out><![CDATA[
unique-id: [engine:junit-vintage]/[runner:RegressionTest]/[test:RegressionTest0]/[test:test0379(RegressionTest0)]
display-name: test0379
]]></system-out>
</testcase>
<testcase name="test1060" classname="RegressionTest2" time="0">
<system-out><![CDATA[
unique-id: [engine:junit-vintage]/[runner:RegressionTest]/[test:RegressionTest2]/[test:test1060(RegressionTest2)]
display-name: test1060
]]></system-out>
</testcase>
<testcase name="test1078" classname="RegressionTest2" time="0">
<system-out><![CDATA[
unique-id: [engine:junit-vintage]/[runner:RegressionTest]/[test:RegressionTest2]/[test:test1078(RegressionTest2)]
display-name: test1078
]]></system-out>
</testcase>
<testcase name="test1189" classname="RegressionTest2" time="0">
<system-out><![CDATA[
unique-id: [engine:junit-vintage]/[runner:RegressionTest]/[test:RegressionTest2]/[test:test1189(RegressionTest2)]
display-name: test1189
]]></system-out>
</testcase>
<testcase name="test2357" classname="RegressionTest4" time="0">
<system-out><![CDATA[
unique-id: [engine:junit-vintage]/[runner:RegressionTest]/[test:RegressionTest4]/[test:test2357(RegressionTest4)]
display-name: test2357
]]></system-out>
</testcase>
<testcase name="test0754" classname="RegressionTest1" time="0">
<system-out><![CDATA[
unique-id: [engine:junit-vintage]/[runner:RegressionTest]/[test:RegressionTest1]/[test:test0754(RegressionTest1)]
display-name: test0754
]]></system-out>
</testcase>
<testcase name="test1822" classname="RegressionTest3" time="0">
<system-out><![CDATA[
unique-id: [engine:junit-vintage]/[runner:RegressionTest]/[test:RegressionTest3]/[test:test1822(RegressionTest3)]
display-name: test1822
]]></system-out>
</testcase>
<testcase name="test1308" classname="RegressionTest2" time="0">
<system-out><![CDATA[
unique-id: [engine:junit-vintage]/[runner:RegressionTest]/[test:RegressionTest2]/[test:test1308(RegressionTest2)]
display-name: test1308
]]></system-out>
</testcase>
<testcase name="test1564" classname="RegressionTest3" time="0">
<system-out><![CDATA[
unique-id: [engine:junit-vintage]/[runner:RegressionTest]/[test:RegressionTest3]/[test:test1564(RegressionTest3)]
display-name: test1564
]]></system-out>
</testcase>
<testcase name="test2118" classname="RegressionTest4" time="0">
<system-out><![CDATA[
unique-id: [engine:junit-vintage]/[runner:RegressionTest]/[test:RegressionTest4]/[test:test2118(RegressionTest4)]
display-name: test2118
]]></system-out>
</testcase>
<testcase name="test0993" classname="RegressionTest1" time="0">
<system-out><![CDATA[
unique-id: [engine:junit-vintage]/[runner:RegressionTest]/[test:RegressionTest1]/[test:test0993(RegressionTest1)]
display-name: test0993
]]></system-out>
</testcase>
<testcase name="test1817" classname="RegressionTest3" time="0">
<system-out><![CDATA[
unique-id: [engine:junit-vintage]/[runner:RegressionTest]/[test:RegressionTest3]/[test:test1817(RegressionTest3)]
display-name: test1817
]]></system-out>
</testcase>
<testcase name="test0216" classname="RegressionTest0" time="0">
<system-out><![CDATA[
unique-id: [engine:junit-vintage]/[runner:RegressionTest]/[test:RegressionTest0]/[test:test0216(RegressionTest0)]
display-name: test0216
]]></system-out>
</testcase>
<testcase name="test1552" classname="RegressionTest3" time="0">
<system-out><![CDATA[
unique-id: [engine:junit-vintage]/[runner:RegressionTest]/[test:RegressionTest3]/[test:test1552(RegressionTest3)]
display-name: test1552
]]></system-out>
</testcase>
<testcase name="test1026" classname="RegressionTest2" time="0">
<system-out><![CDATA[
unique-id: [engine:junit-vintage]/[runner:RegressionTest]/[test:RegressionTest2]/[test:test1026(RegressionTest2)]
display-name: test1026
]]></system-out>
</testcase>
<testcase name="test0145" classname="RegressionTest0" time="0">
<system-out><![CDATA[
unique-id: [engine:junit-vintage]/[runner:RegressionTest]/[test:RegressionTest0]/[test:test0145(RegressionTest0)]
display-name: test0145
]]></system-out>
</testcase>
<testcase name="test0742" classname="RegressionTest1" time="0">
<system-out><![CDATA[
unique-id: [engine:junit-vintage]/[runner:RegressionTest]/[test:RegressionTest1]/[test:test0742(RegressionTest1)]
display-name: test0742
]]></system-out>
</testcase>
<testcase name="test0110" classname="RegressionTest0" time="0">
<system-out><![CDATA[
unique-id: [engine:junit-vintage]/[runner:RegressionTest]/[test:RegressionTest0]/[test:test0110(RegressionTest0)]
display-name: test0110
]]></system-out>
</testcase>
<testcase name="test2106" classname="RegressionTest4" time="0">
<system-out><![CDATA[
unique-id: [engine:junit-vintage]/[runner:RegressionTest]/[test:RegressionTest4]/[test:test2106(RegressionTest4)]
display-name: test2106
]]></system-out>
</testcase>
<testcase name="test2211" classname="RegressionTest4" time="0">
<system-out><![CDATA[
unique-id: [engine:junit-vintage]/[runner:RegressionTest]/[test:RegressionTest4]/[test:test2211(RegressionTest4)]
display-name: test2211
]]></system-out>
</testcase>
<testcase name="test1401" classname="RegressionTest2" time="0">
<system-out><![CDATA[
unique-id: [engine:junit-vintage]/[runner:RegressionTest]/[test:RegressionTest2]/[test:test1401(RegressionTest2)]
display-name: test1401
]]></system-out>
</testcase>
<testcase name="test1493" classname="RegressionTest2" time="0">
<system-out><![CDATA[
unique-id: [engine:junit-vintage]/[runner:RegressionTest]/[test:RegressionTest2]/[test:test1493(RegressionTest2)]
display-name: test1493
]]></system-out>
</testcase>
<testcase name="test1658" classname="RegressionTest3" time="0">
<system-out><![CDATA[
unique-id: [engine:junit-vintage]/[runner:RegressionTest]/[test:RegressionTest3]/[test:test1658(RegressionTest3)]
display-name: test1658
]]></system-out>
</testcase>
<testcase name="test0848" classname="RegressionTest1" time="0">
<system-out><![CDATA[
unique-id: [engine:junit-vintage]/[runner:RegressionTest]/[test:RegressionTest1]/[test:test0848(RegressionTest1)]
display-name: test0848
]]></system-out>
</testcase>
<testcase name="test0543" classname="RegressionTest1" time="0">
<system-out><![CDATA[
unique-id: [engine:junit-vintage]/[runner:RegressionTest]/[test:RegressionTest1]/[test:test0543(RegressionTest1)]
display-name: test0543
]]></system-out>
</testcase>
<testcase name="test0813" classname="RegressionTest1" time="0">
<system-out><![CDATA[
unique-id: [engine:junit-vintage]/[runner:RegressionTest]/[test:RegressionTest1]/[test:test0813(RegressionTest1)]
display-name: test0813
]]></system-out>
</testcase>
<testcase name="test1623" classname="RegressionTest3" time="0">
<system-out><![CDATA[
unique-id: [engine:junit-vintage]/[runner:RegressionTest]/[test:RegressionTest3]/[test:test1623(RegressionTest3)]
display-name: test1623
]]></system-out>
</testcase>
<testcase name="test0578" classname="RegressionTest1" time="0">
<system-out><![CDATA[
unique-id: [engine:junit-vintage]/[runner:RegressionTest]/[test:RegressionTest1]/[test:test0578(RegressionTest1)]
display-name: test0578
]]></system-out>
</testcase>
<testcase name="test1202" classname="RegressionTest2" time="0">
<system-out><![CDATA[
unique-id: [engine:junit-vintage]/[runner:RegressionTest]/[test:RegressionTest2]/[test:test1202(RegressionTest2)]
display-name: test1202
]]></system-out>
</testcase>
<testcase name="test1928" classname="RegressionTest3" time="0">
<system-out><![CDATA[
unique-id: [engine:junit-vintage]/[runner:RegressionTest]/[test:RegressionTest3]/[test:test1928(RegressionTest3)]
display-name: test1928
]]></system-out>
</testcase>
<testcase name="test0953" classname="RegressionTest1" time="0">
<system-out><![CDATA[
unique-id: [engine:junit-vintage]/[runner:RegressionTest]/[test:RegressionTest1]/[test:test0953(RegressionTest1)]
display-name: test0953
]]></system-out>
</testcase>
<testcase name="test1763" classname="RegressionTest3" time="0">
<system-out><![CDATA[
unique-id: [engine:junit-vintage]/[runner:RegressionTest]/[test:RegressionTest3]/[test:test1763(RegressionTest3)]
display-name: test1763
]]></system-out>
</testcase>
<testcase name="test2012" classname="RegressionTest4" time="0">
<system-out><![CDATA[
unique-id: [engine:junit-vintage]/[runner:RegressionTest]/[test:RegressionTest4]/[test:test2012(RegressionTest4)]
display-name: test2012
]]></system-out>
</testcase>
<testcase name="test0356" classname="RegressionTest0" time="0">
<system-out><![CDATA[
unique-id: [engine:junit-vintage]/[runner:RegressionTest]/[test:RegressionTest0]/[test:test0356(RegressionTest0)]
display-name: test0356
]]></system-out>
</testcase>
<testcase name="test1166" classname="RegressionTest2" time="0">
<system-out><![CDATA[
unique-id: [engine:junit-vintage]/[runner:RegressionTest]/[test:RegressionTest2]/[test:test1166(RegressionTest2)]
display-name: test1166
]]></system-out>
</testcase>
<testcase name="test1950" classname="RegressionTest3" time="0">
<system-out><![CDATA[
unique-id: [engine:junit-vintage]/[runner:RegressionTest]/[test:RegressionTest3]/[test:test1950(RegressionTest3)]
display-name: test1950
]]></system-out>
</testcase>
<testcase name="test1353" classname="RegressionTest2" time="0">
<system-out><![CDATA[
unique-id: [engine:junit-vintage]/[runner:RegressionTest]/[test:RegressionTest2]/[test:test1353(RegressionTest2)]
display-name: test1353
]]></system-out>
</testcase>
<testcase name="test2163" classname="RegressionTest4" time="0">
<system-out><![CDATA[
unique-id: [engine:junit-vintage]/[runner:RegressionTest]/[test:RegressionTest4]/[test:test2163(RegressionTest4)]
display-name: test2163
]]></system-out>
</testcase>
<testcase name="test0919" classname="RegressionTest1" time="0">
<system-out><![CDATA[
unique-id: [engine:junit-vintage]/[runner:RegressionTest]/[test:RegressionTest1]/[test:test0919(RegressionTest1)]
display-name: test0919
]]></system-out>
</testcase>
<testcase name="test1729" classname="RegressionTest3" time="0">
<system-out><![CDATA[
unique-id: [engine:junit-vintage]/[runner:RegressionTest]/[test:RegressionTest3]/[test:test1729(RegressionTest3)]
display-name: test1729
]]></system-out>
</testcase>
<testcase name="test2317" classname="RegressionTest4" time="0">
<system-out><![CDATA[
unique-id: [engine:junit-vintage]/[runner:RegressionTest]/[test:RegressionTest4]/[test:test2317(RegressionTest4)]
display-name: test2317
]]></system-out>
</testcase>
<testcase name="test1459" classname="RegressionTest2" time="0">
<system-out><![CDATA[
unique-id: [engine:junit-vintage]/[runner:RegressionTest]/[test:RegressionTest2]/[test:test1459(RegressionTest2)]
display-name: test1459
]]></system-out>
</testcase>
<testcase name="test0051" classname="RegressionTest0" time="0">
<system-out><![CDATA[
unique-id: [engine:junit-vintage]/[runner:RegressionTest]/[test:RegressionTest0]/[test:test0051(RegressionTest0)]
display-name: test0051
]]></system-out>
</testcase>
<testcase name="test1829" classname="RegressionTest3" time="0">
<system-out><![CDATA[
unique-id: [engine:junit-vintage]/[runner:RegressionTest]/[test:RegressionTest3]/[test:test1829(RegressionTest3)]
display-name: test1829
]]></system-out>
</testcase>
<testcase name="test2269" classname="RegressionTest4" time="0">
<system-out><![CDATA[
unique-id: [engine:junit-vintage]/[runner:RegressionTest]/[test:RegressionTest4]/[test:test2269(RegressionTest4)]
display-name: test2269
]]></system-out>
</testcase>
<testcase name="test0046" classname="RegressionTest0" time="0">
<system-out><![CDATA[
unique-id: [engine:junit-vintage]/[runner:RegressionTest]/[test:RegressionTest0]/[test:test0046(RegressionTest0)]
display-name: test0046
]]></system-out>
</testcase>
<testcase name="test0472" classname="RegressionTest0" time="0">
<system-out><![CDATA[
unique-id: [engine:junit-vintage]/[runner:RegressionTest]/[test:RegressionTest0]/[test:test0472(RegressionTest0)]
display-name: test0472
]]></system-out>
</testcase>
<testcase name="test1282" classname="RegressionTest2" time="0">
<system-out><![CDATA[
unique-id: [engine:junit-vintage]/[runner:RegressionTest]/[test:RegressionTest2]/[test:test1282(RegressionTest2)]
display-name: test1282
]]></system-out>
</testcase>
<testcase name="test2092" classname="RegressionTest4" time="0">
<system-out><![CDATA[
unique-id: [engine:junit-vintage]/[runner:RegressionTest]/[test:RegressionTest4]/[test:test2092(RegressionTest4)]
display-name: test2092
]]></system-out>
</testcase>
<testcase name="test1834" classname="RegressionTest3" time="0">
<system-out><![CDATA[
unique-id: [engine:junit-vintage]/[runner:RegressionTest]/[test:RegressionTest3]/[test:test1834(RegressionTest3)]
display-name: test1834
]]></system-out>
</testcase>
<testcase name="test1464" classname="RegressionTest2" time="0">
<system-out><![CDATA[
unique-id: [engine:junit-vintage]/[runner:RegressionTest]/[test:RegressionTest2]/[test:test1464(RegressionTest2)]
display-name: test1464
]]></system-out>
</testcase>
<testcase name="test2374" classname="RegressionTest4" time="0">
<system-out><![CDATA[
unique-id: [engine:junit-vintage]/[runner:RegressionTest]/[test:RegressionTest4]/[test:test2374(RegressionTest4)]
display-name: test2374
]]></system-out>
</testcase>
<testcase name="test0789" classname="RegressionTest1" time="0">
<system-out><![CDATA[
unique-id: [engine:junit-vintage]/[runner:RegressionTest]/[test:RegressionTest1]/[test:test0789(RegressionTest1)]
display-name: test0789
]]></system-out>
</testcase>
<testcase name="test1599" classname="RegressionTest3" time="0">
<system-out><![CDATA[
unique-id: [engine:junit-vintage]/[runner:RegressionTest]/[test:RegressionTest3]/[test:test1599(RegressionTest3)]
display-name: test1599
]]></system-out>
</testcase>
<testcase name="test2274" classname="RegressionTest4" time="0">
<system-out><![CDATA[
unique-id: [engine:junit-vintage]/[runner:RegressionTest]/[test:RegressionTest4]/[test:test2274(RegressionTest4)]
display-name: test2274
]]></system-out>
</testcase>
<testcase name="test1499" classname="RegressionTest2" time="0">
<system-out><![CDATA[
unique-id: [engine:junit-vintage]/[runner:RegressionTest]/[test:RegressionTest2]/[test:test1499(RegressionTest2)]
display-name: test1499
]]></system-out>
</testcase>
<testcase name="test1126" classname="RegressionTest2" time="0">
<system-out><![CDATA[
unique-id: [engine:junit-vintage]/[runner:RegressionTest]/[test:RegressionTest2]/[test:test1126(RegressionTest2)]
display-name: test1126
]]></system-out>
</testcase>
<testcase name="test0316" classname="RegressionTest0" time="0">
<system-out><![CDATA[
unique-id: [engine:junit-vintage]/[runner:RegressionTest]/[test:RegressionTest0]/[test:test0316(RegressionTest0)]
display-name: test0316
]]></system-out>
</testcase>
<testcase name="test0913" classname="RegressionTest1" time="0">
<system-out><![CDATA[
unique-id: [engine:junit-vintage]/[runner:RegressionTest]/[test:RegressionTest1]/[test:test0913(RegressionTest1)]
display-name: test0913
]]></system-out>
</testcase>
<testcase name="test1723" classname="RegressionTest3" time="0">
<system-out><![CDATA[
unique-id: [engine:junit-vintage]/[runner:RegressionTest]/[test:RegressionTest3]/[test:test1723(RegressionTest3)]
display-name: test1723
]]></system-out>
</testcase>
<testcase name="test0210" classname="RegressionTest0" time="0">
<system-out><![CDATA[
unique-id: [engine:junit-vintage]/[runner:RegressionTest]/[test:RegressionTest0]/[test:test0210(RegressionTest0)]
display-name: test0210
]]></system-out>
</testcase>
<testcase name="test1020" classname="RegressionTest2" time="0">
<system-out><![CDATA[
unique-id: [engine:junit-vintage]/[runner:RegressionTest]/[test:RegressionTest2]/[test:test1020(RegressionTest2)]
display-name: test1020
]]></system-out>
</testcase>
<testcase name="test0808" classname="RegressionTest1" time="0">
<system-out><![CDATA[
unique-id: [engine:junit-vintage]/[runner:RegressionTest]/[test:RegressionTest1]/[test:test0808(RegressionTest1)]
display-name: test0808
]]></system-out>
</testcase>
<testcase name="test1618" classname="RegressionTest3" time="0">
<system-out><![CDATA[
unique-id: [engine:junit-vintage]/[runner:RegressionTest]/[test:RegressionTest3]/[test:test1618(RegressionTest3)]
display-name: test1618
]]></system-out>
</testcase>
<testcase name="test0683" classname="RegressionTest1" time="0">
<system-out><![CDATA[
unique-id: [engine:junit-vintage]/[runner:RegressionTest]/[test:RegressionTest1]/[test:test0683(RegressionTest1)]
display-name: test0683
]]></system-out>
</testcase>
<testcase name="test1393" classname="RegressionTest2" time="0">
<system-out><![CDATA[
unique-id: [engine:junit-vintage]/[runner:RegressionTest]/[test:RegressionTest2]/[test:test1393(RegressionTest2)]
display-name: test1393
]]></system-out>
</testcase>
<testcase name="test2433" classname="RegressionTest4" time="0">
<system-out><![CDATA[
unique-id: [engine:junit-vintage]/[runner:RegressionTest]/[test:RegressionTest4]/[test:test2433(RegressionTest4)]
display-name: test2433
]]></system-out>
</testcase>
<testcase name="test0086" classname="RegressionTest0" time="0">
<system-out><![CDATA[
unique-id: [engine:junit-vintage]/[runner:RegressionTest]/[test:RegressionTest0]/[test:test0086(RegressionTest0)]
display-name: test0086
]]></system-out>
</testcase>
<testcase name="test0678" classname="RegressionTest1" time="0">
<system-out><![CDATA[
unique-id: [engine:junit-vintage]/[runner:RegressionTest]/[test:RegressionTest1]/[test:test0678(RegressionTest1)]
display-name: test0678
]]></system-out>
</testcase>
<testcase name="test0948" classname="RegressionTest1" time="0">
<system-out><![CDATA[
unique-id: [engine:junit-vintage]/[runner:RegressionTest]/[test:RegressionTest1]/[test:test0948(RegressionTest1)]
display-name: test0948
]]></system-out>
</testcase>
<testcase name="test1758" classname="RegressionTest3" time="0">
<system-out><![CDATA[
unique-id: [engine:junit-vintage]/[runner:RegressionTest]/[test:RegressionTest3]/[test:test1758(RegressionTest3)]
display-name: test1758
]]></system-out>
</testcase>
<testcase name="test1388" classname="RegressionTest2" time="0">
<system-out><![CDATA[
unique-id: [engine:junit-vintage]/[runner:RegressionTest]/[test:RegressionTest2]/[test:test1388(RegressionTest2)]
display-name: test1388
]]></system-out>
</testcase>
<testcase name="test2198" classname="RegressionTest4" time="0">
<system-out><![CDATA[
unique-id: [engine:junit-vintage]/[runner:RegressionTest]/[test:RegressionTest4]/[test:test2198(RegressionTest4)]
display-name: test2198
]]></system-out>
</testcase>
<testcase name="test0427" classname="RegressionTest0" time="0">
<system-out><![CDATA[
unique-id: [engine:junit-vintage]/[runner:RegressionTest]/[test:RegressionTest0]/[test:test0427(RegressionTest0)]
display-name: test0427
]]></system-out>
</testcase>
<testcase name="test1237" classname="RegressionTest2" time="0">
<system-out><![CDATA[
unique-id: [engine:junit-vintage]/[runner:RegressionTest]/[test:RegressionTest2]/[test:test1237(RegressionTest2)]
display-name: test1237
]]></system-out>
</testcase>
<testcase name="test2047" classname="RegressionTest4" time="0">
<system-out><![CDATA[
unique-id: [engine:junit-vintage]/[runner:RegressionTest]/[test:RegressionTest4]/[test:test2047(RegressionTest4)]
display-name: test2047
]]></system-out>
</testcase>
<testcase name="test0221" classname="RegressionTest0" time="0">
<system-out><![CDATA[
unique-id: [engine:junit-vintage]/[runner:RegressionTest]/[test:RegressionTest0]/[test:test0221(RegressionTest0)]
display-name: test0221
]]></system-out>
</testcase>
<testcase name="test0702" classname="RegressionTest1" time="0">
<system-out><![CDATA[
unique-id: [engine:junit-vintage]/[runner:RegressionTest]/[test:RegressionTest1]/[test:test0702(RegressionTest1)]
display-name: test0702
]]></system-out>
</testcase>
<testcase name="test1131" classname="RegressionTest2" time="0">
<system-out><![CDATA[
unique-id: [engine:junit-vintage]/[runner:RegressionTest]/[test:RegressionTest2]/[test:test1131(RegressionTest2)]
display-name: test1131
]]></system-out>
</testcase>
<testcase name="test1512" classname="RegressionTest3" time="0">
<system-out><![CDATA[
unique-id: [engine:junit-vintage]/[runner:RegressionTest]/[test:RegressionTest3]/[test:test1512(RegressionTest3)]
display-name: test1512
]]></system-out>
</testcase>
<testcase name="test1031" classname="RegressionTest2" time="0">
<system-out><![CDATA[
unique-id: [engine:junit-vintage]/[runner:RegressionTest]/[test:RegressionTest2]/[test:test1031(RegressionTest2)]
display-name: test1031
]]></system-out>
</testcase>
<testcase name="test0327" classname="RegressionTest0" time="0">
<system-out><![CDATA[
unique-id: [engine:junit-vintage]/[runner:RegressionTest]/[test:RegressionTest0]/[test:test0327(RegressionTest0)]
display-name: test0327
]]></system-out>
</testcase>
<testcase name="test1137" classname="RegressionTest2" time="0">
<system-out><![CDATA[
unique-id: [engine:junit-vintage]/[runner:RegressionTest]/[test:RegressionTest2]/[test:test1137(RegressionTest2)]
display-name: test1137
]]></system-out>
</testcase>
<testcase name="test1507" classname="RegressionTest3" time="0">
<system-out><![CDATA[
unique-id: [engine:junit-vintage]/[runner:RegressionTest]/[test:RegressionTest3]/[test:test1507(RegressionTest3)]
display-name: test1507
]]></system-out>
</testcase>
<testcase name="test1985" classname="RegressionTest3" time="0">
<system-out><![CDATA[
unique-id: [engine:junit-vintage]/[runner:RegressionTest]/[test:RegressionTest3]/[test:test1985(RegressionTest3)]
display-name: test1985
]]></system-out>
</testcase>
<testcase name="test0321" classname="RegressionTest0" time="0">
<system-out><![CDATA[
unique-id: [engine:junit-vintage]/[runner:RegressionTest]/[test:RegressionTest0]/[test:test0321(RegressionTest0)]
display-name: test0321
]]></system-out>
</testcase>
<testcase name="test0959" classname="RegressionTest1" time="0">
<system-out><![CDATA[
unique-id: [engine:junit-vintage]/[runner:RegressionTest]/[test:RegressionTest1]/[test:test0959(RegressionTest1)]
display-name: test0959
]]></system-out>
</testcase>
<testcase name="test1769" classname="RegressionTest3" time="0">
<system-out><![CDATA[
unique-id: [engine:junit-vintage]/[runner:RegressionTest]/[test:RegressionTest3]/[test:test1769(RegressionTest3)]
display-name: test1769
]]></system-out>
</testcase>
<testcase name="test1869" classname="RegressionTest3" time="0">
<system-out><![CDATA[
unique-id: [engine:junit-vintage]/[runner:RegressionTest]/[test:RegressionTest3]/[test:test1869(RegressionTest3)]
display-name: test1869
]]></system-out>
</testcase>
<testcase name="test0572" classname="RegressionTest1" time="0">
<system-out><![CDATA[
unique-id: [engine:junit-vintage]/[runner:RegressionTest]/[test:RegressionTest1]/[test:test0572(RegressionTest1)]
display-name: test0572
]]></system-out>
</testcase>
<testcase name="test0197" classname="RegressionTest0" time="0">
<system-out><![CDATA[
unique-id: [engine:junit-vintage]/[runner:RegressionTest]/[test:RegressionTest0]/[test:test0197(RegressionTest0)]
display-name: test0197
]]></system-out>
</testcase>
<testcase name="test1990" classname="RegressionTest3" time="0">
<system-out><![CDATA[
unique-id: [engine:junit-vintage]/[runner:RegressionTest]/[test:RegressionTest3]/[test:test1990(RegressionTest3)]
display-name: test1990
]]></system-out>
</testcase>
<testcase name="test1535" classname="RegressionTest3" time="0">
<system-out><![CDATA[
unique-id: [engine:junit-vintage]/[runner:RegressionTest]/[test:RegressionTest3]/[test:test1535(RegressionTest3)]
display-name: test1535
]]></system-out>
</testcase>
<testcase name="test0689" classname="RegressionTest1" time="0">
<system-out><![CDATA[
unique-id: [engine:junit-vintage]/[runner:RegressionTest]/[test:RegressionTest1]/[test:test0689(RegressionTest1)]
display-name: test0689
]]></system-out>
</testcase>
<testcase name="test2391" classname="RegressionTest4" time="0">
<system-out><![CDATA[
unique-id: [engine:junit-vintage]/[runner:RegressionTest]/[test:RegressionTest4]/[test:test2391(RegressionTest4)]
display-name: test2391
]]></system-out>
</testcase>
<testcase name="test0638" classname="RegressionTest1" time="0">
<system-out><![CDATA[
unique-id: [engine:junit-vintage]/[runner:RegressionTest]/[test:RegressionTest1]/[test:test0638(RegressionTest1)]
display-name: test0638
]]></system-out>
</testcase>
<testcase name="test0908" classname="RegressionTest1" time="0">
<system-out><![CDATA[
unique-id: [engine:junit-vintage]/[runner:RegressionTest]/[test:RegressionTest1]/[test:test0908(RegressionTest1)]
display-name: test0908
]]></system-out>
</testcase>
<testcase name="test0526" classname="RegressionTest1" time="0">
<system-out><![CDATA[
unique-id: [engine:junit-vintage]/[runner:RegressionTest]/[test:RegressionTest1]/[test:test0526(RegressionTest1)]
display-name: test0526
]]></system-out>
</testcase>
<testcase name="test0057" classname="RegressionTest0" time="0">
<system-out><![CDATA[
unique-id: [engine:junit-vintage]/[runner:RegressionTest]/[test:RegressionTest0]/[test:test0057(RegressionTest0)]
display-name: test0057
]]></system-out>
</testcase>
<testcase name="test1453" classname="RegressionTest2" time="0">
<system-out><![CDATA[
unique-id: [engine:junit-vintage]/[runner:RegressionTest]/[test:RegressionTest2]/[test:test1453(RegressionTest2)]
display-name: test1453
]]></system-out>
</testcase>
<testcase name="test0022" classname="RegressionTest0" time="0">
<system-out><![CDATA[
unique-id: [engine:junit-vintage]/[runner:RegressionTest]/[test:RegressionTest0]/[test:test0022(RegressionTest0)]
display-name: test0022
]]></system-out>
</testcase>
<testcase name="test2385" classname="RegressionTest4" time="0">
<system-out><![CDATA[
unique-id: [engine:junit-vintage]/[runner:RegressionTest]/[test:RegressionTest4]/[test:test2385(RegressionTest4)]
display-name: test2385
]]></system-out>
</testcase>
<testcase name="test1519" classname="RegressionTest3" time="0">
<system-out><![CDATA[
unique-id: [engine:junit-vintage]/[runner:RegressionTest]/[test:RegressionTest3]/[test:test1519(RegressionTest3)]
display-name: test1519
]]></system-out>
</testcase>
<testcase name="test2298" classname="RegressionTest4" time="0">
<system-out><![CDATA[
unique-id: [engine:junit-vintage]/[runner:RegressionTest]/[test:RegressionTest4]/[test:test2298(RegressionTest4)]
display-name: test2298
]]></system-out>
</testcase>
<testcase name="test0205" classname="RegressionTest0" time="0">
<system-out><![CDATA[
unique-id: [engine:junit-vintage]/[runner:RegressionTest]/[test:RegressionTest0]/[test:test0205(RegressionTest0)]
display-name: test0205
]]></system-out>
</testcase>
<testcase name="test0256" classname="RegressionTest0" time="0">
<system-out><![CDATA[
unique-id: [engine:junit-vintage]/[runner:RegressionTest]/[test:RegressionTest0]/[test:test0256(RegressionTest0)]
display-name: test0256
]]></system-out>
</testcase>
<testcase name="test0853" classname="RegressionTest1" time="0">
<system-out><![CDATA[
unique-id: [engine:junit-vintage]/[runner:RegressionTest]/[test:RegressionTest1]/[test:test0853(RegressionTest1)]
display-name: test0853
]]></system-out>
</testcase>
<testcase name="test0098" classname="RegressionTest0" time="0">
<system-out><![CDATA[
unique-id: [engine:junit-vintage]/[runner:RegressionTest]/[test:RegressionTest0]/[test:test0098(RegressionTest0)]
display-name: test0098
]]></system-out>
</testcase>
<testcase name="test0660" classname="RegressionTest1" time="0">
<system-out><![CDATA[
unique-id: [engine:junit-vintage]/[runner:RegressionTest]/[test:RegressionTest1]/[test:test0660(RegressionTest1)]
display-name: test0660
]]></system-out>
</testcase>
<testcase name="test1407" classname="RegressionTest2" time="0">
<system-out><![CDATA[
unique-id: [engine:junit-vintage]/[runner:RegressionTest]/[test:RegressionTest2]/[test:test1407(RegressionTest2)]
display-name: test1407
]]></system-out>
</testcase>
<testcase name="test2350" classname="RegressionTest4" time="0">
<system-out><![CDATA[
unique-id: [engine:junit-vintage]/[runner:RegressionTest]/[test:RegressionTest4]/[test:test2350(RegressionTest4)]
display-name: test2350
]]></system-out>
</testcase>
<testcase name="test1576" classname="RegressionTest3" time="0">
<system-out><![CDATA[
unique-id: [engine:junit-vintage]/[runner:RegressionTest]/[test:RegressionTest3]/[test:test1576(RegressionTest3)]
display-name: test1576
]]></system-out>
</testcase>
<testcase name="test2369" classname="RegressionTest4" time="0">
<system-out><![CDATA[
unique-id: [engine:junit-vintage]/[runner:RegressionTest]/[test:RegressionTest4]/[test:test2369(RegressionTest4)]
display-name: test2369
]]></system-out>
</testcase>
<testcase name="test1382" classname="RegressionTest2" time="0">
<system-out><![CDATA[
unique-id: [engine:junit-vintage]/[runner:RegressionTest]/[test:RegressionTest2]/[test:test1382(RegressionTest2)]
display-name: test1382
]]></system-out>
</testcase>
<testcase name="test2222" classname="RegressionTest4" time="0">
<system-out><![CDATA[
unique-id: [engine:junit-vintage]/[runner:RegressionTest]/[test:RegressionTest4]/[test:test2222(RegressionTest4)]
display-name: test2222
]]></system-out>
</testcase>
<testcase name="test1805" classname="RegressionTest3" time="0">
<system-out><![CDATA[
unique-id: [engine:junit-vintage]/[runner:RegressionTest]/[test:RegressionTest3]/[test:test1805(RegressionTest3)]
display-name: test1805
]]></system-out>
</testcase>
<testcase name="test0981" classname="RegressionTest1" time="0">
<system-out><![CDATA[
unique-id: [engine:junit-vintage]/[runner:RegressionTest]/[test:RegressionTest1]/[test:test0981(RegressionTest1)]
display-name: test0981
]]></system-out>
</testcase>
<testcase name="test2206" classname="RegressionTest4" time="0">
<system-out><![CDATA[
unique-id: [engine:junit-vintage]/[runner:RegressionTest]/[test:RegressionTest4]/[test:test2206(RegressionTest4)]
display-name: test2206
]]></system-out>
</testcase>
<testcase name="test1325" classname="RegressionTest2" time="0">
<system-out><![CDATA[
unique-id: [engine:junit-vintage]/[runner:RegressionTest]/[test:RegressionTest2]/[test:test1325(RegressionTest2)]
display-name: test1325
]]></system-out>
</testcase>
<testcase name="test0603" classname="RegressionTest1" time="0">
<system-out><![CDATA[
unique-id: [engine:junit-vintage]/[runner:RegressionTest]/[test:RegressionTest1]/[test:test0603(RegressionTest1)]
display-name: test0603
]]></system-out>
</testcase>
<testcase name="test1230" classname="RegressionTest2" time="0">
<system-out><![CDATA[
unique-id: [engine:junit-vintage]/[runner:RegressionTest]/[test:RegressionTest2]/[test:test1230(RegressionTest2)]
display-name: test1230
]]></system-out>
</testcase>
<testcase name="test0333" classname="RegressionTest0" time="0">
<system-out><![CDATA[
unique-id: [engine:junit-vintage]/[runner:RegressionTest]/[test:RegressionTest0]/[test:test0333(RegressionTest0)]
display-name: test0333
]]></system-out>
</testcase>
<testcase name="test0924" classname="RegressionTest1" time="0">
<system-out><![CDATA[
unique-id: [engine:junit-vintage]/[runner:RegressionTest]/[test:RegressionTest1]/[test:test0924(RegressionTest1)]
display-name: test0924
]]></system-out>
</testcase>
<testcase name="test0837" classname="RegressionTest1" time="0">
<system-out><![CDATA[
unique-id: [engine:junit-vintage]/[runner:RegressionTest]/[test:RegressionTest1]/[test:test0837(RegressionTest1)]
display-name: test0837
]]></system-out>
</testcase>
<testcase name="test1973" classname="RegressionTest3" time="0">
<system-out><![CDATA[
unique-id: [engine:junit-vintage]/[runner:RegressionTest]/[test:RegressionTest3]/[test:test1973(RegressionTest3)]
display-name: test1973
]]></system-out>
</testcase>
<testcase name="test0403" classname="RegressionTest0" time="0">
<system-out><![CDATA[
unique-id: [engine:junit-vintage]/[runner:RegressionTest]/[test:RegressionTest0]/[test:test0403(RegressionTest0)]
display-name: test0403
]]></system-out>
</testcase>
<testcase name="test2023" classname="RegressionTest4" time="0">
<system-out><![CDATA[
unique-id: [engine:junit-vintage]/[runner:RegressionTest]/[test:RegressionTest4]/[test:test2023(RegressionTest4)]
display-name: test2023
]]></system-out>
</testcase>
<testcase name="test1072" classname="RegressionTest2" time="0">
<system-out><![CDATA[
unique-id: [engine:junit-vintage]/[runner:RegressionTest]/[test:RegressionTest2]/[test:test1072(RegressionTest2)]
display-name: test1072
]]></system-out>
</testcase>
<testcase name="test2223" classname="RegressionTest4" time="0">
<system-out><![CDATA[
unique-id: [engine:junit-vintage]/[runner:RegressionTest]/[test:RegressionTest4]/[test:test2223(RegressionTest4)]
display-name: test2223
]]></system-out>
</testcase>
<testcase name="test0384" classname="RegressionTest0" time="0">
<system-out><![CDATA[
unique-id: [engine:junit-vintage]/[runner:RegressionTest]/[test:RegressionTest0]/[test:test0384(RegressionTest0)]
display-name: test0384
]]></system-out>
</testcase>
<testcase name="test0771" classname="RegressionTest1" time="0">
<system-out><![CDATA[
unique-id: [engine:junit-vintage]/[runner:RegressionTest]/[test:RegressionTest1]/[test:test0771(RegressionTest1)]
display-name: test0771
]]></system-out>
</testcase>
<testcase name="test1055" classname="RegressionTest2" time="0">
<system-out><![CDATA[
unique-id: [engine:junit-vintage]/[runner:RegressionTest]/[test:RegressionTest2]/[test:test1055(RegressionTest2)]
display-name: test1055
]]></system-out>
</testcase>
<testcase name="test1652" classname="RegressionTest3" time="0">
<system-out><![CDATA[
unique-id: [engine:junit-vintage]/[runner:RegressionTest]/[test:RegressionTest3]/[test:test1652(RegressionTest3)]
display-name: test1652
]]></system-out>
</testcase>
<testcase name="test0368" classname="RegressionTest0" time="0">
<system-out><![CDATA[
unique-id: [engine:junit-vintage]/[runner:RegressionTest]/[test:RegressionTest0]/[test:test0368(RegressionTest0)]
display-name: test0368
]]></system-out>
</testcase>
<testcase name="test1687" classname="RegressionTest3" time="0">
<system-out><![CDATA[
unique-id: [engine:junit-vintage]/[runner:RegressionTest]/[test:RegressionTest3]/[test:test1687(RegressionTest3)]
display-name: test1687
]]></system-out>
</testcase>
<testcase name="test0965" classname="RegressionTest1" time="0">
<system-out><![CDATA[
unique-id: [engine:junit-vintage]/[runner:RegressionTest]/[test:RegressionTest1]/[test:test0965(RegressionTest1)]
display-name: test0965
]]></system-out>
</testcase>
<testcase name="test1271" classname="RegressionTest2" time="0">
<system-out><![CDATA[
unique-id: [engine:junit-vintage]/[runner:RegressionTest]/[test:RegressionTest2]/[test:test1271(RegressionTest2)]
display-name: test1271
]]></system-out>
</testcase>
<testcase name="test2111" classname="RegressionTest4" time="0">
<system-out><![CDATA[
unique-id: [engine:junit-vintage]/[runner:RegressionTest]/[test:RegressionTest4]/[test:test2111(RegressionTest4)]
display-name: test2111
]]></system-out>
</testcase>
<testcase name="test2146" classname="RegressionTest4" time="0">
<system-out><![CDATA[
unique-id: [engine:junit-vintage]/[runner:RegressionTest]/[test:RegressionTest4]/[test:test2146(RegressionTest4)]
display-name: test2146
]]></system-out>
</testcase>
<testcase name="test0117" classname="RegressionTest0" time="0">
<system-out><![CDATA[
unique-id: [engine:junit-vintage]/[runner:RegressionTest]/[test:RegressionTest0]/[test:test0117(RegressionTest0)]
display-name: test0117
]]></system-out>
</testcase>
<testcase name="test1071" classname="RegressionTest2" time="0">
<system-out><![CDATA[
unique-id: [engine:junit-vintage]/[runner:RegressionTest]/[test:RegressionTest2]/[test:test1071(RegressionTest2)]
display-name: test1071
]]></system-out>
</testcase>
<testcase name="test1811" classname="RegressionTest3" time="0">
<system-out><![CDATA[
unique-id: [engine:junit-vintage]/[runner:RegressionTest]/[test:RegressionTest3]/[test:test1811(RegressionTest3)]
display-name: test1811
]]></system-out>
</testcase>
<testcase name="test0999" classname="RegressionTest1" time="0">
<system-out><![CDATA[
unique-id: [engine:junit-vintage]/[runner:RegressionTest]/[test:RegressionTest1]/[test:test0999(RegressionTest1)]
display-name: test0999
]]></system-out>
</testcase>
<testcase name="test0765" classname="RegressionTest1" time="0">
<system-out><![CDATA[
unique-id: [engine:junit-vintage]/[runner:RegressionTest]/[test:RegressionTest1]/[test:test0765(RegressionTest1)]
display-name: test0765
]]></system-out>
</testcase>
<testcase name="test1341" classname="RegressionTest2" time="0">
<system-out><![CDATA[
unique-id: [engine:junit-vintage]/[runner:RegressionTest]/[test:RegressionTest2]/[test:test1341(RegressionTest2)]
display-name: test1341
]]></system-out>
</testcase>
<testcase name="test1780" classname="RegressionTest3" time="0">
<system-out><![CDATA[
unique-id: [engine:junit-vintage]/[runner:RegressionTest]/[test:RegressionTest3]/[test:test1780(RegressionTest3)]
display-name: test1780
]]></system-out>
</testcase>
<testcase name="test2007" classname="RegressionTest4" time="0">
<system-out><![CDATA[
unique-id: [engine:junit-vintage]/[runner:RegressionTest]/[test:RegressionTest4]/[test:test2007(RegressionTest4)]
display-name: test2007
]]></system-out>
</testcase>
<testcase name="test1611" classname="RegressionTest3" time="0">
<system-out><![CDATA[
unique-id: [engine:junit-vintage]/[runner:RegressionTest]/[test:RegressionTest3]/[test:test1611(RegressionTest3)]
display-name: test1611
]]></system-out>
</testcase>
<testcase name="test0495" classname="RegressionTest0" time="0">
<system-out><![CDATA[
unique-id: [engine:junit-vintage]/[runner:RegressionTest]/[test:RegressionTest0]/[test:test0495(RegressionTest0)]
display-name: test0495
]]></system-out>
</testcase>
<testcase name="test1319" classname="RegressionTest2" time="0">
<system-out><![CDATA[
unique-id: [engine:junit-vintage]/[runner:RegressionTest]/[test:RegressionTest2]/[test:test1319(RegressionTest2)]
display-name: test1319
]]></system-out>
</testcase>
<testcase name="test1541" classname="RegressionTest3" time="0">
<system-out><![CDATA[
unique-id: [engine:junit-vintage]/[runner:RegressionTest]/[test:RegressionTest3]/[test:test1541(RegressionTest3)]
display-name: test1541
]]></system-out>
</testcase>
<testcase name="test0749" classname="RegressionTest1" time="0">
<system-out><![CDATA[
unique-id: [engine:junit-vintage]/[runner:RegressionTest]/[test:RegressionTest1]/[test:test0749(RegressionTest1)]
display-name: test0749
]]></system-out>
</testcase>
<testcase name="test1592" classname="RegressionTest3" time="0">
<system-out><![CDATA[
unique-id: [engine:junit-vintage]/[runner:RegressionTest]/[test:RegressionTest3]/[test:test1592(RegressionTest3)]
display-name: test1592
]]></system-out>
</testcase>
<testcase name="test2334" classname="RegressionTest4" time="0">
<system-out><![CDATA[
unique-id: [engine:junit-vintage]/[runner:RegressionTest]/[test:RegressionTest4]/[test:test2334(RegressionTest4)]
display-name: test2334
]]></system-out>
</testcase>
<testcase name="test1183" classname="RegressionTest2" time="0">
<system-out><![CDATA[
unique-id: [engine:junit-vintage]/[runner:RegressionTest]/[test:RegressionTest2]/[test:test1183(RegressionTest2)]
display-name: test1183
]]></system-out>
</testcase>
<testcase name="test0888" classname="RegressionTest1" time="0">
<system-out><![CDATA[
unique-id: [engine:junit-vintage]/[runner:RegressionTest]/[test:RegressionTest1]/[test:test0888(RegressionTest1)]
display-name: test0888
]]></system-out>
</testcase>
<testcase name="test0168" classname="RegressionTest0" time="0">
<system-out><![CDATA[
unique-id: [engine:junit-vintage]/[runner:RegressionTest]/[test:RegressionTest0]/[test:test0168(RegressionTest0)]
display-name: test0168
]]></system-out>
</testcase>
<testcase name="test0479" classname="RegressionTest0" time="0">
<system-out><![CDATA[
unique-id: [engine:junit-vintage]/[runner:RegressionTest]/[test:RegressionTest0]/[test:test0479(RegressionTest0)]
display-name: test0479
]]></system-out>
</testcase>
<testcase name="test2099" classname="RegressionTest4" time="0">
<system-out><![CDATA[
unique-id: [engine:junit-vintage]/[runner:RegressionTest]/[test:RegressionTest4]/[test:test2099(RegressionTest4)]
display-name: test2099
]]></system-out>
</testcase>
<testcase name="test0006" classname="RegressionTest0" time="0">
<system-out><![CDATA[
unique-id: [engine:junit-vintage]/[runner:RegressionTest]/[test:RegressionTest0]/[test:test0006(RegressionTest0)]
display-name: test0006
]]></system-out>
</testcase>
<testcase name="test1922" classname="RegressionTest3" time="0">
<system-out><![CDATA[
unique-id: [engine:junit-vintage]/[runner:RegressionTest]/[test:RegressionTest3]/[test:test1922(RegressionTest3)]
display-name: test1922
]]></system-out>
</testcase>
<testcase name="test0654" classname="RegressionTest1" time="0">
<system-out><![CDATA[
unique-id: [engine:junit-vintage]/[runner:RegressionTest]/[test:RegressionTest1]/[test:test0654(RegressionTest1)]
display-name: test0654
]]></system-out>
</testcase>
<testcase name="test1208" classname="RegressionTest2" time="0">
<system-out><![CDATA[
unique-id: [engine:junit-vintage]/[runner:RegressionTest]/[test:RegressionTest2]/[test:test1208(RegressionTest2)]
display-name: test1208
]]></system-out>
</testcase>
<testcase name="test2257" classname="RegressionTest4" time="0">
<system-out><![CDATA[
unique-id: [engine:junit-vintage]/[runner:RegressionTest]/[test:RegressionTest4]/[test:test2257(RegressionTest4)]
display-name: test2257
]]></system-out>
</testcase>
<testcase name="test0907" classname="RegressionTest1" time="0">
<system-out><![CDATA[
unique-id: [engine:junit-vintage]/[runner:RegressionTest]/[test:RegressionTest1]/[test:test0907(RegressionTest1)]
display-name: test0907
]]></system-out>
</testcase>
<testcase name="test0584" classname="RegressionTest1" time="0">
<system-out><![CDATA[
unique-id: [engine:junit-vintage]/[runner:RegressionTest]/[test:RegressionTest1]/[test:test0584(RegressionTest1)]
display-name: test0584
]]></system-out>
</testcase>
<testcase name="test1294" classname="RegressionTest2" time="0">
<system-out><![CDATA[
unique-id: [engine:junit-vintage]/[runner:RegressionTest]/[test:RegressionTest2]/[test:test1294(RegressionTest2)]
display-name: test1294
]]></system-out>
</testcase>
<testcase name="test2191" classname="RegressionTest4" time="0">
<system-out><![CDATA[
unique-id: [engine:junit-vintage]/[runner:RegressionTest]/[test:RegressionTest4]/[test:test2191(RegressionTest4)]
display-name: test2191
]]></system-out>
</testcase>
<testcase name="test1735" classname="RegressionTest3" time="0">
<system-out><![CDATA[
unique-id: [engine:junit-vintage]/[runner:RegressionTest]/[test:RegressionTest3]/[test:test1735(RegressionTest3)]
display-name: test1735
]]></system-out>
</testcase>
<testcase name="test0777" classname="RegressionTest1" time="0">
<system-out><![CDATA[
unique-id: [engine:junit-vintage]/[runner:RegressionTest]/[test:RegressionTest1]/[test:test0777(RegressionTest1)]
display-name: test0777
]]></system-out>
</testcase>
<testcase name="test1891" classname="RegressionTest3" time="0">
<system-out><![CDATA[
unique-id: [engine:junit-vintage]/[runner:RegressionTest]/[test:RegressionTest3]/[test:test1891(RegressionTest3)]
display-name: test1891
]]></system-out>
</testcase>
<testcase name="test2175" classname="RegressionTest4" time="0">
<system-out><![CDATA[
unique-id: [engine:junit-vintage]/[runner:RegressionTest]/[test:RegressionTest4]/[test:test2175(RegressionTest4)]
display-name: test2175
]]></system-out>
</testcase>
<testcase name="test0129" classname="RegressionTest0" time="0">
<system-out><![CDATA[
unique-id: [engine:junit-vintage]/[runner:RegressionTest]/[test:RegressionTest0]/[test:test0129(RegressionTest0)]
display-name: test0129
]]></system-out>
</testcase>
<testcase name="test2019" classname="RegressionTest4" time="0">
<system-out><![CDATA[
unique-id: [engine:junit-vintage]/[runner:RegressionTest]/[test:RegressionTest4]/[test:test2019(RegressionTest4)]
display-name: test2019
]]></system-out>
</testcase>
<testcase name="test1487" classname="RegressionTest2" time="0">
<system-out><![CDATA[
unique-id: [engine:junit-vintage]/[runner:RegressionTest]/[test:RegressionTest2]/[test:test1487(RegressionTest2)]
display-name: test1487
]]></system-out>
</testcase>
<testcase name="test1436" classname="RegressionTest2" time="0">
<system-out><![CDATA[
unique-id: [engine:junit-vintage]/[runner:RegressionTest]/[test:RegressionTest2]/[test:test1436(RegressionTest2)]
display-name: test1436
]]></system-out>
</testcase>
<testcase name="test0870" classname="RegressionTest1" time="0">
<system-out><![CDATA[
unique-id: [engine:junit-vintage]/[runner:RegressionTest]/[test:RegressionTest1]/[test:test0870(RegressionTest1)]
display-name: test0870
]]></system-out>
</testcase>
<testcase name="test1154" classname="RegressionTest2" time="0">
<system-out><![CDATA[
unique-id: [engine:junit-vintage]/[runner:RegressionTest]/[test:RegressionTest2]/[test:test1154(RegressionTest2)]
display-name: test1154
]]></system-out>
</testcase>
<testcase name="test0222" classname="RegressionTest0" time="0">
<system-out><![CDATA[
unique-id: [engine:junit-vintage]/[runner:RegressionTest]/[test:RegressionTest0]/[test:test0222(RegressionTest0)]
display-name: test0222
]]></system-out>
</testcase>
<testcase name="test0714" classname="RegressionTest1" time="0">
<system-out><![CDATA[
unique-id: [engine:junit-vintage]/[runner:RegressionTest]/[test:RegressionTest1]/[test:test0714(RegressionTest1)]
display-name: test0714
]]></system-out>
</testcase>
<testcase name="test0390" classname="RegressionTest0" time="0">
<system-out><![CDATA[
unique-id: [engine:junit-vintage]/[runner:RegressionTest]/[test:RegressionTest0]/[test:test0390(RegressionTest0)]
display-name: test0390
]]></system-out>
</testcase>
<testcase name="test1916" classname="RegressionTest3" time="0">
<system-out><![CDATA[
unique-id: [engine:junit-vintage]/[runner:RegressionTest]/[test:RegressionTest3]/[test:test1916(RegressionTest3)]
display-name: test1916
]]></system-out>
</testcase>
<testcase name="test1138" classname="RegressionTest2" time="0">
<system-out><![CDATA[
unique-id: [engine:junit-vintage]/[runner:RegressionTest]/[test:RegressionTest2]/[test:test1138(RegressionTest2)]
display-name: test1138
]]></system-out>
</testcase>
<testcase name="test0133" classname="RegressionTest0" time="0">
<system-out><![CDATA[
unique-id: [engine:junit-vintage]/[runner:RegressionTest]/[test:RegressionTest0]/[test:test0133(RegressionTest0)]
display-name: test0133
]]></system-out>
</testcase>
<testcase name="test0285" classname="RegressionTest0" time="0">
<system-out><![CDATA[
unique-id: [engine:junit-vintage]/[runner:RegressionTest]/[test:RegressionTest0]/[test:test0285(RegressionTest0)]
display-name: test0285
]]></system-out>
</testcase>
<testcase name="test1125" classname="RegressionTest2" time="0">
<system-out><![CDATA[
unique-id: [engine:junit-vintage]/[runner:RegressionTest]/[test:RegressionTest2]/[test:test1125(RegressionTest2)]
display-name: test1125
]]></system-out>
</testcase>
<testcase name="test1195" classname="RegressionTest2" time="0">
<system-out><![CDATA[
unique-id: [engine:junit-vintage]/[runner:RegressionTest]/[test:RegressionTest2]/[test:test1195(RegressionTest2)]
display-name: test1195
]]></system-out>
</testcase>
<testcase name="test2035" classname="RegressionTest4" time="0">
<system-out><![CDATA[
unique-id: [engine:junit-vintage]/[runner:RegressionTest]/[test:RegressionTest4]/[test:test2035(RegressionTest4)]
display-name: test2035
]]></system-out>
</testcase>
<testcase name="test0415" classname="RegressionTest0" time="0">
<system-out><![CDATA[
unique-id: [engine:junit-vintage]/[runner:RegressionTest]/[test:RegressionTest0]/[test:test0415(RegressionTest0)]
display-name: test0415
]]></system-out>
</testcase>
<testcase name="test0876" classname="RegressionTest1" time="0">
<system-out><![CDATA[
unique-id: [engine:junit-vintage]/[runner:RegressionTest]/[test:RegressionTest1]/[test:test0876(RegressionTest1)]
display-name: test0876
]]></system-out>
</testcase>
<testcase name="test0228" classname="RegressionTest0" time="0">
<system-out><![CDATA[
unique-id: [engine:junit-vintage]/[runner:RegressionTest]/[test:RegressionTest0]/[test:test0228(RegressionTest0)]
display-name: test0228
]]></system-out>
</testcase>
<testcase name="test2140" classname="RegressionTest4" time="0">
<system-out><![CDATA[
unique-id: [engine:junit-vintage]/[runner:RegressionTest]/[test:RegressionTest4]/[test:test2140(RegressionTest4)]
display-name: test2140
]]></system-out>
</testcase>
<testcase name="test1700" classname="RegressionTest3" time="0">
<system-out><![CDATA[
unique-id: [engine:junit-vintage]/[runner:RegressionTest]/[test:RegressionTest3]/[test:test1700(RegressionTest3)]
display-name: test1700
]]></system-out>
</testcase>
<testcase name="test1786" classname="RegressionTest3" time="0">
<system-out><![CDATA[
unique-id: [engine:junit-vintage]/[runner:RegressionTest]/[test:RegressionTest3]/[test:test1786(RegressionTest3)]
display-name: test1786
]]></system-out>
</testcase>
<testcase name="test1430" classname="RegressionTest2" time="0">
<system-out><![CDATA[
unique-id: [engine:junit-vintage]/[runner:RegressionTest]/[test:RegressionTest2]/[test:test1430(RegressionTest2)]
display-name: test1430
]]></system-out>
</testcase>
<testcase name="test1757" classname="RegressionTest3" time="0">
<system-out><![CDATA[
unique-id: [engine:junit-vintage]/[runner:RegressionTest]/[test:RegressionTest3]/[test:test1757(RegressionTest3)]
display-name: test1757
]]></system-out>
</testcase>
<testcase name="test1481" classname="RegressionTest2" time="0">
<system-out><![CDATA[
unique-id: [engine:junit-vintage]/[runner:RegressionTest]/[test:RegressionTest2]/[test:test1481(RegressionTest2)]
display-name: test1481
]]></system-out>
</testcase>
<testcase name="test1465" classname="RegressionTest2" time="0">
<system-out><![CDATA[
unique-id: [engine:junit-vintage]/[runner:RegressionTest]/[test:RegressionTest2]/[test:test1465(RegressionTest2)]
display-name: test1465
]]></system-out>
</testcase>
<testcase name="test0555" classname="RegressionTest1" time="0">
<system-out><![CDATA[
unique-id: [engine:junit-vintage]/[runner:RegressionTest]/[test:RegressionTest1]/[test:test0555(RegressionTest1)]
display-name: test0555
]]></system-out>
</testcase>
<testcase name="test0825" classname="RegressionTest1" time="0">
<system-out><![CDATA[
unique-id: [engine:junit-vintage]/[runner:RegressionTest]/[test:RegressionTest1]/[test:test0825(RegressionTest1)]
display-name: test0825
]]></system-out>
</testcase>
<testcase name="test1109" classname="RegressionTest2" time="0">
<system-out><![CDATA[
unique-id: [engine:junit-vintage]/[runner:RegressionTest]/[test:RegressionTest2]/[test:test1109(RegressionTest2)]
display-name: test1109
]]></system-out>
</testcase>
<testcase name="test2397" classname="RegressionTest4" time="0">
<system-out><![CDATA[
unique-id: [engine:junit-vintage]/[runner:RegressionTest]/[test:RegressionTest4]/[test:test2397(RegressionTest4)]
display-name: test2397
]]></system-out>
</testcase>
<testcase name="test1957" classname="RegressionTest3" time="0">
<system-out><![CDATA[
unique-id: [engine:junit-vintage]/[runner:RegressionTest]/[test:RegressionTest3]/[test:test1957(RegressionTest3)]
display-name: test1957
]]></system-out>
</testcase>
<testcase name="test1214" classname="RegressionTest2" time="0">
<system-out><![CDATA[
unique-id: [engine:junit-vintage]/[runner:RegressionTest]/[test:RegressionTest2]/[test:test1214(RegressionTest2)]
display-name: test1214
]]></system-out>
</testcase>
<testcase name="test1862" classname="RegressionTest3" time="0">
<system-out><![CDATA[
unique-id: [engine:junit-vintage]/[runner:RegressionTest]/[test:RegressionTest3]/[test:test1862(RegressionTest3)]
display-name: test1862
]]></system-out>
</testcase>
<testcase name="test0190" classname="RegressionTest0" time="0">
<system-out><![CDATA[
unique-id: [engine:junit-vintage]/[runner:RegressionTest]/[test:RegressionTest0]/[test:test0190(RegressionTest0)]
display-name: test0190
]]></system-out>
</testcase>
<testcase name="test0930" classname="RegressionTest1" time="0">
<system-out><![CDATA[
unique-id: [engine:junit-vintage]/[runner:RegressionTest]/[test:RegressionTest1]/[test:test0930(RegressionTest1)]
display-name: test0930
]]></system-out>
</testcase>
<testcase name="test1014" classname="RegressionTest2" time="0">
<system-out><![CDATA[
unique-id: [engine:junit-vintage]/[runner:RegressionTest]/[test:RegressionTest2]/[test:test1014(RegressionTest2)]
display-name: test1014
]]></system-out>
</testcase>
<testcase name="test0730" classname="RegressionTest1" time="0">
<system-out><![CDATA[
unique-id: [engine:junit-vintage]/[runner:RegressionTest]/[test:RegressionTest1]/[test:test0730(RegressionTest1)]
display-name: test0730
]]></system-out>
</testcase>
<testcase name="test0244" classname="RegressionTest0" time="0">
<system-out><![CDATA[
unique-id: [engine:junit-vintage]/[runner:RegressionTest]/[test:RegressionTest0]/[test:test0244(RegressionTest0)]
display-name: test0244
]]></system-out>
</testcase>
<testcase name="test0174" classname="RegressionTest0" time="0">
<system-out><![CDATA[
unique-id: [engine:junit-vintage]/[runner:RegressionTest]/[test:RegressionTest0]/[test:test0174(RegressionTest0)]
display-name: test0174
]]></system-out>
</testcase>
<testcase name="test2064" classname="RegressionTest4" time="0">
<system-out><![CDATA[
unique-id: [engine:junit-vintage]/[runner:RegressionTest]/[test:RegressionTest4]/[test:test2064(RegressionTest4)]
display-name: test2064
]]></system-out>
</testcase>
<testcase name="test0444" classname="RegressionTest0" time="0">
<system-out><![CDATA[
unique-id: [engine:junit-vintage]/[runner:RegressionTest]/[test:RegressionTest0]/[test:test0444(RegressionTest0)]
display-name: test0444
]]></system-out>
</testcase>
<testcase name="test0609" classname="RegressionTest1" time="0">
<system-out><![CDATA[
unique-id: [engine:junit-vintage]/[runner:RegressionTest]/[test:RegressionTest1]/[test:test0609(RegressionTest1)]
display-name: test0609
]]></system-out>
</testcase>
<testcase name="test1897" classname="RegressionTest3" time="0">
<system-out><![CDATA[
unique-id: [engine:junit-vintage]/[runner:RegressionTest]/[test:RegressionTest3]/[test:test1897(RegressionTest3)]
display-name: test1897
]]></system-out>
</testcase>
<testcase name="test2416" classname="RegressionTest4" time="0">
<system-out><![CDATA[
unique-id: [engine:junit-vintage]/[runner:RegressionTest]/[test:RegressionTest4]/[test:test2416(RegressionTest4)]
display-name: test2416
]]></system-out>
</testcase>
<testcase name="test1249" classname="RegressionTest2" time="0">
<system-out><![CDATA[
unique-id: [engine:junit-vintage]/[runner:RegressionTest]/[test:RegressionTest2]/[test:test1249(RegressionTest2)]
display-name: test1249
]]></system-out>
</testcase>
<testcase name="test0069" classname="RegressionTest0" time="0">
<system-out><![CDATA[
unique-id: [engine:junit-vintage]/[runner:RegressionTest]/[test:RegressionTest0]/[test:test0069(RegressionTest0)]
display-name: test0069
]]></system-out>
</testcase>
<testcase name="test1049" classname="RegressionTest2" time="0">
<system-out><![CDATA[
unique-id: [engine:junit-vintage]/[runner:RegressionTest]/[test:RegressionTest2]/[test:test1049(RegressionTest2)]
display-name: test1049
]]></system-out>
</testcase>
<testcase name="test0695" classname="RegressionTest1" time="0">
<system-out><![CDATA[
unique-id: [engine:junit-vintage]/[runner:RegressionTest]/[test:RegressionTest1]/[test:test0695(RegressionTest1)]
display-name: test0695
]]></system-out>
</testcase>
<testcase name="test1370" classname="RegressionTest2" time="0">
<system-out><![CDATA[
unique-id: [engine:junit-vintage]/[runner:RegressionTest]/[test:RegressionTest2]/[test:test1370(RegressionTest2)]
display-name: test1370
]]></system-out>
</testcase>
<testcase name="test2080" classname="RegressionTest4" time="0">
<system-out><![CDATA[
unique-id: [engine:junit-vintage]/[runner:RegressionTest]/[test:RegressionTest4]/[test:test2080(RegressionTest4)]
display-name: test2080
]]></system-out>
</testcase>
<testcase name="test0460" classname="RegressionTest0" time="0">
<system-out><![CDATA[
unique-id: [engine:junit-vintage]/[runner:RegressionTest]/[test:RegressionTest0]/[test:test0460(RegressionTest0)]
display-name: test0460
]]></system-out>
</testcase>
<testcase name="test2305" classname="RegressionTest4" time="0">
<system-out><![CDATA[
unique-id: [engine:junit-vintage]/[runner:RegressionTest]/[test:RegressionTest4]/[test:test2305(RegressionTest4)]
display-name: test2305
]]></system-out>
</testcase>
<testcase name="test1846" classname="RegressionTest3" time="0">
<system-out><![CDATA[
unique-id: [engine:junit-vintage]/[runner:RegressionTest]/[test:RegressionTest3]/[test:test1846(RegressionTest3)]
display-name: test1846
]]></system-out>
</testcase>
<testcase name="test0936" classname="RegressionTest1" time="0">
<system-out><![CDATA[
unique-id: [engine:junit-vintage]/[runner:RegressionTest]/[test:RegressionTest1]/[test:test0936(RegressionTest1)]
display-name: test0936
]]></system-out>
</testcase>
<testcase name="test2280" classname="RegressionTest4" time="0">
<system-out><![CDATA[
unique-id: [engine:junit-vintage]/[runner:RegressionTest]/[test:RegressionTest4]/[test:test2280(RegressionTest4)]
display-name: test2280
]]></system-out>
</testcase>
<testcase name="test1103" classname="RegressionTest2" time="0">
<system-out><![CDATA[
unique-id: [engine:junit-vintage]/[runner:RegressionTest]/[test:RegressionTest2]/[test:test1103(RegressionTest2)]
display-name: test1103
]]></system-out>
</testcase>
<testcase name="test1376" classname="RegressionTest2" time="0">
<system-out><![CDATA[
unique-id: [engine:junit-vintage]/[runner:RegressionTest]/[test:RegressionTest2]/[test:test1376(RegressionTest2)]
display-name: test1376
]]></system-out>
</testcase>
<testcase name="test2286" classname="RegressionTest4" time="0">
<system-out><![CDATA[
unique-id: [engine:junit-vintage]/[runner:RegressionTest]/[test:RegressionTest4]/[test:test2286(RegressionTest4)]
display-name: test2286
]]></system-out>
</testcase>
<testcase name="test1646" classname="RegressionTest3" time="0">
<system-out><![CDATA[
unique-id: [engine:junit-vintage]/[runner:RegressionTest]/[test:RegressionTest3]/[test:test1646(RegressionTest3)]
display-name: test1646
]]></system-out>
</testcase>
<testcase name="test0063" classname="RegressionTest0" time="0">
<system-out><![CDATA[
unique-id: [engine:junit-vintage]/[runner:RegressionTest]/[test:RegressionTest0]/[test:test0063(RegressionTest0)]
display-name: test0063
]]></system-out>
</testcase>
<testcase name="test1265" classname="RegressionTest2" time="0">
<system-out><![CDATA[
unique-id: [engine:junit-vintage]/[runner:RegressionTest]/[test:RegressionTest2]/[test:test1265(RegressionTest2)]
display-name: test1265
]]></system-out>
</testcase>
<testcase name="test0841" classname="RegressionTest1" time="0">
<system-out><![CDATA[
unique-id: [engine:junit-vintage]/[runner:RegressionTest]/[test:RegressionTest1]/[test:test0841(RegressionTest1)]
display-name: test0841
]]></system-out>
</testcase>
<testcase name="test1751" classname="RegressionTest3" time="0">
<system-out><![CDATA[
unique-id: [engine:junit-vintage]/[runner:RegressionTest]/[test:RegressionTest3]/[test:test1751(RegressionTest3)]
display-name: test1751
]]></system-out>
</testcase>
<testcase name="test2410" classname="RegressionTest4" time="0">
<system-out><![CDATA[
unique-id: [engine:junit-vintage]/[runner:RegressionTest]/[test:RegressionTest4]/[test:test2410(RegressionTest4)]
display-name: test2410
]]></system-out>
</testcase>
<testcase name="test1500" classname="RegressionTest2" time="0">
<system-out><![CDATA[
unique-id: [engine:junit-vintage]/[runner:RegressionTest]/[test:RegressionTest2]/[test:test1500(RegressionTest2)]
display-name: test1500
]]></system-out>
</testcase>
<testcase name="test0040" classname="RegressionTest0" time="0">
<system-out><![CDATA[
unique-id: [engine:junit-vintage]/[runner:RegressionTest]/[test:RegressionTest0]/[test:test0040(RegressionTest0)]
display-name: test0040
]]></system-out>
</testcase>
<testcase name="test2210" classname="RegressionTest4" time="0">
<system-out><![CDATA[
unique-id: [engine:junit-vintage]/[runner:RegressionTest]/[test:RegressionTest4]/[test:test2210(RegressionTest4)]
display-name: test2210
]]></system-out>
</testcase>
<testcase name="test2245" classname="RegressionTest4" time="0">
<system-out><![CDATA[
unique-id: [engine:junit-vintage]/[runner:RegressionTest]/[test:RegressionTest4]/[test:test2245(RegressionTest4)]
display-name: test2245
]]></system-out>
</testcase>
<testcase name="test0075" classname="RegressionTest0" time="0">
<system-out><![CDATA[
unique-id: [engine:junit-vintage]/[runner:RegressionTest]/[test:RegressionTest0]/[test:test0075(RegressionTest0)]
display-name: test0075
]]></system-out>
</testcase>
<testcase name="test1823" classname="RegressionTest3" time="0">
<system-out><![CDATA[
unique-id: [engine:junit-vintage]/[runner:RegressionTest]/[test:RegressionTest3]/[test:test1823(RegressionTest3)]
display-name: test1823
]]></system-out>
</testcase>
<testcase name="test1890" classname="RegressionTest3" time="0">
<system-out><![CDATA[
unique-id: [engine:junit-vintage]/[runner:RegressionTest]/[test:RegressionTest3]/[test:test1890(RegressionTest3)]
display-name: test1890
]]></system-out>
</testcase>
<testcase name="test1752" classname="RegressionTest3" time="0">
<system-out><![CDATA[
unique-id: [engine:junit-vintage]/[runner:RegressionTest]/[test:RegressionTest3]/[test:test1752(RegressionTest3)]
display-name: test1752
]]></system-out>
</testcase>
<testcase name="test0416" classname="RegressionTest0" time="0">
<system-out><![CDATA[
unique-id: [engine:junit-vintage]/[runner:RegressionTest]/[test:RegressionTest0]/[test:test0416(RegressionTest0)]
display-name: test0416
]]></system-out>
</testcase>
<testcase name="test1226" classname="RegressionTest2" time="0">
<system-out><![CDATA[
unique-id: [engine:junit-vintage]/[runner:RegressionTest]/[test:RegressionTest2]/[test:test1226(RegressionTest2)]
display-name: test1226
]]></system-out>
</testcase>
<testcase name="test1155" classname="RegressionTest2" time="0">
<system-out><![CDATA[
unique-id: [engine:junit-vintage]/[runner:RegressionTest]/[test:RegressionTest2]/[test:test1155(RegressionTest2)]
display-name: test1155
]]></system-out>
</testcase>
<testcase name="test0483" classname="RegressionTest0" time="0">
<system-out><![CDATA[
unique-id: [engine:junit-vintage]/[runner:RegressionTest]/[test:RegressionTest0]/[test:test0483(RegressionTest0)]
display-name: test0483
]]></system-out>
</testcase>
<testcase name="test1293" classname="RegressionTest2" time="0">
<system-out><![CDATA[
unique-id: [engine:junit-vintage]/[runner:RegressionTest]/[test:RegressionTest2]/[test:test1293(RegressionTest2)]
display-name: test1293
]]></system-out>
</testcase>
<testcase name="test1787" classname="RegressionTest3" time="0">
<system-out><![CDATA[
unique-id: [engine:junit-vintage]/[runner:RegressionTest]/[test:RegressionTest3]/[test:test1787(RegressionTest3)]
display-name: test1787
]]></system-out>
</testcase>
<testcase name="test1120" classname="RegressionTest2" time="0">
<system-out><![CDATA[
unique-id: [engine:junit-vintage]/[runner:RegressionTest]/[test:RegressionTest2]/[test:test1120(RegressionTest2)]
display-name: test1120
]]></system-out>
</testcase>
<testcase name="test1201" classname="RegressionTest2" time="0">
<system-out><![CDATA[
[...]
<system-out><![CDATA[
unique-id: [engine:junit-vintage]/[runner:RegressionTest]/[test:RegressionTest3]/[test:test1730(RegressionTest3)]
display-name: test1730
]]></system-out>
</testcase>
<testcase name="test0620" classname="RegressionTest1" time="0">
<system-out><![CDATA[
unique-id: [engine:junit-vintage]/[runner:RegressionTest]/[test:RegressionTest1]/[test:test0620(RegressionTest1)]
display-name: test0620
]]></system-out>
</testcase>
<testcase name="test1251" classname="RegressionTest2" time="0">
<system-out><![CDATA[
unique-id: [engine:junit-vintage]/[runner:RegressionTest]/[test:RegressionTest2]/[test:test1251(RegressionTest2)]
display-name: test1251
]]></system-out>
</testcase>
<testcase name="test0058" classname="RegressionTest0" time="0">
<system-out><![CDATA[
unique-id: [engine:junit-vintage]/[runner:RegressionTest]/[test:RegressionTest0]/[test:test0058(RegressionTest0)]
display-name: test0058
]]></system-out>
</testcase>
<testcase name="test0655" classname="RegressionTest1" time="0">
<system-out><![CDATA[
unique-id: [engine:junit-vintage]/[runner:RegressionTest]/[test:RegressionTest1]/[test:test0655(RegressionTest1)]
display-name: test0655
]]></system-out>
</testcase>
<testcase name="test1727" classname="RegressionTest3" time="0">
<system-out><![CDATA[
unique-id: [engine:junit-vintage]/[runner:RegressionTest]/[test:RegressionTest3]/[test:test1727(RegressionTest3)]
display-name: test1727
]]></system-out>
</testcase>
<testcase name="test0023" classname="RegressionTest0" time="0">
<system-out><![CDATA[
unique-id: [engine:junit-vintage]/[runner:RegressionTest]/[test:RegressionTest0]/[test:test0023(RegressionTest0)]
display-name: test0023
]]></system-out>
</testcase>
<testcase name="test1587" classname="RegressionTest3" time="0">
<system-out><![CDATA[
unique-id: [engine:junit-vintage]/[runner:RegressionTest]/[test:RegressionTest3]/[test:test1587(RegressionTest3)]
display-name: test1587
]]></system-out>
</testcase>
<testcase name="test2002" classname="RegressionTest4" time="0">
<system-out><![CDATA[
unique-id: [engine:junit-vintage]/[runner:RegressionTest]/[test:RegressionTest4]/[test:test2002(RegressionTest4)]
display-name: test2002
]]></system-out>
</testcase>
<testcase name="test1444" classname="RegressionTest2" time="0">
<system-out><![CDATA[
unique-id: [engine:junit-vintage]/[runner:RegressionTest]/[test:RegressionTest2]/[test:test1444(RegressionTest2)]
display-name: test1444
]]></system-out>
</testcase>
<testcase name="test1883" classname="RegressionTest3" time="0">
<system-out><![CDATA[
unique-id: [engine:junit-vintage]/[runner:RegressionTest]/[test:RegressionTest3]/[test:test1883(RegressionTest3)]
display-name: test1883
]]></system-out>
</testcase>
<testcase name="test1276" classname="RegressionTest2" time="0">
<system-out><![CDATA[
unique-id: [engine:junit-vintage]/[runner:RegressionTest]/[test:RegressionTest2]/[test:test1276(RegressionTest2)]
display-name: test1276
]]></system-out>
</testcase>
<testcase name="test1479" classname="RegressionTest2" time="0">
<system-out><![CDATA[
unique-id: [engine:junit-vintage]/[runner:RegressionTest]/[test:RegressionTest2]/[test:test1479(RegressionTest2)]
display-name: test1479
]]></system-out>
</testcase>
<testcase name="test2037" classname="RegressionTest4" time="0">
<system-out><![CDATA[
unique-id: [engine:junit-vintage]/[runner:RegressionTest]/[test:RegressionTest4]/[test:test2037(RegressionTest4)]
display-name: test2037
]]></system-out>
</testcase>
<testcase name="test0630" classname="RegressionTest1" time="0">
<system-out><![CDATA[
unique-id: [engine:junit-vintage]/[runner:RegressionTest]/[test:RegressionTest1]/[test:test0630(RegressionTest1)]
display-name: test0630
]]></system-out>
</testcase>
<testcase name="test1241" classname="RegressionTest2" time="0">
<system-out><![CDATA[
unique-id: [engine:junit-vintage]/[runner:RegressionTest]/[test:RegressionTest2]/[test:test1241(RegressionTest2)]
display-name: test1241
]]></system-out>
</testcase>
<testcase name="test0344" classname="RegressionTest0" time="0">
<system-out><![CDATA[
unique-id: [engine:junit-vintage]/[runner:RegressionTest]/[test:RegressionTest0]/[test:test0344(RegressionTest0)]
display-name: test0344
]]></system-out>
</testcase>
<testcase name="test1680" classname="RegressionTest3" time="0">
<system-out><![CDATA[
unique-id: [engine:junit-vintage]/[runner:RegressionTest]/[test:RegressionTest3]/[test:test1680(RegressionTest3)]
display-name: test1680
]]></system-out>
</testcase>
<testcase name="test1562" classname="RegressionTest3" time="0">
<system-out><![CDATA[
unique-id: [engine:junit-vintage]/[runner:RegressionTest]/[test:RegressionTest3]/[test:test1562(RegressionTest3)]
display-name: test1562
]]></system-out>
</testcase>
<testcase name="test0226" classname="RegressionTest0" time="0">
<system-out><![CDATA[
unique-id: [engine:junit-vintage]/[runner:RegressionTest]/[test:RegressionTest0]/[test:test0226(RegressionTest0)]
display-name: test0226
]]></system-out>
</testcase>
<testcase name="test0509" classname="RegressionTest1" time="0">
<system-out><![CDATA[
unique-id: [engine:junit-vintage]/[runner:RegressionTest]/[test:RegressionTest1]/[test:test0509(RegressionTest1)]
display-name: test0509
]]></system-out>
</testcase>
<testcase name="test0665" classname="RegressionTest1" time="0">
<system-out><![CDATA[
unique-id: [engine:junit-vintage]/[runner:RegressionTest]/[test:RegressionTest1]/[test:test0665(RegressionTest1)]
display-name: test0665
]]></system-out>
</testcase>
<testcase name="test1702" classname="RegressionTest3" time="0">
<system-out><![CDATA[
unique-id: [engine:junit-vintage]/[runner:RegressionTest]/[test:RegressionTest3]/[test:test1702(RegressionTest3)]
display-name: test1702
]]></system-out>
</testcase>
<testcase name="test1597" classname="RegressionTest3" time="0">
<system-out><![CDATA[
unique-id: [engine:junit-vintage]/[runner:RegressionTest]/[test:RegressionTest3]/[test:test1597(RegressionTest3)]
display-name: test1597
]]></system-out>
</testcase>
<testcase name="test2351" classname="RegressionTest4" time="0">
<system-out><![CDATA[
unique-id: [engine:junit-vintage]/[runner:RegressionTest]/[test:RegressionTest4]/[test:test2351(RegressionTest4)]
display-name: test2351
]]></system-out>
</testcase>
<testcase name="test0966" classname="RegressionTest1" time="0">
<system-out><![CDATA[
unique-id: [engine:junit-vintage]/[runner:RegressionTest]/[test:RegressionTest1]/[test:test0966(RegressionTest1)]
display-name: test0966
]]></system-out>
</testcase>
<testcase name="test1454" classname="RegressionTest2" time="0">
<system-out><![CDATA[
unique-id: [engine:junit-vintage]/[runner:RegressionTest]/[test:RegressionTest2]/[test:test1454(RegressionTest2)]
display-name: test1454
]]></system-out>
</testcase>
<testcase name="test0858" classname="RegressionTest1" time="0">
<system-out><![CDATA[
unique-id: [engine:junit-vintage]/[runner:RegressionTest]/[test:RegressionTest1]/[test:test0858(RegressionTest1)]
display-name: test0858
]]></system-out>
</testcase>
<testcase name="test1524" classname="RegressionTest3" time="0">
<system-out><![CDATA[
unique-id: [engine:junit-vintage]/[runner:RegressionTest]/[test:RegressionTest3]/[test:test1524(RegressionTest3)]
display-name: test1524
]]></system-out>
</testcase>
<testcase name="test1670" classname="RegressionTest3" time="0">
<system-out><![CDATA[
unique-id: [engine:junit-vintage]/[runner:RegressionTest]/[test:RegressionTest3]/[test:test1670(RegressionTest3)]
display-name: test1670
]]></system-out>
</testcase>
<testcase name="test0490" classname="RegressionTest0" time="0">
<system-out><![CDATA[
unique-id: [engine:junit-vintage]/[runner:RegressionTest]/[test:RegressionTest0]/[test:test0490(RegressionTest0)]
display-name: test0490
]]></system-out>
</testcase>
<testcase name="test0033" classname="RegressionTest0" time="0">
<system-out><![CDATA[
unique-id: [engine:junit-vintage]/[runner:RegressionTest]/[test:RegressionTest0]/[test:test0033(RegressionTest0)]
display-name: test0033
]]></system-out>
</testcase>
<testcase name="test0236" classname="RegressionTest0" time="0">
<system-out><![CDATA[
unique-id: [engine:junit-vintage]/[runner:RegressionTest]/[test:RegressionTest0]/[test:test0236(RegressionTest0)]
display-name: test0236
]]></system-out>
</testcase>
<testcase name="test1905" classname="RegressionTest3" time="0">
<system-out><![CDATA[
unique-id: [engine:junit-vintage]/[runner:RegressionTest]/[test:RegressionTest3]/[test:test1905(RegressionTest3)]
display-name: test1905
]]></system-out>
</testcase>
<testcase name="test2348" classname="RegressionTest4" time="0">
<system-out><![CDATA[
unique-id: [engine:junit-vintage]/[runner:RegressionTest]/[test:RegressionTest4]/[test:test2348(RegressionTest4)]
display-name: test2348
]]></system-out>
</testcase>
<testcase name="test2027" classname="RegressionTest4" time="0">
<system-out><![CDATA[
unique-id: [engine:junit-vintage]/[runner:RegressionTest]/[test:RegressionTest4]/[test:test2027(RegressionTest4)]
display-name: test2027
]]></system-out>
</testcase>
<testcase name="test0141" classname="RegressionTest0" time="0">
<system-out><![CDATA[
unique-id: [engine:junit-vintage]/[runner:RegressionTest]/[test:RegressionTest0]/[test:test0141(RegressionTest0)]
display-name: test0141
]]></system-out>
</testcase>
<testcase name="test0976" classname="RegressionTest1" time="0">
<system-out><![CDATA[
unique-id: [engine:junit-vintage]/[runner:RegressionTest]/[test:RegressionTest1]/[test:test0976(RegressionTest1)]
display-name: test0976
]]></system-out>
</testcase>
<testcase name="test1873" classname="RegressionTest3" time="0">
<system-out><![CDATA[
unique-id: [engine:junit-vintage]/[runner:RegressionTest]/[test:RegressionTest3]/[test:test1873(RegressionTest3)]
display-name: test1873
]]></system-out>
</testcase>
<testcase name="test2110" classname="RegressionTest4" time="0">
<system-out><![CDATA[
unique-id: [engine:junit-vintage]/[runner:RegressionTest]/[test:RegressionTest4]/[test:test2110(RegressionTest4)]
display-name: test2110
]]></system-out>
</testcase>
<testcase name="test2291" classname="RegressionTest4" time="0">
<system-out><![CDATA[
unique-id: [engine:junit-vintage]/[runner:RegressionTest]/[test:RegressionTest4]/[test:test2291(RegressionTest4)]
display-name: test2291
]]></system-out>
</testcase>
<testcase name="test0617" classname="RegressionTest1" time="0">
<system-out><![CDATA[
unique-id: [engine:junit-vintage]/[runner:RegressionTest]/[test:RegressionTest1]/[test:test0617(RegressionTest1)]
display-name: test0617
]]></system-out>
</testcase>
<testcase name="test1765" classname="RegressionTest3" time="0">
<system-out><![CDATA[
unique-id: [engine:junit-vintage]/[runner:RegressionTest]/[test:RegressionTest3]/[test:test1765(RegressionTest3)]
display-name: test1765
]]></system-out>
</testcase>
<testcase name="test0798" classname="RegressionTest1" time="0">
<system-out><![CDATA[
unique-id: [engine:junit-vintage]/[runner:RegressionTest]/[test:RegressionTest1]/[test:test0798(RegressionTest1)]
display-name: test0798
]]></system-out>
</testcase>
<testcase name="test2361" classname="RegressionTest4" time="0">
<system-out><![CDATA[
unique-id: [engine:junit-vintage]/[runner:RegressionTest]/[test:RegressionTest4]/[test:test2361(RegressionTest4)]
display-name: test2361
]]></system-out>
</testcase>
<testcase name="test0166" classname="RegressionTest0" time="0">
<system-out><![CDATA[
unique-id: [engine:junit-vintage]/[runner:RegressionTest]/[test:RegressionTest0]/[test:test0166(RegressionTest0)]
display-name: test0166
]]></system-out>
</testcase>
<testcase name="test0404" classname="RegressionTest0" time="0">
<system-out><![CDATA[
unique-id: [engine:junit-vintage]/[runner:RegressionTest]/[test:RegressionTest0]/[test:test0404(RegressionTest0)]
display-name: test0404
]]></system-out>
</testcase>
<testcase name="test1740" classname="RegressionTest3" time="0">
<system-out><![CDATA[
unique-id: [engine:junit-vintage]/[runner:RegressionTest]/[test:RegressionTest3]/[test:test1740(RegressionTest3)]
display-name: test1740
]]></system-out>
</testcase>
<testcase name="test0201" classname="RegressionTest0" time="0">
<system-out><![CDATA[
unique-id: [engine:junit-vintage]/[runner:RegressionTest]/[test:RegressionTest0]/[test:test0201(RegressionTest0)]
display-name: test0201
]]></system-out>
</testcase>
<testcase name="test0547" classname="RegressionTest1" time="0">
<system-out><![CDATA[
unique-id: [engine:junit-vintage]/[runner:RegressionTest]/[test:RegressionTest1]/[test:test0547(RegressionTest1)]
display-name: test0547
]]></system-out>
</testcase>
<testcase name="test1549" classname="RegressionTest3" time="0">
<system-out><![CDATA[
unique-id: [engine:junit-vintage]/[runner:RegressionTest]/[test:RegressionTest3]/[test:test1549(RegressionTest3)]
display-name: test1549
]]></system-out>
</testcase>
<testcase name="test0369" classname="RegressionTest0" time="0">
<system-out><![CDATA[
unique-id: [engine:junit-vintage]/[runner:RegressionTest]/[test:RegressionTest0]/[test:test0369(RegressionTest0)]
display-name: test0369
]]></system-out>
</testcase>
<testcase name="test1384" classname="RegressionTest2" time="0.001">
<system-out><![CDATA[
unique-id: [engine:junit-vintage]/[runner:RegressionTest]/[test:RegressionTest2]/[test:test1384(RegressionTest2)]
display-name: test1384
]]></system-out>
</testcase>
<testcase name="test2408" classname="RegressionTest4" time="0">
<system-out><![CDATA[
unique-id: [engine:junit-vintage]/[runner:RegressionTest]/[test:RegressionTest4]/[test:test2408(RegressionTest4)]
display-name: test2408
]]></system-out>
</testcase>
<testcase name="test0382" classname="RegressionTest0" time="0">
<system-out><![CDATA[
unique-id: [engine:junit-vintage]/[runner:RegressionTest]/[test:RegressionTest0]/[test:test0382(RegressionTest0)]
display-name: test0382
]]></system-out>
</testcase>
<testcase name="test0522" classname="RegressionTest1" time="0">
<system-out><![CDATA[
unique-id: [engine:junit-vintage]/[runner:RegressionTest]/[test:RegressionTest1]/[test:test0522(RegressionTest1)]
display-name: test0522
]]></system-out>
</testcase>
<testcase name="test1406" classname="RegressionTest2" time="0">
<system-out><![CDATA[
unique-id: [engine:junit-vintage]/[runner:RegressionTest]/[test:RegressionTest2]/[test:test1406(RegressionTest2)]
display-name: test1406
]]></system-out>
</testcase>
<testcase name="test0439" classname="RegressionTest0" time="0">
<system-out><![CDATA[
unique-id: [engine:junit-vintage]/[runner:RegressionTest]/[test:RegressionTest0]/[test:test0439(RegressionTest0)]
display-name: test0439
]]></system-out>
</testcase>
<testcase name="test0452" classname="RegressionTest0" time="0">
<system-out><![CDATA[
unique-id: [engine:junit-vintage]/[runner:RegressionTest]/[test:RegressionTest0]/[test:test0452(RegressionTest0)]
display-name: test0452
]]></system-out>
</testcase>
<testcase name="test0595" classname="RegressionTest1" time="0">
<system-out><![CDATA[
unique-id: [engine:junit-vintage]/[runner:RegressionTest]/[test:RegressionTest1]/[test:test0595(RegressionTest1)]
display-name: test0595
]]></system-out>
</testcase>
<testcase name="test1619" classname="RegressionTest3" time="0">
<system-out><![CDATA[
unique-id: [engine:junit-vintage]/[runner:RegressionTest]/[test:RegressionTest3]/[test:test1619(RegressionTest3)]
display-name: test1619
]]></system-out>
</testcase>
<testcase name="test1311" classname="RegressionTest2" time="0">
<system-out><![CDATA[
unique-id: [engine:junit-vintage]/[runner:RegressionTest]/[test:RegressionTest2]/[test:test1311(RegressionTest2)]
display-name: test1311
]]></system-out>
</testcase>
<testcase name="test2421" classname="RegressionTest4" time="0">
<system-out><![CDATA[
unique-id: [engine:junit-vintage]/[runner:RegressionTest]/[test:RegressionTest4]/[test:test2421(RegressionTest4)]
display-name: test2421
]]></system-out>
</testcase>
<testcase name="test0928" classname="RegressionTest1" time="0">
<system-out><![CDATA[
unique-id: [engine:junit-vintage]/[runner:RegressionTest]/[test:RegressionTest1]/[test:test0928(RegressionTest1)]
display-name: test0928
]]></system-out>
</testcase>
<testcase name="test2386" classname="RegressionTest4" time="0">
<system-out><![CDATA[
unique-id: [engine:junit-vintage]/[runner:RegressionTest]/[test:RegressionTest4]/[test:test2386(RegressionTest4)]
display-name: test2386
]]></system-out>
</testcase>
<testcase name="test1203" classname="RegressionTest2" time="0">
<system-out><![CDATA[
unique-id: [engine:junit-vintage]/[runner:RegressionTest]/[test:RegressionTest2]/[test:test1203(RegressionTest2)]
display-name: test1203
]]></system-out>
</testcase>
<testcase name="test2313" classname="RegressionTest4" time="0">
<system-out><![CDATA[
unique-id: [engine:junit-vintage]/[runner:RegressionTest]/[test:RegressionTest4]/[test:test2313(RegressionTest4)]
display-name: test2313
]]></system-out>
</testcase>
<testcase name="test0071" classname="RegressionTest0" time="0">
<system-out><![CDATA[
unique-id: [engine:junit-vintage]/[runner:RegressionTest]/[test:RegressionTest0]/[test:test0071(RegressionTest0)]
display-name: test0071
]]></system-out>
</testcase>
<testcase name="test1073" classname="RegressionTest2" time="0">
<system-out><![CDATA[
unique-id: [engine:junit-vintage]/[runner:RegressionTest]/[test:RegressionTest2]/[test:test1073(RegressionTest2)]
display-name: test1073
]]></system-out>
</testcase>
<testcase name="test2075" classname="RegressionTest4" time="0">
<system-out><![CDATA[
unique-id: [engine:junit-vintage]/[runner:RegressionTest]/[test:RegressionTest4]/[test:test2075(RegressionTest4)]
display-name: test2075
]]></system-out>
</testcase>
<testcase name="test1835" classname="RegressionTest3" time="0">
<system-out><![CDATA[
unique-id: [engine:junit-vintage]/[runner:RegressionTest]/[test:RegressionTest3]/[test:test1835(RegressionTest3)]
display-name: test1835
]]></system-out>
</testcase>
<testcase name="test1168" classname="RegressionTest2" time="0">
<system-out><![CDATA[
unique-id: [engine:junit-vintage]/[runner:RegressionTest]/[test:RegressionTest2]/[test:test1168(RegressionTest2)]
display-name: test1168
]]></system-out>
</testcase>
<testcase name="test2278" classname="RegressionTest4" time="0">
<system-out><![CDATA[
unique-id: [engine:junit-vintage]/[runner:RegressionTest]/[test:RegressionTest4]/[test:test2278(RegressionTest4)]
display-name: test2278
]]></system-out>
</testcase>
<testcase name="test0941" classname="RegressionTest1" time="0">
<system-out><![CDATA[
unique-id: [engine:junit-vintage]/[runner:RegressionTest]/[test:RegressionTest1]/[test:test0941(RegressionTest1)]
display-name: test0941
]]></system-out>
</testcase>
<testcase name="test1181" classname="RegressionTest2" time="0">
<system-out><![CDATA[
unique-id: [engine:junit-vintage]/[runner:RegressionTest]/[test:RegressionTest2]/[test:test1181(RegressionTest2)]
display-name: test1181
]]></system-out>
</testcase>
<testcase name="test0833" classname="RegressionTest1" time="0">
<system-out><![CDATA[
unique-id: [engine:junit-vintage]/[runner:RegressionTest]/[test:RegressionTest1]/[test:test0833(RegressionTest1)]
display-name: test0833
]]></system-out>
</testcase>
<testcase name="test2205" classname="RegressionTest4" time="0">
<system-out><![CDATA[
unique-id: [engine:junit-vintage]/[runner:RegressionTest]/[test:RegressionTest4]/[test:test2205(RegressionTest4)]
display-name: test2205
]]></system-out>
</testcase>
<testcase name="test2183" classname="RegressionTest4" time="0">
<system-out><![CDATA[
unique-id: [engine:junit-vintage]/[runner:RegressionTest]/[test:RegressionTest4]/[test:test2183(RegressionTest4)]
display-name: test2183
]]></system-out>
</testcase>
<testcase name="test1943" classname="RegressionTest3" time="0">
<system-out><![CDATA[
unique-id: [engine:junit-vintage]/[runner:RegressionTest]/[test:RegressionTest3]/[test:test1943(RegressionTest3)]
display-name: test1943
]]></system-out>
</testcase>
<system-out><![CDATA[
unique-id: [engine:junit-vintage]
display-name: JUnit Vintage
]]></system-out>
</testsuite>
